2026-02-01T20:05:34.772914Z  INFO tailwindcss_oxide::scanner: Provided sources:
2026-02-01T20:05:34.772971Z  INFO tailwindcss_oxide::scanner: Source: PublicSourceEntry { base: "/home/eldho/Documents/Betrora for coach/betrora-coach", pattern: "**/*", negated: false }
2026-02-01T20:05:34.773041Z  INFO tailwindcss_oxide::scanner: Optimized sources:
2026-02-01T20:05:34.773055Z  INFO tailwindcss_oxide::scanner: Source: Auto { base: "/home/eldho/Documents/Betrora for coach/betrora-coach" }
2026-02-01T20:05:34.775586Z  INFO scan_sources: tailwindcss_oxide::scanner: enter
2026-02-01T20:05:34.776319Z  INFO scan_sources: tailwindcss_oxide::scanner: Discovering "/home/eldho/Documents/Betrora for coach/betrora-coach/next.config.ts"
2026-02-01T20:05:34.776426Z  INFO scan_sources: tailwindcss_oxide::scanner: Discovering "/home/eldho/Documents/Betrora for coach/betrora-coach/src"
2026-02-01T20:05:34.776495Z  INFO scan_sources: tailwindcss_oxide::scanner: Discovering "/home/eldho/Documents/Betrora for coach/betrora-coach/src/middleware.ts"
2026-02-01T20:05:34.776541Z  INFO scan_sources: tailwindcss_oxide::scanner: Discovering "/home/eldho/Documents/Betrora for coach/betrora-coach/src/lib"
2026-02-01T20:05:34.776603Z  INFO scan_sources: tailwindcss_oxide::scanner: Discovering "/home/eldho/Documents/Betrora for coach/betrora-coach/src/lib/types.ts"
2026-02-01T20:05:34.776636Z  INFO scan_sources: tailwindcss_oxide::scanner: Discovering "/home/eldho/Documents/Betrora for coach/betrora-coach/src/lib/fetchPendingFeedback.ts"
2026-02-01T20:05:34.776666Z  INFO scan_sources: tailwindcss_oxide::scanner: Discovering "/home/eldho/Documents/Betrora for coach/betrora-coach/src/lib/debugLogger.ts"
2026-02-01T20:05:34.776692Z  INFO scan_sources: tailwindcss_oxide::scanner: Discovering "/home/eldho/Documents/Betrora for coach/betrora-coach/src/lib/fetchGuidanceTasks.ts"
2026-02-01T20:05:34.776717Z  INFO scan_sources: tailwindcss_oxide::scanner: Discovering "/home/eldho/Documents/Betrora for coach/betrora-coach/src/lib/supabaseClient.ts"
2026-02-01T20:05:34.776761Z  INFO scan_sources: tailwindcss_oxide::scanner: Discovering "/home/eldho/Documents/Betrora for coach/betrora-coach/src/hooks"
2026-02-01T20:05:34.776829Z  INFO scan_sources: tailwindcss_oxide::scanner: Discovering "/home/eldho/Documents/Betrora for coach/betrora-coach/src/hooks/usePendingMessages.ts"
2026-02-01T20:05:34.776861Z  INFO scan_sources: tailwindcss_oxide::scanner: Discovering "/home/eldho/Documents/Betrora for coach/betrora-coach/src/hooks/useImpersonation.ts"
2026-02-01T20:05:34.776889Z  INFO scan_sources: tailwindcss_oxide::scanner: Discovering "/home/eldho/Documents/Betrora for coach/betrora-coach/src/hooks/useSupabaseAuth.ts"
2026-02-01T20:05:34.776933Z  INFO scan_sources: tailwindcss_oxide::scanner: Discovering "/home/eldho/Documents/Betrora for coach/betrora-coach/src/app"
2026-02-01T20:05:34.777000Z  INFO scan_sources: tailwindcss_oxide::scanner: Discovering "/home/eldho/Documents/Betrora for coach/betrora-coach/src/app/availability"
2026-02-01T20:05:34.777060Z  INFO scan_sources: tailwindcss_oxide::scanner: Discovering "/home/eldho/Documents/Betrora for coach/betrora-coach/src/app/availability/page.tsx"
2026-02-01T20:05:34.777117Z  INFO scan_sources: tailwindcss_oxide::scanner: Discovering "/home/eldho/Documents/Betrora for coach/betrora-coach/src/app/availability/components"
2026-02-01T20:05:34.777179Z  INFO scan_sources: tailwindcss_oxide::scanner: Discovering "/home/eldho/Documents/Betrora for coach/betrora-coach/src/app/availability/components/AvailabilityEditor.tsx"
2026-02-01T20:05:34.777230Z  INFO scan_sources: tailwindcss_oxide::scanner: Discovering "/home/eldho/Documents/Betrora for coach/betrora-coach/src/app/sessions"
2026-02-01T20:05:34.777288Z  INFO scan_sources: tailwindcss_oxide::scanner: Discovering "/home/eldho/Documents/Betrora for coach/betrora-coach/src/app/sessions/page.tsx"
2026-02-01T20:05:34.777330Z  INFO scan_sources: tailwindcss_oxide::scanner: Discovering "/home/eldho/Documents/Betrora for coach/betrora-coach/src/app/sessions/components"
2026-02-01T20:05:34.777388Z  INFO scan_sources: tailwindcss_oxide::scanner: Discovering "/home/eldho/Documents/Betrora for coach/betrora-coach/src/app/sessions/components/MeetingLinkForm.tsx"
2026-02-01T20:05:34.777436Z  INFO scan_sources: tailwindcss_oxide::scanner: Discovering "/home/eldho/Documents/Betrora for coach/betrora-coach/src/app/sessions/components/SessionList.tsx"
2026-02-01T20:05:34.777483Z  INFO scan_sources: tailwindcss_oxide::scanner: Discovering "/home/eldho/Documents/Betrora for coach/betrora-coach/src/app/sessions/live"
2026-02-01T20:05:34.777541Z  INFO scan_sources: tailwindcss_oxide::scanner: Discovering "/home/eldho/Documents/Betrora for coach/betrora-coach/src/app/sessions/live/page.tsx"
2026-02-01T20:05:34.777582Z  INFO scan_sources: tailwindcss_oxide::scanner: Discovering "/home/eldho/Documents/Betrora for coach/betrora-coach/src/app/page.tsx"
2026-02-01T20:05:34.777612Z  INFO scan_sources: tailwindcss_oxide::scanner: Discovering "/home/eldho/Documents/Betrora for coach/betrora-coach/src/app/layout.tsx"
2026-02-01T20:05:34.777656Z  INFO scan_sources: tailwindcss_oxide::scanner: Discovering "/home/eldho/Documents/Betrora for coach/betrora-coach/src/app/clients"
2026-02-01T20:05:34.777718Z  INFO scan_sources: tailwindcss_oxide::scanner: Discovering "/home/eldho/Documents/Betrora for coach/betrora-coach/src/app/clients/[userId]"
2026-02-01T20:05:34.777773Z  INFO scan_sources: tailwindcss_oxide::scanner: Discovering "/home/eldho/Documents/Betrora for coach/betrora-coach/src/app/clients/[userId]/page.tsx"
2026-02-01T20:05:34.777812Z  INFO scan_sources: tailwindcss_oxide::scanner: Discovering "/home/eldho/Documents/Betrora for coach/betrora-coach/src/app/clients/page.tsx"
2026-02-01T20:05:34.777864Z  INFO scan_sources: tailwindcss_oxide::scanner: Discovering "/home/eldho/Documents/Betrora for coach/betrora-coach/src/app/reset-password"
2026-02-01T20:05:34.777923Z  INFO scan_sources: tailwindcss_oxide::scanner: Discovering "/home/eldho/Documents/Betrora for coach/betrora-coach/src/app/reset-password/page.tsx"
2026-02-01T20:05:34.777952Z  INFO scan_sources: tailwindcss_oxide::scanner: Discovering "/home/eldho/Documents/Betrora for coach/betrora-coach/src/app/reset-password/ResetPasswordClient.tsx"
2026-02-01T20:05:34.777994Z  INFO scan_sources: tailwindcss_oxide::scanner: Discovering "/home/eldho/Documents/Betrora for coach/betrora-coach/src/app/profile"
2026-02-01T20:05:34.778048Z  INFO scan_sources: tailwindcss_oxide::scanner: Discovering "/home/eldho/Documents/Betrora for coach/betrora-coach/src/app/profile/page.tsx"
2026-02-01T20:05:34.778094Z  INFO scan_sources: tailwindcss_oxide::scanner: Discovering "/home/eldho/Documents/Betrora for coach/betrora-coach/src/app/dashboard"
2026-02-01T20:05:34.778149Z  INFO scan_sources: tailwindcss_oxide::scanner: Discovering "/home/eldho/Documents/Betrora for coach/betrora-coach/src/app/dashboard/page.tsx"
2026-02-01T20:05:34.778194Z  INFO scan_sources: tailwindcss_oxide::scanner: Discovering "/home/eldho/Documents/Betrora for coach/betrora-coach/src/app/login"
2026-02-01T20:05:34.778245Z  INFO scan_sources: tailwindcss_oxide::scanner: Discovering "/home/eldho/Documents/Betrora for coach/betrora-coach/src/app/login/page.tsx"
2026-02-01T20:05:34.778290Z  INFO scan_sources: tailwindcss_oxide::scanner: Discovering "/home/eldho/Documents/Betrora for coach/betrora-coach/src/app/globals.css"
2026-02-01T20:05:34.778326Z  INFO scan_sources: tailwindcss_oxide::scanner: Discovering "/home/eldho/Documents/Betrora for coach/betrora-coach/src/app/inbox"
2026-02-01T20:05:34.778376Z  INFO scan_sources: tailwindcss_oxide::scanner: Discovering "/home/eldho/Documents/Betrora for coach/betrora-coach/src/app/inbox/page.tsx"
2026-02-01T20:05:34.778423Z  INFO scan_sources: tailwindcss_oxide::scanner: Discovering "/home/eldho/Documents/Betrora for coach/betrora-coach/src/app/room"
2026-02-01T20:05:34.778488Z  INFO scan_sources: tailwindcss_oxide::scanner: Discovering "/home/eldho/Documents/Betrora for coach/betrora-coach/src/app/room/[sessionId]"
2026-02-01T20:05:34.778543Z  INFO scan_sources: tailwindcss_oxide::scanner: Discovering "/home/eldho/Documents/Betrora for coach/betrora-coach/src/app/room/[sessionId]/page.tsx"
2026-02-01T20:05:34.778594Z  INFO scan_sources: tailwindcss_oxide::scanner: Discovering "/home/eldho/Documents/Betrora for coach/betrora-coach/src/app/room/[sessionId]/hooks"
2026-02-01T20:05:34.778657Z  INFO scan_sources: tailwindcss_oxide::scanner: Discovering "/home/eldho/Documents/Betrora for coach/betrora-coach/src/app/room/[sessionId]/hooks/useWebRTC.ts"
2026-02-01T20:05:34.778706Z  INFO scan_sources: tailwindcss_oxide::scanner: Discovering "/home/eldho/Documents/Betrora for coach/betrora-coach/src/app/room/[sessionId]/components"
2026-02-01T20:05:34.778763Z  INFO scan_sources: tailwindcss_oxide::scanner: Discovering "/home/eldho/Documents/Betrora for coach/betrora-coach/src/app/room/[sessionId]/components/ChatPanel.tsx"
2026-02-01T20:05:34.778794Z  INFO scan_sources: tailwindcss_oxide::scanner: Discovering "/home/eldho/Documents/Betrora for coach/betrora-coach/src/app/room/[sessionId]/components/Sidebar.tsx"
2026-02-01T20:05:34.778825Z  INFO scan_sources: tailwindcss_oxide::scanner: Discovering "/home/eldho/Documents/Betrora for coach/betrora-coach/src/app/room/[sessionId]/components/TasksPanel.tsx"
2026-02-01T20:05:34.778852Z  INFO scan_sources: tailwindcss_oxide::scanner: Discovering "/home/eldho/Documents/Betrora for coach/betrora-coach/src/app/room/[sessionId]/components/RoomLayout.tsx"
2026-02-01T20:05:34.778879Z  INFO scan_sources: tailwindcss_oxide::scanner: Discovering "/home/eldho/Documents/Betrora for coach/betrora-coach/src/app/room/[sessionId]/components/VideoArea.tsx"
2026-02-01T20:05:34.778935Z  INFO scan_sources: tailwindcss_oxide::scanner: Discovering "/home/eldho/Documents/Betrora for coach/betrora-coach/src/app/api"
2026-02-01T20:05:34.779004Z  INFO scan_sources: tailwindcss_oxide::scanner: Discovering "/home/eldho/Documents/Betrora for coach/betrora-coach/src/app/api/ice-servers"
2026-02-01T20:05:34.779059Z  INFO scan_sources: tailwindcss_oxide::scanner: Discovering "/home/eldho/Documents/Betrora for coach/betrora-coach/src/app/api/ice-servers/route.ts"
2026-02-01T20:05:34.779118Z  INFO scan_sources: tailwindcss_oxide::scanner: Discovering "/home/eldho/Documents/Betrora for coach/betrora-coach/src/app/api/coach-sessions"
2026-02-01T20:05:34.779173Z  INFO scan_sources: tailwindcss_oxide::scanner: Discovering "/home/eldho/Documents/Betrora for coach/betrora-coach/src/app/api/coach-sessions/route.ts"
2026-02-01T20:05:34.779212Z  INFO scan_sources: tailwindcss_oxide::scanner: Discovering "/home/eldho/Documents/Betrora for coach/betrora-coach/src/app/api/coach-availability"
2026-02-01T20:05:34.779265Z  INFO scan_sources: tailwindcss_oxide::scanner: Discovering "/home/eldho/Documents/Betrora for coach/betrora-coach/src/app/api/coach-availability/route.ts"
2026-02-01T20:05:34.779306Z  INFO scan_sources: tailwindcss_oxide::scanner: Discovering "/home/eldho/Documents/Betrora for coach/betrora-coach/src/app/api/coach-notes"
2026-02-01T20:05:34.779359Z  INFO scan_sources: tailwindcss_oxide::scanner: Discovering "/home/eldho/Documents/Betrora for coach/betrora-coach/src/app/api/coach-notes/route.ts"
2026-02-01T20:05:34.779407Z  INFO scan_sources: tailwindcss_oxide::scanner: Discovering "/home/eldho/Documents/Betrora for coach/betrora-coach/src/app/api/send-feedback-message"
2026-02-01T20:05:34.779463Z  INFO scan_sources: tailwindcss_oxide::scanner: Discovering "/home/eldho/Documents/Betrora for coach/betrora-coach/src/app/api/send-feedback-message/route.ts"
2026-02-01T20:05:34.779521Z  INFO scan_sources: tailwindcss_oxide::scanner: Discovering "/home/eldho/Documents/Betrora for coach/betrora-coach/src/components"
2026-02-01T20:05:34.779581Z  INFO scan_sources: tailwindcss_oxide::scanner: Discovering "/home/eldho/Documents/Betrora for coach/betrora-coach/src/components/Toast.tsx"
2026-02-01T20:05:34.779608Z  INFO scan_sources: tailwindcss_oxide::scanner: Discovering "/home/eldho/Documents/Betrora for coach/betrora-coach/src/components/MessageDetail.tsx"
2026-02-01T20:05:34.779635Z  INFO scan_sources: tailwindcss_oxide::scanner: Discovering "/home/eldho/Documents/Betrora for coach/betrora-coach/src/components/CinematicShell.tsx"
2026-02-01T20:05:34.779675Z  INFO scan_sources: tailwindcss_oxide::scanner: Discovering "/home/eldho/Documents/Betrora for coach/betrora-coach/src/components/PendingSessionApprovalNotification.tsx"
2026-02-01T20:05:34.779703Z  INFO scan_sources: tailwindcss_oxide::scanner: Discovering "/home/eldho/Documents/Betrora for coach/betrora-coach/src/components/GuidanceTasksSection.tsx"
2026-02-01T20:05:34.779728Z  INFO scan_sources: tailwindcss_oxide::scanner: Discovering "/home/eldho/Documents/Betrora for coach/betrora-coach/src/components/CoachProfileForm.tsx"
2026-02-01T20:05:34.779755Z  INFO scan_sources: tailwindcss_oxide::scanner: Discovering "/home/eldho/Documents/Betrora for coach/betrora-coach/src/components/GuidanceTaskCreate.tsx"
2026-02-01T20:05:34.779787Z  INFO scan_sources: tailwindcss_oxide::scanner: Discovering "/home/eldho/Documents/Betrora for coach/betrora-coach/src/components/GuidanceTaskEdit.tsx"
2026-02-01T20:05:34.779817Z  INFO scan_sources: tailwindcss_oxide::scanner: Discovering "/home/eldho/Documents/Betrora for coach/betrora-coach/src/components/ActiveClientsModal.tsx"
2026-02-01T20:05:34.779842Z  INFO scan_sources: tailwindcss_oxide::scanner: Discovering "/home/eldho/Documents/Betrora for coach/betrora-coach/src/components/CoachNotesPanel.tsx"
2026-02-01T20:05:34.779866Z  INFO scan_sources: tailwindcss_oxide::scanner: Discovering "/home/eldho/Documents/Betrora for coach/betrora-coach/src/components/MoodHeatmap.tsx"
2026-02-01T20:05:34.779891Z  INFO scan_sources: tailwindcss_oxide::scanner: Discovering "/home/eldho/Documents/Betrora for coach/betrora-coach/src/components/StatCard.tsx"
2026-02-01T20:05:34.779920Z  INFO scan_sources: tailwindcss_oxide::scanner: Discovering "/home/eldho/Documents/Betrora for coach/betrora-coach/src/components/MessageList.tsx"
2026-02-01T20:05:34.779945Z  INFO scan_sources: tailwindcss_oxide::scanner: Discovering "/home/eldho/Documents/Betrora for coach/betrora-coach/src/components/PendingFeedbackNotification.tsx"
2026-02-01T20:05:34.779972Z  INFO scan_sources: tailwindcss_oxide::scanner: Discovering "/home/eldho/Documents/Betrora for coach/betrora-coach/src/components/Timeline.tsx"
2026-02-01T20:05:34.779997Z  INFO scan_sources: tailwindcss_oxide::scanner: Discovering "/home/eldho/Documents/Betrora for coach/betrora-coach/src/components/ImpersonationBanner.tsx"
2026-02-01T20:05:34.780058Z  INFO scan_sources: tailwindcss_oxide::scanner: Discovering "/home/eldho/Documents/Betrora for coach/betrora-coach/postcss.config.mjs"
2026-02-01T20:05:34.781229Z  INFO scan_sources: tailwindcss_oxide::scanner: Discovering "/home/eldho/Documents/Betrora for coach/betrora-coach/tsconfig.json"
2026-02-01T20:05:34.781341Z  INFO scan_sources: tailwindcss_oxide::scanner: Discovering "/home/eldho/Documents/Betrora for coach/betrora-coach/WEBRTC_README.md"
2026-02-01T20:05:34.781408Z  INFO scan_sources: tailwindcss_oxide::scanner: Discovering "/home/eldho/Documents/Betrora for coach/betrora-coach/package.json"
2026-02-01T20:05:34.781448Z  INFO scan_sources: tailwindcss_oxide::scanner: Discovering "/home/eldho/Documents/Betrora for coach/betrora-coach/eslint.config.mjs"
2026-02-01T20:05:34.781572Z  INFO scan_sources: tailwindcss_oxide::scanner: Discovering "/home/eldho/Documents/Betrora for coach/betrora-coach/README.md"
2026-02-01T20:05:34.781629Z  INFO scan_sources: tailwindcss_oxide::scanner: Discovering "/home/eldho/Documents/Betrora for coach/betrora-coach/public"
2026-02-01T20:05:34.781713Z  INFO scan_sources: tailwindcss_oxide::scanner: Discovering "/home/eldho/Documents/Betrora for coach/betrora-coach/public/window.svg"
2026-02-01T20:05:34.781753Z  INFO scan_sources: tailwindcss_oxide::scanner: Discovering "/home/eldho/Documents/Betrora for coach/betrora-coach/public/next.svg"
2026-02-01T20:05:34.781786Z  INFO scan_sources: tailwindcss_oxide::scanner: Discovering "/home/eldho/Documents/Betrora for coach/betrora-coach/public/file.svg"
2026-02-01T20:05:34.781826Z  INFO scan_sources: tailwindcss_oxide::scanner: Discovering "/home/eldho/Documents/Betrora for coach/betrora-coach/public/vercel.svg"
2026-02-01T20:05:34.781904Z  INFO scan_sources: tailwindcss_oxide::scanner: Discovering "/home/eldho/Documents/Betrora for coach/betrora-coach/public/globe.svg"
2026-02-01T20:05:34.782151Z  INFO scan_sources: tailwindcss_oxide::scanner: exit
2026-02-01T20:05:34.782176Z  INFO extract_candidates: tailwindcss_oxide::scanner: enter
2026-02-01T20:05:34.782209Z  INFO extract_candidates:read_all_files: tailwindcss_oxide::scanner: enter
2026-02-01T20:05:34.782219Z  INFO extract_candidates:read_all_files: tailwindcss_oxide::scanner: Reading 65 file(s)
2026-02-01T20:05:34.782698Z  INFO tailwindcss_oxide::scanner: Reading "/home/eldho/Documents/Betrora for coach/betrora-coach/src/app/room/[sessionId]/components/VideoArea.tsx"
2026-02-01T20:05:34.782747Z  INFO tailwindcss_oxide::scanner: Reading "/home/eldho/Documents/Betrora for coach/betrora-coach/src/components/MoodHeatmap.tsx"
2026-02-01T20:05:34.782780Z  INFO tailwindcss_oxide::scanner: Reading "/home/eldho/Documents/Betrora for coach/betrora-coach/src/app/api/ice-servers/route.ts"
2026-02-01T20:05:34.782793Z  INFO tailwindcss_oxide::scanner: Reading "/home/eldho/Documents/Betrora for coach/betrora-coach/src/components/StatCard.tsx"
2026-02-01T20:05:34.782817Z  INFO tailwindcss_oxide::scanner: Reading "/home/eldho/Documents/Betrora for coach/betrora-coach/src/app/api/coach-sessions/route.ts"
2026-02-01T20:05:34.782829Z  INFO tailwindcss_oxide::scanner: Reading "/home/eldho/Documents/Betrora for coach/betrora-coach/src/components/MessageList.tsx"
2026-02-01T20:05:34.782854Z  INFO tailwindcss_oxide::scanner: Reading "/home/eldho/Documents/Betrora for coach/betrora-coach/src/app/api/coach-availability/route.ts"
2026-02-01T20:05:34.782874Z  INFO tailwindcss_oxide::scanner: Reading "/home/eldho/Documents/Betrora for coach/betrora-coach/src/components/PendingFeedbackNotification.tsx"
2026-02-01T20:05:34.782888Z  INFO tailwindcss_oxide::scanner: Reading "/home/eldho/Documents/Betrora for coach/betrora-coach/src/app/api/coach-notes/route.ts"
2026-02-01T20:05:34.782914Z  INFO tailwindcss_oxide::scanner: Reading "/home/eldho/Documents/Betrora for coach/betrora-coach/src/components/Timeline.tsx"
2026-02-01T20:05:34.782920Z  INFO tailwindcss_oxide::scanner: Reading "/home/eldho/Documents/Betrora for coach/betrora-coach/src/app/api/send-feedback-message/route.ts"
2026-02-01T20:05:34.782943Z  INFO tailwindcss_oxide::scanner: Reading "/home/eldho/Documents/Betrora for coach/betrora-coach/src/components/ImpersonationBanner.tsx"
2026-02-01T20:05:34.782953Z  INFO tailwindcss_oxide::scanner: Reading "/home/eldho/Documents/Betrora for coach/betrora-coach/src/components/Toast.tsx"
2026-02-01T20:05:34.782972Z  INFO tailwindcss_oxide::scanner: Reading "/home/eldho/Documents/Betrora for coach/betrora-coach/postcss.config.mjs"
2026-02-01T20:05:34.782986Z  INFO tailwindcss_oxide::scanner: Reading "/home/eldho/Documents/Betrora for coach/betrora-coach/src/components/MessageDetail.tsx"
2026-02-01T20:05:34.782998Z  INFO tailwindcss_oxide::scanner: Reading "/home/eldho/Documents/Betrora for coach/betrora-coach/tsconfig.json"
2026-02-01T20:05:34.783022Z  INFO tailwindcss_oxide::scanner: Reading "/home/eldho/Documents/Betrora for coach/betrora-coach/src/components/CinematicShell.tsx"
2026-02-01T20:05:34.783055Z  INFO tailwindcss_oxide::scanner: Reading "/home/eldho/Documents/Betrora for coach/betrora-coach/src/components/PendingSessionApprovalNotification.tsx"
2026-02-01T20:05:34.783231Z  INFO tailwindcss_oxide::scanner: Reading "/home/eldho/Documents/Betrora for coach/betrora-coach/src/components/GuidanceTasksSection.tsx"
2026-02-01T20:05:34.783233Z  INFO tailwindcss_oxide::scanner: Reading "/home/eldho/Documents/Betrora for coach/betrora-coach/WEBRTC_README.md"
2026-02-01T20:05:34.783262Z  INFO tailwindcss_oxide::scanner: Reading "/home/eldho/Documents/Betrora for coach/betrora-coach/public/window.svg"
2026-02-01T20:05:34.783303Z  INFO tailwindcss_oxide::scanner: Reading "/home/eldho/Documents/Betrora for coach/betrora-coach/src/components/CoachProfileForm.tsx"
2026-02-01T20:05:34.783333Z  INFO tailwindcss_oxide::scanner: Reading "/home/eldho/Documents/Betrora for coach/betrora-coach/package.json"
2026-02-01T20:05:34.783341Z  INFO tailwindcss_oxide::scanner: Reading "/home/eldho/Documents/Betrora for coach/betrora-coach/src/components/GuidanceTaskCreate.tsx"
2026-02-01T20:05:34.783370Z  INFO tailwindcss_oxide::scanner: Reading "/home/eldho/Documents/Betrora for coach/betrora-coach/src/components/GuidanceTaskEdit.tsx"
2026-02-01T20:05:34.783396Z  INFO tailwindcss_oxide::scanner: Reading "/home/eldho/Documents/Betrora for coach/betrora-coach/src/components/ActiveClientsModal.tsx"
2026-02-01T20:05:34.783423Z  INFO tailwindcss_oxide::scanner: Reading "/home/eldho/Documents/Betrora for coach/betrora-coach/src/components/CoachNotesPanel.tsx"
2026-02-01T20:05:34.783463Z  INFO tailwindcss_oxide::scanner: Reading "/home/eldho/Documents/Betrora for coach/betrora-coach/src/app/page.tsx"
2026-02-01T20:05:34.783474Z  INFO tailwindcss_oxide::scanner: Reading "/home/eldho/Documents/Betrora for coach/betrora-coach/eslint.config.mjs"
2026-02-01T20:05:34.783488Z  INFO tailwindcss_oxide::scanner: Reading "/home/eldho/Documents/Betrora for coach/betrora-coach/src/app/layout.tsx"
2026-02-01T20:05:34.783518Z  INFO tailwindcss_oxide::scanner: Reading "/home/eldho/Documents/Betrora for coach/betrora-coach/src/app/clients/[userId]/page.tsx"
2026-02-01T20:05:34.783583Z  INFO tailwindcss_oxide::scanner: Reading "/home/eldho/Documents/Betrora for coach/betrora-coach/src/app/clients/page.tsx"
2026-02-01T20:05:34.783621Z  INFO tailwindcss_oxide::scanner: Reading "/home/eldho/Documents/Betrora for coach/betrora-coach/README.md"
2026-02-01T20:05:34.783641Z  INFO tailwindcss_oxide::scanner: Reading "/home/eldho/Documents/Betrora for coach/betrora-coach/src/app/reset-password/page.tsx"
2026-02-01T20:05:34.783668Z  INFO tailwindcss_oxide::scanner: Reading "/home/eldho/Documents/Betrora for coach/betrora-coach/src/app/reset-password/ResetPasswordClient.tsx"
2026-02-01T20:05:34.783694Z  INFO tailwindcss_oxide::scanner: Reading "/home/eldho/Documents/Betrora for coach/betrora-coach/src/app/profile/page.tsx"
2026-02-01T20:05:34.783719Z  INFO tailwindcss_oxide::scanner: Reading "/home/eldho/Documents/Betrora for coach/betrora-coach/src/app/dashboard/page.tsx"
2026-02-01T20:05:34.783757Z  INFO tailwindcss_oxide::scanner: Reading "/home/eldho/Documents/Betrora for coach/betrora-coach/public/file.svg"
2026-02-01T20:05:34.783762Z  INFO tailwindcss_oxide::scanner: Reading "/home/eldho/Documents/Betrora for coach/betrora-coach/src/app/login/page.tsx"
2026-02-01T20:05:34.783830Z  INFO tailwindcss_oxide::scanner: Reading "/home/eldho/Documents/Betrora for coach/betrora-coach/src/app/inbox/page.tsx"
2026-02-01T20:05:34.783877Z  INFO tailwindcss_oxide::scanner: Reading "/home/eldho/Documents/Betrora for coach/betrora-coach/src/app/room/[sessionId]/page.tsx"
2026-02-01T20:05:34.783885Z  INFO tailwindcss_oxide::scanner: Reading "/home/eldho/Documents/Betrora for coach/betrora-coach/public/vercel.svg"
2026-02-01T20:05:34.783951Z  INFO tailwindcss_oxide::scanner: Reading "/home/eldho/Documents/Betrora for coach/betrora-coach/src/app/room/[sessionId]/hooks/useWebRTC.ts"
2026-02-01T20:05:34.784025Z  INFO tailwindcss_oxide::scanner: Reading "/home/eldho/Documents/Betrora for coach/betrora-coach/public/globe.svg"
2026-02-01T20:05:34.784026Z  INFO tailwindcss_oxide::scanner: Reading "/home/eldho/Documents/Betrora for coach/betrora-coach/src/app/room/[sessionId]/components/ChatPanel.tsx"
2026-02-01T20:05:34.784084Z  INFO tailwindcss_oxide::scanner: Reading "/home/eldho/Documents/Betrora for coach/betrora-coach/src/app/room/[sessionId]/components/Sidebar.tsx"
2026-02-01T20:05:34.784082Z  INFO tailwindcss_oxide::scanner: Reading "/home/eldho/Documents/Betrora for coach/betrora-coach/src/app/room/[sessionId]/components/TasksPanel.tsx"
2026-02-01T20:05:34.784118Z  INFO tailwindcss_oxide::scanner: Reading "/home/eldho/Documents/Betrora for coach/betrora-coach/src/hooks/useImpersonation.ts"
2026-02-01T20:05:34.784149Z  INFO tailwindcss_oxide::scanner: Reading "/home/eldho/Documents/Betrora for coach/betrora-coach/src/app/room/[sessionId]/components/RoomLayout.tsx"
2026-02-01T20:05:34.784163Z  INFO tailwindcss_oxide::scanner: Reading "/home/eldho/Documents/Betrora for coach/betrora-coach/src/hooks/useSupabaseAuth.ts"
2026-02-01T20:05:34.784189Z  INFO tailwindcss_oxide::scanner: Reading "/home/eldho/Documents/Betrora for coach/betrora-coach/src/app/availability/page.tsx"
2026-02-01T20:05:34.784206Z  INFO tailwindcss_oxide::scanner: Reading "/home/eldho/Documents/Betrora for coach/betrora-coach/src/app/sessions/page.tsx"
2026-02-01T20:05:34.784215Z  INFO tailwindcss_oxide::scanner: Reading "/home/eldho/Documents/Betrora for coach/betrora-coach/src/app/availability/components/AvailabilityEditor.tsx"
2026-02-01T20:05:34.784239Z  INFO tailwindcss_oxide::scanner: Reading "/home/eldho/Documents/Betrora for coach/betrora-coach/src/app/sessions/components/MeetingLinkForm.tsx"
2026-02-01T20:05:34.784244Z  INFO tailwindcss_oxide::scanner: Reading "/home/eldho/Documents/Betrora for coach/betrora-coach/src/lib/debugLogger.ts"
2026-02-01T20:05:34.784272Z  INFO tailwindcss_oxide::scanner: Reading "/home/eldho/Documents/Betrora for coach/betrora-coach/src/lib/fetchGuidanceTasks.ts"
2026-02-01T20:05:34.784279Z  INFO tailwindcss_oxide::scanner: Reading "/home/eldho/Documents/Betrora for coach/betrora-coach/src/app/sessions/components/SessionList.tsx"
2026-02-01T20:05:34.784296Z  INFO tailwindcss_oxide::scanner: Reading "/home/eldho/Documents/Betrora for coach/betrora-coach/src/lib/supabaseClient.ts"
2026-02-01T20:05:34.784317Z  INFO tailwindcss_oxide::scanner: Reading "/home/eldho/Documents/Betrora for coach/betrora-coach/src/app/sessions/live/page.tsx"
2026-02-01T20:05:34.784320Z  INFO tailwindcss_oxide::scanner: Reading "/home/eldho/Documents/Betrora for coach/betrora-coach/src/hooks/usePendingMessages.ts"
2026-02-01T20:05:34.784350Z  INFO tailwindcss_oxide::scanner: Reading "/home/eldho/Documents/Betrora for coach/betrora-coach/src/lib/types.ts"
2026-02-01T20:05:34.784356Z  INFO tailwindcss_oxide::scanner: Reading "/home/eldho/Documents/Betrora for coach/betrora-coach/src/lib/fetchPendingFeedback.ts"
2026-02-01T20:05:34.785099Z  INFO tailwindcss_oxide::scanner: Reading "/home/eldho/Documents/Betrora for coach/betrora-coach/public/next.svg"
2026-02-01T20:05:34.782697Z  INFO tailwindcss_oxide::scanner: Reading "/home/eldho/Documents/Betrora for coach/betrora-coach/next.config.ts"
2026-02-01T20:05:34.785217Z  INFO tailwindcss_oxide::scanner: Reading "/home/eldho/Documents/Betrora for coach/betrora-coach/src/middleware.ts"
2026-02-01T20:05:34.786123Z  INFO extract_candidates:read_all_files: tailwindcss_oxide::scanner: exit
2026-02-01T20:05:34.786197Z  INFO extract_candidates:parse_all_blobs: tailwindcss_oxide::scanner: enter
2026-02-01T20:05:34.786235Z  INFO extract_candidates:parse_all_blobs:extract: tailwindcss_oxide::scanner: enter
2026-02-01T20:05:34.797024Z  INFO extract_candidates:parse_all_blobs:extract: tailwindcss_oxide::scanner: exit
2026-02-01T20:05:34.797123Z  INFO extract_candidates:parse_all_blobs: tailwindcss_oxide::scanner: exit
2026-02-01T20:05:34.797147Z  INFO extract_candidates:read_all_files: tailwindcss_oxide::scanner: enter
2026-02-01T20:05:34.797160Z  INFO extract_candidates:read_all_files: tailwindcss_oxide::scanner: Reading 1 file(s)
2026-02-01T20:05:34.797221Z  INFO extract_candidates:read_all_files: tailwindcss_oxide::scanner: Reading "/home/eldho/Documents/Betrora for coach/betrora-coach/src/app/globals.css"
2026-02-01T20:05:34.797241Z  INFO extract_candidates:read_all_files: tailwindcss_oxide::scanner: exit
2026-02-01T20:05:34.797265Z  INFO extract_candidates:extract_css_variables: tailwindcss_oxide::scanner: enter
2026-02-01T20:05:34.797280Z  INFO extract_candidates:extract_css_variables:extract: tailwindcss_oxide::scanner: enter
2026-02-01T20:05:34.797771Z  INFO extract_candidates:extract_css_variables:extract: tailwindcss_oxide::scanner: exit
2026-02-01T20:05:34.797830Z  INFO extract_candidates:extract_css_variables: tailwindcss_oxide::scanner: exit
2026-02-01T20:05:34.798547Z  INFO extract_candidates: tailwindcss_oxide::scanner: exit
2026-02-01T20:05:34.800735Z  INFO get_files: tailwindcss_oxide::scanner: enter
2026-02-01T20:05:34.800798Z  INFO get_files:scan_sources: tailwindcss_oxide::scanner: enter
2026-02-01T20:05:34.801797Z  INFO get_files:scan_sources: tailwindcss_oxide::scanner: Discovering "/home/eldho/Documents/Betrora for coach/betrora-coach/src"
2026-02-01T20:05:34.801941Z  INFO get_files:scan_sources: tailwindcss_oxide::scanner: Discovering "/home/eldho/Documents/Betrora for coach/betrora-coach/src/lib"
2026-02-01T20:05:34.802138Z  INFO get_files:scan_sources: tailwindcss_oxide::scanner: Discovering "/home/eldho/Documents/Betrora for coach/betrora-coach/src/hooks"
2026-02-01T20:05:34.802255Z  INFO get_files:scan_sources: tailwindcss_oxide::scanner: Discovering "/home/eldho/Documents/Betrora for coach/betrora-coach/src/app"
2026-02-01T20:05:34.802329Z  INFO get_files:scan_sources: tailwindcss_oxide::scanner: Discovering "/home/eldho/Documents/Betrora for coach/betrora-coach/src/app/availability"
2026-02-01T20:05:34.802416Z  INFO get_files:scan_sources: tailwindcss_oxide::scanner: Discovering "/home/eldho/Documents/Betrora for coach/betrora-coach/src/app/availability/components"
2026-02-01T20:05:34.802504Z  INFO get_files:scan_sources: tailwindcss_oxide::scanner: Discovering "/home/eldho/Documents/Betrora for coach/betrora-coach/src/app/sessions"
2026-02-01T20:05:34.802579Z  INFO get_files:scan_sources: tailwindcss_oxide::scanner: Discovering "/home/eldho/Documents/Betrora for coach/betrora-coach/src/app/sessions/components"
2026-02-01T20:05:34.802682Z  INFO get_files:scan_sources: tailwindcss_oxide::scanner: Discovering "/home/eldho/Documents/Betrora for coach/betrora-coach/src/app/sessions/live"
2026-02-01T20:05:34.802801Z  INFO get_files:scan_sources: tailwindcss_oxide::scanner: Discovering "/home/eldho/Documents/Betrora for coach/betrora-coach/src/app/clients"
2026-02-01T20:05:34.802865Z  INFO get_files:scan_sources: tailwindcss_oxide::scanner: Discovering "/home/eldho/Documents/Betrora for coach/betrora-coach/src/app/clients/[userId]"
2026-02-01T20:05:34.802965Z  INFO get_files:scan_sources: tailwindcss_oxide::scanner: Discovering "/home/eldho/Documents/Betrora for coach/betrora-coach/src/app/reset-password"
2026-02-01T20:05:34.803059Z  INFO get_files:scan_sources: tailwindcss_oxide::scanner: Discovering "/home/eldho/Documents/Betrora for coach/betrora-coach/src/app/profile"
2026-02-01T20:05:34.803150Z  INFO get_files:scan_sources: tailwindcss_oxide::scanner: Discovering "/home/eldho/Documents/Betrora for coach/betrora-coach/src/app/dashboard"
2026-02-01T20:05:34.803229Z  INFO get_files:scan_sources: tailwindcss_oxide::scanner: Discovering "/home/eldho/Documents/Betrora for coach/betrora-coach/src/app/login"
2026-02-01T20:05:34.803323Z  INFO get_files:scan_sources: tailwindcss_oxide::scanner: Discovering "/home/eldho/Documents/Betrora for coach/betrora-coach/src/app/inbox"
2026-02-01T20:05:34.803402Z  INFO get_files:scan_sources: tailwindcss_oxide::scanner: Discovering "/home/eldho/Documents/Betrora for coach/betrora-coach/src/app/room"
2026-02-01T20:05:34.803462Z  INFO get_files:scan_sources: tailwindcss_oxide::scanner: Discovering "/home/eldho/Documents/Betrora for coach/betrora-coach/src/app/room/[sessionId]"
2026-02-01T20:05:34.803546Z  INFO get_files:scan_sources: tailwindcss_oxide::scanner: Discovering "/home/eldho/Documents/Betrora for coach/betrora-coach/src/app/room/[sessionId]/hooks"
2026-02-01T20:05:34.803629Z  INFO get_files:scan_sources: tailwindcss_oxide::scanner: Discovering "/home/eldho/Documents/Betrora for coach/betrora-coach/src/app/room/[sessionId]/components"
2026-02-01T20:05:34.803772Z  INFO get_files:scan_sources: tailwindcss_oxide::scanner: Discovering "/home/eldho/Documents/Betrora for coach/betrora-coach/src/app/api"
2026-02-01T20:05:34.803838Z  INFO get_files:scan_sources: tailwindcss_oxide::scanner: Discovering "/home/eldho/Documents/Betrora for coach/betrora-coach/src/app/api/ice-servers"
2026-02-01T20:05:34.803926Z  INFO get_files:scan_sources: tailwindcss_oxide::scanner: Discovering "/home/eldho/Documents/Betrora for coach/betrora-coach/src/app/api/coach-sessions"
2026-02-01T20:05:34.804005Z  INFO get_files:scan_sources: tailwindcss_oxide::scanner: Discovering "/home/eldho/Documents/Betrora for coach/betrora-coach/src/app/api/coach-availability"
2026-02-01T20:05:34.804801Z  INFO get_files:scan_sources: tailwindcss_oxide::scanner: Discovering "/home/eldho/Documents/Betrora for coach/betrora-coach/src/app/api/coach-notes"
2026-02-01T20:05:34.804945Z  INFO get_files:scan_sources: tailwindcss_oxide::scanner: Discovering "/home/eldho/Documents/Betrora for coach/betrora-coach/src/app/api/send-feedback-message"
2026-02-01T20:05:34.805059Z  INFO get_files:scan_sources: tailwindcss_oxide::scanner: Discovering "/home/eldho/Documents/Betrora for coach/betrora-coach/src/components"
2026-02-01T20:05:34.805638Z  INFO get_files:scan_sources: tailwindcss_oxide::scanner: Discovering "/home/eldho/Documents/Betrora for coach/betrora-coach/public"
2026-02-01T20:05:34.805983Z  INFO get_files:scan_sources: tailwindcss_oxide::scanner: exit
2026-02-01T20:05:34.807607Z  INFO get_files: tailwindcss_oxide::scanner: exit
2026-02-01T20:05:34.808848Z  INFO get_globs: tailwindcss_oxide::scanner: enter
2026-02-01T20:05:34.810461Z  INFO get_globs:scan_sources: tailwindcss_oxide::scanner: enter
2026-02-01T20:05:34.811982Z  INFO get_globs:scan_sources: tailwindcss_oxide::scanner: Discovering "/home/eldho/Documents/Betrora for coach/betrora-coach/src"
2026-02-01T20:05:34.812144Z  INFO get_globs:scan_sources: tailwindcss_oxide::scanner: Discovering "/home/eldho/Documents/Betrora for coach/betrora-coach/src/lib"
2026-02-01T20:05:34.812317Z  INFO get_globs:scan_sources: tailwindcss_oxide::scanner: Discovering "/home/eldho/Documents/Betrora for coach/betrora-coach/src/hooks"
2026-02-01T20:05:34.812465Z  INFO get_globs:scan_sources: tailwindcss_oxide::scanner: Discovering "/home/eldho/Documents/Betrora for coach/betrora-coach/src/app"
2026-02-01T20:05:34.812554Z  INFO get_globs:scan_sources: tailwindcss_oxide::scanner: Discovering "/home/eldho/Documents/Betrora for coach/betrora-coach/src/app/availability"
2026-02-01T20:05:34.812685Z  INFO get_globs:scan_sources: tailwindcss_oxide::scanner: Discovering "/home/eldho/Documents/Betrora for coach/betrora-coach/src/app/availability/components"
2026-02-01T20:05:34.812797Z  INFO get_globs:scan_sources: tailwindcss_oxide::scanner: Discovering "/home/eldho/Documents/Betrora for coach/betrora-coach/src/app/sessions"
2026-02-01T20:05:34.812884Z  INFO get_globs:scan_sources: tailwindcss_oxide::scanner: Discovering "/home/eldho/Documents/Betrora for coach/betrora-coach/src/app/sessions/components"
2026-02-01T20:05:34.812985Z  INFO get_globs:scan_sources: tailwindcss_oxide::scanner: Discovering "/home/eldho/Documents/Betrora for coach/betrora-coach/src/app/sessions/live"
2026-02-01T20:05:34.813130Z  INFO get_globs:scan_sources: tailwindcss_oxide::scanner: Discovering "/home/eldho/Documents/Betrora for coach/betrora-coach/src/app/clients"
2026-02-01T20:05:34.813200Z  INFO get_globs:scan_sources: tailwindcss_oxide::scanner: Discovering "/home/eldho/Documents/Betrora for coach/betrora-coach/src/app/clients/[userId]"
2026-02-01T20:05:34.813309Z  INFO get_globs:scan_sources: tailwindcss_oxide::scanner: Discovering "/home/eldho/Documents/Betrora for coach/betrora-coach/src/app/reset-password"
2026-02-01T20:05:34.813406Z  INFO get_globs:scan_sources: tailwindcss_oxide::scanner: Discovering "/home/eldho/Documents/Betrora for coach/betrora-coach/src/app/profile"
2026-02-01T20:05:34.813503Z  INFO get_globs:scan_sources: tailwindcss_oxide::scanner: Discovering "/home/eldho/Documents/Betrora for coach/betrora-coach/src/app/dashboard"
2026-02-01T20:05:34.813589Z  INFO get_globs:scan_sources: tailwindcss_oxide::scanner: Discovering "/home/eldho/Documents/Betrora for coach/betrora-coach/src/app/login"
2026-02-01T20:05:34.813689Z  INFO get_globs:scan_sources: tailwindcss_oxide::scanner: Discovering "/home/eldho/Documents/Betrora for coach/betrora-coach/src/app/inbox"
2026-02-01T20:05:34.813786Z  INFO get_globs:scan_sources: tailwindcss_oxide::scanner: Discovering "/home/eldho/Documents/Betrora for coach/betrora-coach/src/app/room"
2026-02-01T20:05:34.813862Z  INFO get_globs:scan_sources: tailwindcss_oxide::scanner: Discovering "/home/eldho/Documents/Betrora for coach/betrora-coach/src/app/room/[sessionId]"
2026-02-01T20:05:34.813951Z  INFO get_globs:scan_sources: tailwindcss_oxide::scanner: Discovering "/home/eldho/Documents/Betrora for coach/betrora-coach/src/app/room/[sessionId]/hooks"
2026-02-01T20:05:34.814052Z  INFO get_globs:scan_sources: tailwindcss_oxide::scanner: Discovering "/home/eldho/Documents/Betrora for coach/betrora-coach/src/app/room/[sessionId]/components"
2026-02-01T20:05:34.814239Z  INFO get_globs:scan_sources: tailwindcss_oxide::scanner: Discovering "/home/eldho/Documents/Betrora for coach/betrora-coach/src/app/api"
2026-02-01T20:05:34.814328Z  INFO get_globs:scan_sources: tailwindcss_oxide::scanner: Discovering "/home/eldho/Documents/Betrora for coach/betrora-coach/src/app/api/ice-servers"
2026-02-01T20:05:34.814413Z  INFO get_globs:scan_sources: tailwindcss_oxide::scanner: Discovering "/home/eldho/Documents/Betrora for coach/betrora-coach/src/app/api/coach-sessions"
2026-02-01T20:05:34.814506Z  INFO get_globs:scan_sources: tailwindcss_oxide::scanner: Discovering "/home/eldho/Documents/Betrora for coach/betrora-coach/src/app/api/coach-availability"
2026-02-01T20:05:34.814604Z  INFO get_globs:scan_sources: tailwindcss_oxide::scanner: Discovering "/home/eldho/Documents/Betrora for coach/betrora-coach/src/app/api/coach-notes"
2026-02-01T20:05:34.814695Z  INFO get_globs:scan_sources: tailwindcss_oxide::scanner: Discovering "/home/eldho/Documents/Betrora for coach/betrora-coach/src/app/api/send-feedback-message"
2026-02-01T20:05:34.814798Z  INFO get_globs:scan_sources: tailwindcss_oxide::scanner: Discovering "/home/eldho/Documents/Betrora for coach/betrora-coach/src/components"
2026-02-01T20:05:34.815340Z  INFO get_globs:scan_sources: tailwindcss_oxide::scanner: Discovering "/home/eldho/Documents/Betrora for coach/betrora-coach/public"
2026-02-01T20:05:34.815725Z  INFO get_globs:scan_sources: tailwindcss_oxide::scanner: exit
2026-02-01T20:05:34.820678Z  INFO get_globs: tailwindcss_oxide::scanner: exit
