2026-02-01T19:50:32.810207Z  INFO tailwindcss_oxide::scanner: Provided sources:
2026-02-01T19:50:32.811157Z  INFO tailwindcss_oxide::scanner: Source: PublicSourceEntry { base: "/home/eldho/Documents/Betrora for coach/betrora-coach", pattern: "**/*", negated: false }
2026-02-01T19:50:32.811274Z  INFO tailwindcss_oxide::scanner: Optimized sources:
2026-02-01T19:50:32.811307Z  INFO tailwindcss_oxide::scanner: Source: Auto { base: "/home/eldho/Documents/Betrora for coach/betrora-coach" }
2026-02-01T19:50:32.813317Z  INFO scan_sources: tailwindcss_oxide::scanner: enter
2026-02-01T19:50:32.814005Z  INFO scan_sources: tailwindcss_oxide::scanner: Discovering "/home/eldho/Documents/Betrora for coach/betrora-coach/next.config.ts"
2026-02-01T19:50:32.814121Z  INFO scan_sources: tailwindcss_oxide::scanner: Discovering "/home/eldho/Documents/Betrora for coach/betrora-coach/src"
2026-02-01T19:50:32.814193Z  INFO scan_sources: tailwindcss_oxide::scanner: Discovering "/home/eldho/Documents/Betrora for coach/betrora-coach/src/middleware.ts"
2026-02-01T19:50:32.814238Z  INFO scan_sources: tailwindcss_oxide::scanner: Discovering "/home/eldho/Documents/Betrora for coach/betrora-coach/src/lib"
2026-02-01T19:50:32.814301Z  INFO scan_sources: tailwindcss_oxide::scanner: Discovering "/home/eldho/Documents/Betrora for coach/betrora-coach/src/lib/types.ts"
2026-02-01T19:50:32.814337Z  INFO scan_sources: tailwindcss_oxide::scanner: Discovering "/home/eldho/Documents/Betrora for coach/betrora-coach/src/lib/fetchPendingFeedback.ts"
2026-02-01T19:50:32.814368Z  INFO scan_sources: tailwindcss_oxide::scanner: Discovering "/home/eldho/Documents/Betrora for coach/betrora-coach/src/lib/debugLogger.ts"
2026-02-01T19:50:32.814397Z  INFO scan_sources: tailwindcss_oxide::scanner: Discovering "/home/eldho/Documents/Betrora for coach/betrora-coach/src/lib/fetchGuidanceTasks.ts"
2026-02-01T19:50:32.814422Z  INFO scan_sources: tailwindcss_oxide::scanner: Discovering "/home/eldho/Documents/Betrora for coach/betrora-coach/src/lib/supabaseClient.ts"
2026-02-01T19:50:32.814467Z  INFO scan_sources: tailwindcss_oxide::scanner: Discovering "/home/eldho/Documents/Betrora for coach/betrora-coach/src/hooks"
2026-02-01T19:50:32.814527Z  INFO scan_sources: tailwindcss_oxide::scanner: Discovering "/home/eldho/Documents/Betrora for coach/betrora-coach/src/hooks/usePendingMessages.ts"
2026-02-01T19:50:32.814556Z  INFO scan_sources: tailwindcss_oxide::scanner: Discovering "/home/eldho/Documents/Betrora for coach/betrora-coach/src/hooks/useImpersonation.ts"
2026-02-01T19:50:32.814584Z  INFO scan_sources: tailwindcss_oxide::scanner: Discovering "/home/eldho/Documents/Betrora for coach/betrora-coach/src/hooks/useSupabaseAuth.ts"
2026-02-01T19:50:32.814628Z  INFO scan_sources: tailwindcss_oxide::scanner: Discovering "/home/eldho/Documents/Betrora for coach/betrora-coach/src/app"
2026-02-01T19:50:32.814695Z  INFO scan_sources: tailwindcss_oxide::scanner: Discovering "/home/eldho/Documents/Betrora for coach/betrora-coach/src/app/availability"
2026-02-01T19:50:32.814756Z  INFO scan_sources: tailwindcss_oxide::scanner: Discovering "/home/eldho/Documents/Betrora for coach/betrora-coach/src/app/availability/page.tsx"
2026-02-01T19:50:32.814799Z  INFO scan_sources: tailwindcss_oxide::scanner: Discovering "/home/eldho/Documents/Betrora for coach/betrora-coach/src/app/availability/components"
2026-02-01T19:50:32.814856Z  INFO scan_sources: tailwindcss_oxide::scanner: Discovering "/home/eldho/Documents/Betrora for coach/betrora-coach/src/app/availability/components/AvailabilityEditor.tsx"
2026-02-01T19:50:32.814908Z  INFO scan_sources: tailwindcss_oxide::scanner: Discovering "/home/eldho/Documents/Betrora for coach/betrora-coach/src/app/sessions"
2026-02-01T19:50:32.814960Z  INFO scan_sources: tailwindcss_oxide::scanner: Discovering "/home/eldho/Documents/Betrora for coach/betrora-coach/src/app/sessions/page.tsx"
2026-02-01T19:50:32.814999Z  INFO scan_sources: tailwindcss_oxide::scanner: Discovering "/home/eldho/Documents/Betrora for coach/betrora-coach/src/app/sessions/components"
2026-02-01T19:50:32.815054Z  INFO scan_sources: tailwindcss_oxide::scanner: Discovering "/home/eldho/Documents/Betrora for coach/betrora-coach/src/app/sessions/components/MeetingLinkForm.tsx"
2026-02-01T19:50:32.815104Z  INFO scan_sources: tailwindcss_oxide::scanner: Discovering "/home/eldho/Documents/Betrora for coach/betrora-coach/src/app/sessions/components/SessionList.tsx"
2026-02-01T19:50:32.815151Z  INFO scan_sources: tailwindcss_oxide::scanner: Discovering "/home/eldho/Documents/Betrora for coach/betrora-coach/src/app/sessions/live"
2026-02-01T19:50:32.815204Z  INFO scan_sources: tailwindcss_oxide::scanner: Discovering "/home/eldho/Documents/Betrora for coach/betrora-coach/src/app/sessions/live/page.tsx"
2026-02-01T19:50:32.815243Z  INFO scan_sources: tailwindcss_oxide::scanner: Discovering "/home/eldho/Documents/Betrora for coach/betrora-coach/src/app/page.tsx"
2026-02-01T19:50:32.815274Z  INFO scan_sources: tailwindcss_oxide::scanner: Discovering "/home/eldho/Documents/Betrora for coach/betrora-coach/src/app/layout.tsx"
2026-02-01T19:50:32.815317Z  INFO scan_sources: tailwindcss_oxide::scanner: Discovering "/home/eldho/Documents/Betrora for coach/betrora-coach/src/app/clients"
2026-02-01T19:50:32.815384Z  INFO scan_sources: tailwindcss_oxide::scanner: Discovering "/home/eldho/Documents/Betrora for coach/betrora-coach/src/app/clients/[userId]"
2026-02-01T19:50:32.815440Z  INFO scan_sources: tailwindcss_oxide::scanner: Discovering "/home/eldho/Documents/Betrora for coach/betrora-coach/src/app/clients/[userId]/page.tsx"
2026-02-01T19:50:32.815472Z  INFO scan_sources: tailwindcss_oxide::scanner: Discovering "/home/eldho/Documents/Betrora for coach/betrora-coach/src/app/clients/page.tsx"
2026-02-01T19:50:32.815517Z  INFO scan_sources: tailwindcss_oxide::scanner: Discovering "/home/eldho/Documents/Betrora for coach/betrora-coach/src/app/reset-password"
2026-02-01T19:50:32.815572Z  INFO scan_sources: tailwindcss_oxide::scanner: Discovering "/home/eldho/Documents/Betrora for coach/betrora-coach/src/app/reset-password/page.tsx"
2026-02-01T19:50:32.815612Z  INFO scan_sources: tailwindcss_oxide::scanner: Discovering "/home/eldho/Documents/Betrora for coach/betrora-coach/src/app/profile"
2026-02-01T19:50:32.815664Z  INFO scan_sources: tailwindcss_oxide::scanner: Discovering "/home/eldho/Documents/Betrora for coach/betrora-coach/src/app/profile/page.tsx"
2026-02-01T19:50:32.815706Z  INFO scan_sources: tailwindcss_oxide::scanner: Discovering "/home/eldho/Documents/Betrora for coach/betrora-coach/src/app/dashboard"
2026-02-01T19:50:32.815755Z  INFO scan_sources: tailwindcss_oxide::scanner: Discovering "/home/eldho/Documents/Betrora for coach/betrora-coach/src/app/dashboard/page.tsx"
2026-02-01T19:50:32.815798Z  INFO scan_sources: tailwindcss_oxide::scanner: Discovering "/home/eldho/Documents/Betrora for coach/betrora-coach/src/app/login"
2026-02-01T19:50:32.815849Z  INFO scan_sources: tailwindcss_oxide::scanner: Discovering "/home/eldho/Documents/Betrora for coach/betrora-coach/src/app/login/page.tsx"
2026-02-01T19:50:32.815884Z  INFO scan_sources: tailwindcss_oxide::scanner: Discovering "/home/eldho/Documents/Betrora for coach/betrora-coach/src/app/globals.css"
2026-02-01T19:50:32.815921Z  INFO scan_sources: tailwindcss_oxide::scanner: Discovering "/home/eldho/Documents/Betrora for coach/betrora-coach/src/app/inbox"
2026-02-01T19:50:32.815974Z  INFO scan_sources: tailwindcss_oxide::scanner: Discovering "/home/eldho/Documents/Betrora for coach/betrora-coach/src/app/inbox/page.tsx"
2026-02-01T19:50:32.816013Z  INFO scan_sources: tailwindcss_oxide::scanner: Discovering "/home/eldho/Documents/Betrora for coach/betrora-coach/src/app/room"
2026-02-01T19:50:32.816220Z  INFO scan_sources: tailwindcss_oxide::scanner: Discovering "/home/eldho/Documents/Betrora for coach/betrora-coach/src/app/room/[sessionId]"
2026-02-01T19:50:32.816288Z  INFO scan_sources: tailwindcss_oxide::scanner: Discovering "/home/eldho/Documents/Betrora for coach/betrora-coach/src/app/room/[sessionId]/page.tsx"
2026-02-01T19:50:32.816326Z  INFO scan_sources: tailwindcss_oxide::scanner: Discovering "/home/eldho/Documents/Betrora for coach/betrora-coach/src/app/room/[sessionId]/hooks"
2026-02-01T19:50:32.816389Z  INFO scan_sources: tailwindcss_oxide::scanner: Discovering "/home/eldho/Documents/Betrora for coach/betrora-coach/src/app/room/[sessionId]/hooks/useWebRTC.ts"
2026-02-01T19:50:32.816438Z  INFO scan_sources: tailwindcss_oxide::scanner: Discovering "/home/eldho/Documents/Betrora for coach/betrora-coach/src/app/room/[sessionId]/components"
2026-02-01T19:50:32.816502Z  INFO scan_sources: tailwindcss_oxide::scanner: Discovering "/home/eldho/Documents/Betrora for coach/betrora-coach/src/app/room/[sessionId]/components/ChatPanel.tsx"
2026-02-01T19:50:32.816531Z  INFO scan_sources: tailwindcss_oxide::scanner: Discovering "/home/eldho/Documents/Betrora for coach/betrora-coach/src/app/room/[sessionId]/components/Sidebar.tsx"
2026-02-01T19:50:32.816562Z  INFO scan_sources: tailwindcss_oxide::scanner: Discovering "/home/eldho/Documents/Betrora for coach/betrora-coach/src/app/room/[sessionId]/components/TasksPanel.tsx"
2026-02-01T19:50:32.816588Z  INFO scan_sources: tailwindcss_oxide::scanner: Discovering "/home/eldho/Documents/Betrora for coach/betrora-coach/src/app/room/[sessionId]/components/RoomLayout.tsx"
2026-02-01T19:50:32.816614Z  INFO scan_sources: tailwindcss_oxide::scanner: Discovering "/home/eldho/Documents/Betrora for coach/betrora-coach/src/app/room/[sessionId]/components/VideoArea.tsx"
2026-02-01T19:50:32.816669Z  INFO scan_sources: tailwindcss_oxide::scanner: Discovering "/home/eldho/Documents/Betrora for coach/betrora-coach/src/app/api"
2026-02-01T19:50:32.816735Z  INFO scan_sources: tailwindcss_oxide::scanner: Discovering "/home/eldho/Documents/Betrora for coach/betrora-coach/src/app/api/ice-servers"
2026-02-01T19:50:32.816790Z  INFO scan_sources: tailwindcss_oxide::scanner: Discovering "/home/eldho/Documents/Betrora for coach/betrora-coach/src/app/api/ice-servers/route.ts"
2026-02-01T19:50:32.816836Z  INFO scan_sources: tailwindcss_oxide::scanner: Discovering "/home/eldho/Documents/Betrora for coach/betrora-coach/src/app/api/coach-sessions"
2026-02-01T19:50:32.816899Z  INFO scan_sources: tailwindcss_oxide::scanner: Discovering "/home/eldho/Documents/Betrora for coach/betrora-coach/src/app/api/coach-sessions/route.ts"
2026-02-01T19:50:32.816965Z  INFO scan_sources: tailwindcss_oxide::scanner: Discovering "/home/eldho/Documents/Betrora for coach/betrora-coach/src/app/api/coach-availability"
2026-02-01T19:50:32.817025Z  INFO scan_sources: tailwindcss_oxide::scanner: Discovering "/home/eldho/Documents/Betrora for coach/betrora-coach/src/app/api/coach-availability/route.ts"
2026-02-01T19:50:32.817082Z  INFO scan_sources: tailwindcss_oxide::scanner: Discovering "/home/eldho/Documents/Betrora for coach/betrora-coach/src/app/api/coach-notes"
2026-02-01T19:50:32.817145Z  INFO scan_sources: tailwindcss_oxide::scanner: Discovering "/home/eldho/Documents/Betrora for coach/betrora-coach/src/app/api/coach-notes/route.ts"
2026-02-01T19:50:32.817188Z  INFO scan_sources: tailwindcss_oxide::scanner: Discovering "/home/eldho/Documents/Betrora for coach/betrora-coach/src/app/api/send-feedback-message"
2026-02-01T19:50:32.817242Z  INFO scan_sources: tailwindcss_oxide::scanner: Discovering "/home/eldho/Documents/Betrora for coach/betrora-coach/src/app/api/send-feedback-message/route.ts"
2026-02-01T19:50:32.817302Z  INFO scan_sources: tailwindcss_oxide::scanner: Discovering "/home/eldho/Documents/Betrora for coach/betrora-coach/src/components"
2026-02-01T19:50:32.817364Z  INFO scan_sources: tailwindcss_oxide::scanner: Discovering "/home/eldho/Documents/Betrora for coach/betrora-coach/src/components/Toast.tsx"
2026-02-01T19:50:32.817392Z  INFO scan_sources: tailwindcss_oxide::scanner: Discovering "/home/eldho/Documents/Betrora for coach/betrora-coach/src/components/MessageDetail.tsx"
2026-02-01T19:50:32.817417Z  INFO scan_sources: tailwindcss_oxide::scanner: Discovering "/home/eldho/Documents/Betrora for coach/betrora-coach/src/components/CinematicShell.tsx"
2026-02-01T19:50:32.817442Z  INFO scan_sources: tailwindcss_oxide::scanner: Discovering "/home/eldho/Documents/Betrora for coach/betrora-coach/src/components/PendingSessionApprovalNotification.tsx"
2026-02-01T19:50:32.817480Z  INFO scan_sources: tailwindcss_oxide::scanner: Discovering "/home/eldho/Documents/Betrora for coach/betrora-coach/src/components/GuidanceTasksSection.tsx"
2026-02-01T19:50:32.817506Z  INFO scan_sources: tailwindcss_oxide::scanner: Discovering "/home/eldho/Documents/Betrora for coach/betrora-coach/src/components/CoachProfileForm.tsx"
2026-02-01T19:50:32.817531Z  INFO scan_sources: tailwindcss_oxide::scanner: Discovering "/home/eldho/Documents/Betrora for coach/betrora-coach/src/components/GuidanceTaskCreate.tsx"
2026-02-01T19:50:32.817562Z  INFO scan_sources: tailwindcss_oxide::scanner: Discovering "/home/eldho/Documents/Betrora for coach/betrora-coach/src/components/GuidanceTaskEdit.tsx"
2026-02-01T19:50:32.817588Z  INFO scan_sources: tailwindcss_oxide::scanner: Discovering "/home/eldho/Documents/Betrora for coach/betrora-coach/src/components/ActiveClientsModal.tsx"
2026-02-01T19:50:32.817625Z  INFO scan_sources: tailwindcss_oxide::scanner: Discovering "/home/eldho/Documents/Betrora for coach/betrora-coach/src/components/CoachNotesPanel.tsx"
2026-02-01T19:50:32.817657Z  INFO scan_sources: tailwindcss_oxide::scanner: Discovering "/home/eldho/Documents/Betrora for coach/betrora-coach/src/components/MoodHeatmap.tsx"
2026-02-01T19:50:32.817683Z  INFO scan_sources: tailwindcss_oxide::scanner: Discovering "/home/eldho/Documents/Betrora for coach/betrora-coach/src/components/StatCard.tsx"
2026-02-01T19:50:32.817708Z  INFO scan_sources: tailwindcss_oxide::scanner: Discovering "/home/eldho/Documents/Betrora for coach/betrora-coach/src/components/MessageList.tsx"
2026-02-01T19:50:32.817735Z  INFO scan_sources: tailwindcss_oxide::scanner: Discovering "/home/eldho/Documents/Betrora for coach/betrora-coach/src/components/PendingFeedbackNotification.tsx"
2026-02-01T19:50:32.817760Z  INFO scan_sources: tailwindcss_oxide::scanner: Discovering "/home/eldho/Documents/Betrora for coach/betrora-coach/src/components/Timeline.tsx"
2026-02-01T19:50:32.817784Z  INFO scan_sources: tailwindcss_oxide::scanner: Discovering "/home/eldho/Documents/Betrora for coach/betrora-coach/src/components/ImpersonationBanner.tsx"
2026-02-01T19:50:32.817857Z  INFO scan_sources: tailwindcss_oxide::scanner: Discovering "/home/eldho/Documents/Betrora for coach/betrora-coach/postcss.config.mjs"
2026-02-01T19:50:32.817895Z  INFO scan_sources: tailwindcss_oxide::scanner: Discovering "/home/eldho/Documents/Betrora for coach/betrora-coach/tsconfig.json"
2026-02-01T19:50:32.817984Z  INFO scan_sources: tailwindcss_oxide::scanner: Discovering "/home/eldho/Documents/Betrora for coach/betrora-coach/WEBRTC_README.md"
2026-02-01T19:50:32.818013Z  INFO scan_sources: tailwindcss_oxide::scanner: Discovering "/home/eldho/Documents/Betrora for coach/betrora-coach/package.json"
2026-02-01T19:50:32.818041Z  INFO scan_sources: tailwindcss_oxide::scanner: Discovering "/home/eldho/Documents/Betrora for coach/betrora-coach/eslint.config.mjs"
2026-02-01T19:50:32.818140Z  INFO scan_sources: tailwindcss_oxide::scanner: Discovering "/home/eldho/Documents/Betrora for coach/betrora-coach/README.md"
2026-02-01T19:50:32.818192Z  INFO scan_sources: tailwindcss_oxide::scanner: Discovering "/home/eldho/Documents/Betrora for coach/betrora-coach/public"
2026-02-01T19:50:32.818263Z  INFO scan_sources: tailwindcss_oxide::scanner: Discovering "/home/eldho/Documents/Betrora for coach/betrora-coach/public/window.svg"
2026-02-01T19:50:32.818291Z  INFO scan_sources: tailwindcss_oxide::scanner: Discovering "/home/eldho/Documents/Betrora for coach/betrora-coach/public/next.svg"
2026-02-01T19:50:32.818317Z  INFO scan_sources: tailwindcss_oxide::scanner: Discovering "/home/eldho/Documents/Betrora for coach/betrora-coach/public/file.svg"
2026-02-01T19:50:32.818346Z  INFO scan_sources: tailwindcss_oxide::scanner: Discovering "/home/eldho/Documents/Betrora for coach/betrora-coach/public/vercel.svg"
2026-02-01T19:50:32.818372Z  INFO scan_sources: tailwindcss_oxide::scanner: Discovering "/home/eldho/Documents/Betrora for coach/betrora-coach/public/globe.svg"
2026-02-01T19:50:32.818585Z  INFO scan_sources: tailwindcss_oxide::scanner: exit
2026-02-01T19:50:32.818613Z  INFO extract_candidates: tailwindcss_oxide::scanner: enter
2026-02-01T19:50:32.818646Z  INFO extract_candidates:read_all_files: tailwindcss_oxide::scanner: enter
2026-02-01T19:50:32.818655Z  INFO extract_candidates:read_all_files: tailwindcss_oxide::scanner: Reading 64 file(s)
2026-02-01T19:50:32.819223Z  INFO tailwindcss_oxide::scanner: Reading "/home/eldho/Documents/Betrora for coach/betrora-coach/next.config.ts"
2026-02-01T19:50:32.819277Z  INFO tailwindcss_oxide::scanner: Reading "/home/eldho/Documents/Betrora for coach/betrora-coach/src/middleware.ts"
2026-02-01T19:50:32.819302Z  INFO tailwindcss_oxide::scanner: Reading "/home/eldho/Documents/Betrora for coach/betrora-coach/src/lib/types.ts"
2026-02-01T19:50:32.819324Z  INFO tailwindcss_oxide::scanner: Reading "/home/eldho/Documents/Betrora for coach/betrora-coach/src/lib/fetchPendingFeedback.ts"
2026-02-01T19:50:32.819325Z  INFO tailwindcss_oxide::scanner: Reading "/home/eldho/Documents/Betrora for coach/betrora-coach/src/app/api/ice-servers/route.ts"
2026-02-01T19:50:32.819343Z  INFO tailwindcss_oxide::scanner: Reading "/home/eldho/Documents/Betrora for coach/betrora-coach/src/lib/debugLogger.ts"
2026-02-01T19:50:32.819366Z  INFO tailwindcss_oxide::scanner: Reading "/home/eldho/Documents/Betrora for coach/betrora-coach/src/lib/fetchGuidanceTasks.ts"
2026-02-01T19:50:32.819377Z  INFO tailwindcss_oxide::scanner: Reading "/home/eldho/Documents/Betrora for coach/betrora-coach/src/app/api/coach-sessions/route.ts"
2026-02-01T19:50:32.819385Z  INFO tailwindcss_oxide::scanner: Reading "/home/eldho/Documents/Betrora for coach/betrora-coach/src/lib/supabaseClient.ts"
2026-02-01T19:50:32.819409Z  INFO tailwindcss_oxide::scanner: Reading "/home/eldho/Documents/Betrora for coach/betrora-coach/src/hooks/usePendingMessages.ts"
2026-02-01T19:50:32.819421Z  INFO tailwindcss_oxide::scanner: Reading "/home/eldho/Documents/Betrora for coach/betrora-coach/src/app/api/coach-availability/route.ts"
2026-02-01T19:50:32.819434Z  INFO tailwindcss_oxide::scanner: Reading "/home/eldho/Documents/Betrora for coach/betrora-coach/src/hooks/useImpersonation.ts"
2026-02-01T19:50:32.819456Z  INFO tailwindcss_oxide::scanner: Reading "/home/eldho/Documents/Betrora for coach/betrora-coach/src/hooks/useSupabaseAuth.ts"
2026-02-01T19:50:32.819458Z  INFO tailwindcss_oxide::scanner: Reading "/home/eldho/Documents/Betrora for coach/betrora-coach/src/app/api/coach-notes/route.ts"
2026-02-01T19:50:32.819478Z  INFO tailwindcss_oxide::scanner: Reading "/home/eldho/Documents/Betrora for coach/betrora-coach/src/app/availability/page.tsx"
2026-02-01T19:50:32.819494Z  INFO tailwindcss_oxide::scanner: Reading "/home/eldho/Documents/Betrora for coach/betrora-coach/src/app/api/send-feedback-message/route.ts"
2026-02-01T19:50:32.819505Z  INFO tailwindcss_oxide::scanner: Reading "/home/eldho/Documents/Betrora for coach/betrora-coach/src/app/availability/components/AvailabilityEditor.tsx"
2026-02-01T19:50:32.819521Z  INFO tailwindcss_oxide::scanner: Reading "/home/eldho/Documents/Betrora for coach/betrora-coach/src/components/Toast.tsx"
2026-02-01T19:50:32.819534Z  INFO tailwindcss_oxide::scanner: Reading "/home/eldho/Documents/Betrora for coach/betrora-coach/src/app/sessions/page.tsx"
2026-02-01T19:50:32.819560Z  INFO tailwindcss_oxide::scanner: Reading "/home/eldho/Documents/Betrora for coach/betrora-coach/src/app/sessions/components/MeetingLinkForm.tsx"
2026-02-01T19:50:32.819562Z  INFO tailwindcss_oxide::scanner: Reading "/home/eldho/Documents/Betrora for coach/betrora-coach/src/components/MessageDetail.tsx"
2026-02-01T19:50:32.819584Z  INFO tailwindcss_oxide::scanner: Reading "/home/eldho/Documents/Betrora for coach/betrora-coach/src/app/sessions/components/SessionList.tsx"
2026-02-01T19:50:32.819600Z  INFO tailwindcss_oxide::scanner: Reading "/home/eldho/Documents/Betrora for coach/betrora-coach/src/components/CinematicShell.tsx"
2026-02-01T19:50:32.819657Z  INFO tailwindcss_oxide::scanner: Reading "/home/eldho/Documents/Betrora for coach/betrora-coach/src/components/PendingSessionApprovalNotification.tsx"
2026-02-01T19:50:32.819679Z  INFO tailwindcss_oxide::scanner: Reading "/home/eldho/Documents/Betrora for coach/betrora-coach/src/app/page.tsx"
2026-02-01T19:50:32.819715Z  INFO tailwindcss_oxide::scanner: Reading "/home/eldho/Documents/Betrora for coach/betrora-coach/src/app/layout.tsx"
2026-02-01T19:50:32.819714Z  INFO tailwindcss_oxide::scanner: Reading "/home/eldho/Documents/Betrora for coach/betrora-coach/src/components/GuidanceTasksSection.tsx"
2026-02-01T19:50:32.819754Z  INFO tailwindcss_oxide::scanner: Reading "/home/eldho/Documents/Betrora for coach/betrora-coach/src/app/clients/[userId]/page.tsx"
2026-02-01T19:50:32.819778Z  INFO tailwindcss_oxide::scanner: Reading "/home/eldho/Documents/Betrora for coach/betrora-coach/src/components/CoachProfileForm.tsx"
2026-02-01T19:50:32.819808Z  INFO tailwindcss_oxide::scanner: Reading "/home/eldho/Documents/Betrora for coach/betrora-coach/src/components/GuidanceTaskCreate.tsx"
2026-02-01T19:50:32.819827Z  INFO tailwindcss_oxide::scanner: Reading "/home/eldho/Documents/Betrora for coach/betrora-coach/src/app/clients/page.tsx"
2026-02-01T19:50:32.819834Z  INFO tailwindcss_oxide::scanner: Reading "/home/eldho/Documents/Betrora for coach/betrora-coach/src/components/GuidanceTaskEdit.tsx"
2026-02-01T19:50:32.819861Z  INFO tailwindcss_oxide::scanner: Reading "/home/eldho/Documents/Betrora for coach/betrora-coach/src/components/ActiveClientsModal.tsx"
2026-02-01T19:50:32.819874Z  INFO tailwindcss_oxide::scanner: Reading "/home/eldho/Documents/Betrora for coach/betrora-coach/src/app/reset-password/page.tsx"
2026-02-01T19:50:32.819889Z  INFO tailwindcss_oxide::scanner: Reading "/home/eldho/Documents/Betrora for coach/betrora-coach/src/components/CoachNotesPanel.tsx"
2026-02-01T19:50:32.819901Z  INFO tailwindcss_oxide::scanner: Reading "/home/eldho/Documents/Betrora for coach/betrora-coach/src/app/profile/page.tsx"
2026-02-01T19:50:32.819928Z  INFO tailwindcss_oxide::scanner: Reading "/home/eldho/Documents/Betrora for coach/betrora-coach/src/components/MoodHeatmap.tsx"
2026-02-01T19:50:32.819965Z  INFO tailwindcss_oxide::scanner: Reading "/home/eldho/Documents/Betrora for coach/betrora-coach/src/components/StatCard.tsx"
2026-02-01T19:50:32.819990Z  INFO tailwindcss_oxide::scanner: Reading "/home/eldho/Documents/Betrora for coach/betrora-coach/src/components/MessageList.tsx"
2026-02-01T19:50:32.820036Z  INFO tailwindcss_oxide::scanner: Reading "/home/eldho/Documents/Betrora for coach/betrora-coach/src/components/PendingFeedbackNotification.tsx"
2026-02-01T19:50:32.820083Z  INFO tailwindcss_oxide::scanner: Reading "/home/eldho/Documents/Betrora for coach/betrora-coach/src/components/Timeline.tsx"
2026-02-01T19:50:32.820118Z  INFO tailwindcss_oxide::scanner: Reading "/home/eldho/Documents/Betrora for coach/betrora-coach/src/components/ImpersonationBanner.tsx"
2026-02-01T19:50:32.820146Z  INFO tailwindcss_oxide::scanner: Reading "/home/eldho/Documents/Betrora for coach/betrora-coach/postcss.config.mjs"
2026-02-01T19:50:32.820171Z  INFO tailwindcss_oxide::scanner: Reading "/home/eldho/Documents/Betrora for coach/betrora-coach/tsconfig.json"
2026-02-01T19:50:32.819929Z  INFO tailwindcss_oxide::scanner: Reading "/home/eldho/Documents/Betrora for coach/betrora-coach/src/app/dashboard/page.tsx"
2026-02-01T19:50:32.820673Z  INFO tailwindcss_oxide::scanner: Reading "/home/eldho/Documents/Betrora for coach/betrora-coach/src/app/login/page.tsx"
2026-02-01T19:50:32.820761Z  INFO tailwindcss_oxide::scanner: Reading "/home/eldho/Documents/Betrora for coach/betrora-coach/src/app/inbox/page.tsx"
2026-02-01T19:50:32.820847Z  INFO tailwindcss_oxide::scanner: Reading "/home/eldho/Documents/Betrora for coach/betrora-coach/src/app/room/[sessionId]/page.tsx"
2026-02-01T19:50:32.820935Z  INFO tailwindcss_oxide::scanner: Reading "/home/eldho/Documents/Betrora for coach/betrora-coach/src/app/room/[sessionId]/hooks/useWebRTC.ts"
2026-02-01T19:50:32.821033Z  INFO tailwindcss_oxide::scanner: Reading "/home/eldho/Documents/Betrora for coach/betrora-coach/src/app/room/[sessionId]/components/ChatPanel.tsx"
2026-02-01T19:50:32.821060Z  INFO tailwindcss_oxide::scanner: Reading "/home/eldho/Documents/Betrora for coach/betrora-coach/src/app/room/[sessionId]/components/Sidebar.tsx"
2026-02-01T19:50:32.821151Z  INFO tailwindcss_oxide::scanner: Reading "/home/eldho/Documents/Betrora for coach/betrora-coach/src/app/room/[sessionId]/components/TasksPanel.tsx"
2026-02-01T19:50:32.821180Z  INFO tailwindcss_oxide::scanner: Reading "/home/eldho/Documents/Betrora for coach/betrora-coach/src/app/room/[sessionId]/components/RoomLayout.tsx"
2026-02-01T19:50:32.821206Z  INFO tailwindcss_oxide::scanner: Reading "/home/eldho/Documents/Betrora for coach/betrora-coach/src/app/room/[sessionId]/components/VideoArea.tsx"
2026-02-01T19:50:32.821223Z  INFO tailwindcss_oxide::scanner: Reading "/home/eldho/Documents/Betrora for coach/betrora-coach/package.json"
2026-02-01T19:50:32.819609Z  INFO tailwindcss_oxide::scanner: Reading "/home/eldho/Documents/Betrora for coach/betrora-coach/src/app/sessions/live/page.tsx"
2026-02-01T19:50:32.821400Z  INFO tailwindcss_oxide::scanner: Reading "/home/eldho/Documents/Betrora for coach/betrora-coach/README.md"
2026-02-01T19:50:32.821581Z  INFO tailwindcss_oxide::scanner: Reading "/home/eldho/Documents/Betrora for coach/betrora-coach/eslint.config.mjs"
2026-02-01T19:50:32.821786Z  INFO tailwindcss_oxide::scanner: Reading "/home/eldho/Documents/Betrora for coach/betrora-coach/public/vercel.svg"
2026-02-01T19:50:32.821936Z  INFO tailwindcss_oxide::scanner: Reading "/home/eldho/Documents/Betrora for coach/betrora-coach/public/globe.svg"
2026-02-01T19:50:32.822103Z  INFO tailwindcss_oxide::scanner: Reading "/home/eldho/Documents/Betrora for coach/betrora-coach/public/file.svg"
2026-02-01T19:50:32.822379Z  INFO tailwindcss_oxide::scanner: Reading "/home/eldho/Documents/Betrora for coach/betrora-coach/public/window.svg"
2026-02-01T19:50:32.823094Z  INFO tailwindcss_oxide::scanner: Reading "/home/eldho/Documents/Betrora for coach/betrora-coach/public/next.svg"
2026-02-01T19:50:32.823412Z  INFO tailwindcss_oxide::scanner: Reading "/home/eldho/Documents/Betrora for coach/betrora-coach/WEBRTC_README.md"
2026-02-01T19:50:32.823823Z  INFO extract_candidates:read_all_files: tailwindcss_oxide::scanner: exit
2026-02-01T19:50:32.823871Z  INFO extract_candidates:parse_all_blobs: tailwindcss_oxide::scanner: enter
2026-02-01T19:50:32.823889Z  INFO extract_candidates:parse_all_blobs:extract: tailwindcss_oxide::scanner: enter
2026-02-01T19:50:32.837189Z  INFO extract_candidates:parse_all_blobs:extract: tailwindcss_oxide::scanner: exit
2026-02-01T19:50:32.837260Z  INFO extract_candidates:parse_all_blobs: tailwindcss_oxide::scanner: exit
2026-02-01T19:50:32.837275Z  INFO extract_candidates:read_all_files: tailwindcss_oxide::scanner: enter
2026-02-01T19:50:32.837284Z  INFO extract_candidates:read_all_files: tailwindcss_oxide::scanner: Reading 1 file(s)
2026-02-01T19:50:32.837324Z  INFO extract_candidates:read_all_files: tailwindcss_oxide::scanner: Reading "/home/eldho/Documents/Betrora for coach/betrora-coach/src/app/globals.css"
2026-02-01T19:50:32.837337Z  INFO extract_candidates:read_all_files: tailwindcss_oxide::scanner: exit
2026-02-01T19:50:32.837346Z  INFO extract_candidates:extract_css_variables: tailwindcss_oxide::scanner: enter
2026-02-01T19:50:32.837354Z  INFO extract_candidates:extract_css_variables:extract: tailwindcss_oxide::scanner: enter
2026-02-01T19:50:32.837676Z  INFO extract_candidates:extract_css_variables:extract: tailwindcss_oxide::scanner: exit
2026-02-01T19:50:32.837792Z  INFO extract_candidates:extract_css_variables: tailwindcss_oxide::scanner: exit
2026-02-01T19:50:32.842510Z  INFO extract_candidates: tailwindcss_oxide::scanner: exit
2026-02-01T19:50:32.847898Z  INFO get_files: tailwindcss_oxide::scanner: enter
2026-02-01T19:50:32.847969Z  INFO get_files:scan_sources: tailwindcss_oxide::scanner: enter
2026-02-01T19:50:32.849298Z  INFO get_files:scan_sources: tailwindcss_oxide::scanner: Discovering "/home/eldho/Documents/Betrora for coach/betrora-coach/src"
2026-02-01T19:50:32.849421Z  INFO get_files:scan_sources: tailwindcss_oxide::scanner: Discovering "/home/eldho/Documents/Betrora for coach/betrora-coach/src/lib"
2026-02-01T19:50:32.849591Z  INFO get_files:scan_sources: tailwindcss_oxide::scanner: Discovering "/home/eldho/Documents/Betrora for coach/betrora-coach/src/hooks"
2026-02-01T19:50:32.849716Z  INFO get_files:scan_sources: tailwindcss_oxide::scanner: Discovering "/home/eldho/Documents/Betrora for coach/betrora-coach/src/app"
2026-02-01T19:50:32.849794Z  INFO get_files:scan_sources: tailwindcss_oxide::scanner: Discovering "/home/eldho/Documents/Betrora for coach/betrora-coach/src/app/availability"
2026-02-01T19:50:32.849890Z  INFO get_files:scan_sources: tailwindcss_oxide::scanner: Discovering "/home/eldho/Documents/Betrora for coach/betrora-coach/src/app/availability/components"
2026-02-01T19:50:32.849995Z  INFO get_files:scan_sources: tailwindcss_oxide::scanner: Discovering "/home/eldho/Documents/Betrora for coach/betrora-coach/src/app/sessions"
2026-02-01T19:50:32.850084Z  INFO get_files:scan_sources: tailwindcss_oxide::scanner: Discovering "/home/eldho/Documents/Betrora for coach/betrora-coach/src/app/sessions/components"
2026-02-01T19:50:32.850193Z  INFO get_files:scan_sources: tailwindcss_oxide::scanner: Discovering "/home/eldho/Documents/Betrora for coach/betrora-coach/src/app/sessions/live"
2026-02-01T19:50:32.850340Z  INFO get_files:scan_sources: tailwindcss_oxide::scanner: Discovering "/home/eldho/Documents/Betrora for coach/betrora-coach/src/app/clients"
2026-02-01T19:50:32.850408Z  INFO get_files:scan_sources: tailwindcss_oxide::scanner: Discovering "/home/eldho/Documents/Betrora for coach/betrora-coach/src/app/clients/[userId]"
2026-02-01T19:50:32.850520Z  INFO get_files:scan_sources: tailwindcss_oxide::scanner: Discovering "/home/eldho/Documents/Betrora for coach/betrora-coach/src/app/reset-password"
2026-02-01T19:50:32.850612Z  INFO get_files:scan_sources: tailwindcss_oxide::scanner: Discovering "/home/eldho/Documents/Betrora for coach/betrora-coach/src/app/profile"
2026-02-01T19:50:32.850700Z  INFO get_files:scan_sources: tailwindcss_oxide::scanner: Discovering "/home/eldho/Documents/Betrora for coach/betrora-coach/src/app/dashboard"
2026-02-01T19:50:32.850787Z  INFO get_files:scan_sources: tailwindcss_oxide::scanner: Discovering "/home/eldho/Documents/Betrora for coach/betrora-coach/src/app/login"
2026-02-01T19:50:32.850891Z  INFO get_files:scan_sources: tailwindcss_oxide::scanner: Discovering "/home/eldho/Documents/Betrora for coach/betrora-coach/src/app/inbox"
2026-02-01T19:50:32.850988Z  INFO get_files:scan_sources: tailwindcss_oxide::scanner: Discovering "/home/eldho/Documents/Betrora for coach/betrora-coach/src/app/room"
2026-02-01T19:50:32.851057Z  INFO get_files:scan_sources: tailwindcss_oxide::scanner: Discovering "/home/eldho/Documents/Betrora for coach/betrora-coach/src/app/room/[sessionId]"
2026-02-01T19:50:32.852290Z  INFO get_files:scan_sources: tailwindcss_oxide::scanner: Discovering "/home/eldho/Documents/Betrora for coach/betrora-coach/src/app/room/[sessionId]/hooks"
2026-02-01T19:50:32.852385Z  INFO get_files:scan_sources: tailwindcss_oxide::scanner: Discovering "/home/eldho/Documents/Betrora for coach/betrora-coach/src/app/room/[sessionId]/components"
2026-02-01T19:50:32.852531Z  INFO get_files:scan_sources: tailwindcss_oxide::scanner: Discovering "/home/eldho/Documents/Betrora for coach/betrora-coach/src/app/api"
2026-02-01T19:50:32.852593Z  INFO get_files:scan_sources: tailwindcss_oxide::scanner: Discovering "/home/eldho/Documents/Betrora for coach/betrora-coach/src/app/api/ice-servers"
2026-02-01T19:50:32.852677Z  INFO get_files:scan_sources: tailwindcss_oxide::scanner: Discovering "/home/eldho/Documents/Betrora for coach/betrora-coach/src/app/api/coach-sessions"
2026-02-01T19:50:32.852753Z  INFO get_files:scan_sources: tailwindcss_oxide::scanner: Discovering "/home/eldho/Documents/Betrora for coach/betrora-coach/src/app/api/coach-availability"
2026-02-01T19:50:32.852841Z  INFO get_files:scan_sources: tailwindcss_oxide::scanner: Discovering "/home/eldho/Documents/Betrora for coach/betrora-coach/src/app/api/coach-notes"
2026-02-01T19:50:32.852918Z  INFO get_files:scan_sources: tailwindcss_oxide::scanner: Discovering "/home/eldho/Documents/Betrora for coach/betrora-coach/src/app/api/send-feedback-message"
2026-02-01T19:50:32.853021Z  INFO get_files:scan_sources: tailwindcss_oxide::scanner: Discovering "/home/eldho/Documents/Betrora for coach/betrora-coach/src/components"
2026-02-01T19:50:32.853535Z  INFO get_files:scan_sources: tailwindcss_oxide::scanner: Discovering "/home/eldho/Documents/Betrora for coach/betrora-coach/public"
2026-02-01T19:50:32.854241Z  INFO get_files:scan_sources: tailwindcss_oxide::scanner: exit
2026-02-01T19:50:32.856888Z  INFO get_files: tailwindcss_oxide::scanner: exit
2026-02-01T19:50:32.857534Z  INFO get_globs: tailwindcss_oxide::scanner: enter
2026-02-01T19:50:32.857561Z  INFO get_globs:scan_sources: tailwindcss_oxide::scanner: enter
2026-02-01T19:50:32.858551Z  INFO get_globs:scan_sources: tailwindcss_oxide::scanner: Discovering "/home/eldho/Documents/Betrora for coach/betrora-coach/src"
2026-02-01T19:50:32.858665Z  INFO get_globs:scan_sources: tailwindcss_oxide::scanner: Discovering "/home/eldho/Documents/Betrora for coach/betrora-coach/src/lib"
2026-02-01T19:50:32.858828Z  INFO get_globs:scan_sources: tailwindcss_oxide::scanner: Discovering "/home/eldho/Documents/Betrora for coach/betrora-coach/src/hooks"
2026-02-01T19:50:32.858951Z  INFO get_globs:scan_sources: tailwindcss_oxide::scanner: Discovering "/home/eldho/Documents/Betrora for coach/betrora-coach/src/app"
2026-02-01T19:50:32.859042Z  INFO get_globs:scan_sources: tailwindcss_oxide::scanner: Discovering "/home/eldho/Documents/Betrora for coach/betrora-coach/src/app/availability"
2026-02-01T19:50:32.859153Z  INFO get_globs:scan_sources: tailwindcss_oxide::scanner: Discovering "/home/eldho/Documents/Betrora for coach/betrora-coach/src/app/availability/components"
2026-02-01T19:50:32.859256Z  INFO get_globs:scan_sources: tailwindcss_oxide::scanner: Discovering "/home/eldho/Documents/Betrora for coach/betrora-coach/src/app/sessions"
2026-02-01T19:50:32.859339Z  INFO get_globs:scan_sources: tailwindcss_oxide::scanner: Discovering "/home/eldho/Documents/Betrora for coach/betrora-coach/src/app/sessions/components"
2026-02-01T19:50:32.859443Z  INFO get_globs:scan_sources: tailwindcss_oxide::scanner: Discovering "/home/eldho/Documents/Betrora for coach/betrora-coach/src/app/sessions/live"
2026-02-01T19:50:32.859576Z  INFO get_globs:scan_sources: tailwindcss_oxide::scanner: Discovering "/home/eldho/Documents/Betrora for coach/betrora-coach/src/app/clients"
2026-02-01T19:50:32.859650Z  INFO get_globs:scan_sources: tailwindcss_oxide::scanner: Discovering "/home/eldho/Documents/Betrora for coach/betrora-coach/src/app/clients/[userId]"
2026-02-01T19:50:32.859763Z  INFO get_globs:scan_sources: tailwindcss_oxide::scanner: Discovering "/home/eldho/Documents/Betrora for coach/betrora-coach/src/app/reset-password"
2026-02-01T19:50:32.859848Z  INFO get_globs:scan_sources: tailwindcss_oxide::scanner: Discovering "/home/eldho/Documents/Betrora for coach/betrora-coach/src/app/profile"
2026-02-01T19:50:32.859937Z  INFO get_globs:scan_sources: tailwindcss_oxide::scanner: Discovering "/home/eldho/Documents/Betrora for coach/betrora-coach/src/app/dashboard"
2026-02-01T19:50:32.860021Z  INFO get_globs:scan_sources: tailwindcss_oxide::scanner: Discovering "/home/eldho/Documents/Betrora for coach/betrora-coach/src/app/login"
2026-02-01T19:50:32.863646Z  INFO get_globs:scan_sources: tailwindcss_oxide::scanner: Discovering "/home/eldho/Documents/Betrora for coach/betrora-coach/src/app/inbox"
2026-02-01T19:50:32.864049Z  INFO get_globs:scan_sources: tailwindcss_oxide::scanner: Discovering "/home/eldho/Documents/Betrora for coach/betrora-coach/src/app/room"
2026-02-01T19:50:32.864153Z  INFO get_globs:scan_sources: tailwindcss_oxide::scanner: Discovering "/home/eldho/Documents/Betrora for coach/betrora-coach/src/app/room/[sessionId]"
2026-02-01T19:50:32.864314Z  INFO get_globs:scan_sources: tailwindcss_oxide::scanner: Discovering "/home/eldho/Documents/Betrora for coach/betrora-coach/src/app/room/[sessionId]/hooks"
2026-02-01T19:50:32.864456Z  INFO get_globs:scan_sources: tailwindcss_oxide::scanner: Discovering "/home/eldho/Documents/Betrora for coach/betrora-coach/src/app/room/[sessionId]/components"
2026-02-01T19:50:32.864653Z  INFO get_globs:scan_sources: tailwindcss_oxide::scanner: Discovering "/home/eldho/Documents/Betrora for coach/betrora-coach/src/app/api"
2026-02-01T19:50:32.864750Z  INFO get_globs:scan_sources: tailwindcss_oxide::scanner: Discovering "/home/eldho/Documents/Betrora for coach/betrora-coach/src/app/api/ice-servers"
2026-02-01T19:50:32.864842Z  INFO get_globs:scan_sources: tailwindcss_oxide::scanner: Discovering "/home/eldho/Documents/Betrora for coach/betrora-coach/src/app/api/coach-sessions"
2026-02-01T19:50:32.864934Z  INFO get_globs:scan_sources: tailwindcss_oxide::scanner: Discovering "/home/eldho/Documents/Betrora for coach/betrora-coach/src/app/api/coach-availability"
2026-02-01T19:50:32.865027Z  INFO get_globs:scan_sources: tailwindcss_oxide::scanner: Discovering "/home/eldho/Documents/Betrora for coach/betrora-coach/src/app/api/coach-notes"
2026-02-01T19:50:32.865129Z  INFO get_globs:scan_sources: tailwindcss_oxide::scanner: Discovering "/home/eldho/Documents/Betrora for coach/betrora-coach/src/app/api/send-feedback-message"
2026-02-01T19:50:32.865237Z  INFO get_globs:scan_sources: tailwindcss_oxide::scanner: Discovering "/home/eldho/Documents/Betrora for coach/betrora-coach/src/components"
2026-02-01T19:50:32.865762Z  INFO get_globs:scan_sources: tailwindcss_oxide::scanner: Discovering "/home/eldho/Documents/Betrora for coach/betrora-coach/public"
2026-02-01T19:50:32.866118Z  INFO get_globs:scan_sources: tailwindcss_oxide::scanner: exit
2026-02-01T19:50:32.873272Z  INFO get_globs: tailwindcss_oxide::scanner: exit
