2026-02-01T19:52:45.700550Z  INFO tailwindcss_oxide::scanner: Provided sources:
2026-02-01T19:52:45.700608Z  INFO tailwindcss_oxide::scanner: Source: PublicSourceEntry { base: "/home/eldho/Documents/Betrora for coach/betrora-coach", pattern: "**/*", negated: false }
2026-02-01T19:52:45.700685Z  INFO tailwindcss_oxide::scanner: Optimized sources:
2026-02-01T19:52:45.700696Z  INFO tailwindcss_oxide::scanner: Source: Auto { base: "/home/eldho/Documents/Betrora for coach/betrora-coach" }
2026-02-01T19:52:45.703723Z  INFO scan_sources: tailwindcss_oxide::scanner: enter
2026-02-01T19:52:45.704607Z  INFO scan_sources: tailwindcss_oxide::scanner: Discovering "/home/eldho/Documents/Betrora for coach/betrora-coach/next.config.ts"
2026-02-01T19:52:45.704796Z  INFO scan_sources: tailwindcss_oxide::scanner: Discovering "/home/eldho/Documents/Betrora for coach/betrora-coach/src"
2026-02-01T19:52:45.704921Z  INFO scan_sources: tailwindcss_oxide::scanner: Discovering "/home/eldho/Documents/Betrora for coach/betrora-coach/src/middleware.ts"
2026-02-01T19:52:45.704989Z  INFO scan_sources: tailwindcss_oxide::scanner: Discovering "/home/eldho/Documents/Betrora for coach/betrora-coach/src/lib"
2026-02-01T19:52:45.705108Z  INFO scan_sources: tailwindcss_oxide::scanner: Discovering "/home/eldho/Documents/Betrora for coach/betrora-coach/src/lib/types.ts"
2026-02-01T19:52:45.705160Z  INFO scan_sources: tailwindcss_oxide::scanner: Discovering "/home/eldho/Documents/Betrora for coach/betrora-coach/src/lib/fetchPendingFeedback.ts"
2026-02-01T19:52:45.705206Z  INFO scan_sources: tailwindcss_oxide::scanner: Discovering "/home/eldho/Documents/Betrora for coach/betrora-coach/src/lib/debugLogger.ts"
2026-02-01T19:52:45.705243Z  INFO scan_sources: tailwindcss_oxide::scanner: Discovering "/home/eldho/Documents/Betrora for coach/betrora-coach/src/lib/fetchGuidanceTasks.ts"
2026-02-01T19:52:45.705280Z  INFO scan_sources: tailwindcss_oxide::scanner: Discovering "/home/eldho/Documents/Betrora for coach/betrora-coach/src/lib/supabaseClient.ts"
2026-02-01T19:52:45.705347Z  INFO scan_sources: tailwindcss_oxide::scanner: Discovering "/home/eldho/Documents/Betrora for coach/betrora-coach/src/hooks"
2026-02-01T19:52:45.705439Z  INFO scan_sources: tailwindcss_oxide::scanner: Discovering "/home/eldho/Documents/Betrora for coach/betrora-coach/src/hooks/usePendingMessages.ts"
2026-02-01T19:52:45.705470Z  INFO scan_sources: tailwindcss_oxide::scanner: Discovering "/home/eldho/Documents/Betrora for coach/betrora-coach/src/hooks/useImpersonation.ts"
2026-02-01T19:52:45.705499Z  INFO scan_sources: tailwindcss_oxide::scanner: Discovering "/home/eldho/Documents/Betrora for coach/betrora-coach/src/hooks/useSupabaseAuth.ts"
2026-02-01T19:52:45.705546Z  INFO scan_sources: tailwindcss_oxide::scanner: Discovering "/home/eldho/Documents/Betrora for coach/betrora-coach/src/app"
2026-02-01T19:52:45.705621Z  INFO scan_sources: tailwindcss_oxide::scanner: Discovering "/home/eldho/Documents/Betrora for coach/betrora-coach/src/app/availability"
2026-02-01T19:52:45.705689Z  INFO scan_sources: tailwindcss_oxide::scanner: Discovering "/home/eldho/Documents/Betrora for coach/betrora-coach/src/app/availability/page.tsx"
2026-02-01T19:52:45.705746Z  INFO scan_sources: tailwindcss_oxide::scanner: Discovering "/home/eldho/Documents/Betrora for coach/betrora-coach/src/app/availability/components"
2026-02-01T19:52:45.705818Z  INFO scan_sources: tailwindcss_oxide::scanner: Discovering "/home/eldho/Documents/Betrora for coach/betrora-coach/src/app/availability/components/AvailabilityEditor.tsx"
2026-02-01T19:52:45.705887Z  INFO scan_sources: tailwindcss_oxide::scanner: Discovering "/home/eldho/Documents/Betrora for coach/betrora-coach/src/app/sessions"
2026-02-01T19:52:45.705959Z  INFO scan_sources: tailwindcss_oxide::scanner: Discovering "/home/eldho/Documents/Betrora for coach/betrora-coach/src/app/sessions/page.tsx"
2026-02-01T19:52:45.706003Z  INFO scan_sources: tailwindcss_oxide::scanner: Discovering "/home/eldho/Documents/Betrora for coach/betrora-coach/src/app/sessions/components"
2026-02-01T19:52:45.706202Z  INFO scan_sources: tailwindcss_oxide::scanner: Discovering "/home/eldho/Documents/Betrora for coach/betrora-coach/src/app/sessions/components/MeetingLinkForm.tsx"
2026-02-01T19:52:45.706611Z  INFO scan_sources: tailwindcss_oxide::scanner: Discovering "/home/eldho/Documents/Betrora for coach/betrora-coach/src/app/sessions/components/SessionList.tsx"
2026-02-01T19:52:45.706853Z  INFO scan_sources: tailwindcss_oxide::scanner: Discovering "/home/eldho/Documents/Betrora for coach/betrora-coach/src/app/sessions/live"
2026-02-01T19:52:45.707111Z  INFO scan_sources: tailwindcss_oxide::scanner: Discovering "/home/eldho/Documents/Betrora for coach/betrora-coach/src/app/sessions/live/page.tsx"
2026-02-01T19:52:45.707199Z  INFO scan_sources: tailwindcss_oxide::scanner: Discovering "/home/eldho/Documents/Betrora for coach/betrora-coach/src/app/page.tsx"
2026-02-01T19:52:45.707235Z  INFO scan_sources: tailwindcss_oxide::scanner: Discovering "/home/eldho/Documents/Betrora for coach/betrora-coach/src/app/layout.tsx"
2026-02-01T19:52:45.707291Z  INFO scan_sources: tailwindcss_oxide::scanner: Discovering "/home/eldho/Documents/Betrora for coach/betrora-coach/src/app/clients"
2026-02-01T19:52:45.707361Z  INFO scan_sources: tailwindcss_oxide::scanner: Discovering "/home/eldho/Documents/Betrora for coach/betrora-coach/src/app/clients/[userId]"
2026-02-01T19:52:45.707422Z  INFO scan_sources: tailwindcss_oxide::scanner: Discovering "/home/eldho/Documents/Betrora for coach/betrora-coach/src/app/clients/[userId]/page.tsx"
2026-02-01T19:52:45.707460Z  INFO scan_sources: tailwindcss_oxide::scanner: Discovering "/home/eldho/Documents/Betrora for coach/betrora-coach/src/app/clients/page.tsx"
2026-02-01T19:52:45.707509Z  INFO scan_sources: tailwindcss_oxide::scanner: Discovering "/home/eldho/Documents/Betrora for coach/betrora-coach/src/app/reset-password"
2026-02-01T19:52:45.707570Z  INFO scan_sources: tailwindcss_oxide::scanner: Discovering "/home/eldho/Documents/Betrora for coach/betrora-coach/src/app/reset-password/page.tsx"
2026-02-01T19:52:45.707615Z  INFO scan_sources: tailwindcss_oxide::scanner: Discovering "/home/eldho/Documents/Betrora for coach/betrora-coach/src/app/profile"
2026-02-01T19:52:45.707671Z  INFO scan_sources: tailwindcss_oxide::scanner: Discovering "/home/eldho/Documents/Betrora for coach/betrora-coach/src/app/profile/page.tsx"
2026-02-01T19:52:45.707717Z  INFO scan_sources: tailwindcss_oxide::scanner: Discovering "/home/eldho/Documents/Betrora for coach/betrora-coach/src/app/dashboard"
2026-02-01T19:52:45.707772Z  INFO scan_sources: tailwindcss_oxide::scanner: Discovering "/home/eldho/Documents/Betrora for coach/betrora-coach/src/app/dashboard/page.tsx"
2026-02-01T19:52:45.707817Z  INFO scan_sources: tailwindcss_oxide::scanner: Discovering "/home/eldho/Documents/Betrora for coach/betrora-coach/src/app/login"
2026-02-01T19:52:45.707873Z  INFO scan_sources: tailwindcss_oxide::scanner: Discovering "/home/eldho/Documents/Betrora for coach/betrora-coach/src/app/login/page.tsx"
2026-02-01T19:52:45.707918Z  INFO scan_sources: tailwindcss_oxide::scanner: Discovering "/home/eldho/Documents/Betrora for coach/betrora-coach/src/app/globals.css"
2026-02-01T19:52:45.707964Z  INFO scan_sources: tailwindcss_oxide::scanner: Discovering "/home/eldho/Documents/Betrora for coach/betrora-coach/src/app/inbox"
2026-02-01T19:52:45.708026Z  INFO scan_sources: tailwindcss_oxide::scanner: Discovering "/home/eldho/Documents/Betrora for coach/betrora-coach/src/app/inbox/page.tsx"
2026-02-01T19:52:45.708088Z  INFO scan_sources: tailwindcss_oxide::scanner: Discovering "/home/eldho/Documents/Betrora for coach/betrora-coach/src/app/room"
2026-02-01T19:52:45.708157Z  INFO scan_sources: tailwindcss_oxide::scanner: Discovering "/home/eldho/Documents/Betrora for coach/betrora-coach/src/app/room/[sessionId]"
2026-02-01T19:52:45.708218Z  INFO scan_sources: tailwindcss_oxide::scanner: Discovering "/home/eldho/Documents/Betrora for coach/betrora-coach/src/app/room/[sessionId]/page.tsx"
2026-02-01T19:52:45.708258Z  INFO scan_sources: tailwindcss_oxide::scanner: Discovering "/home/eldho/Documents/Betrora for coach/betrora-coach/src/app/room/[sessionId]/hooks"
2026-02-01T19:52:45.708326Z  INFO scan_sources: tailwindcss_oxide::scanner: Discovering "/home/eldho/Documents/Betrora for coach/betrora-coach/src/app/room/[sessionId]/hooks/useWebRTC.ts"
2026-02-01T19:52:45.708370Z  INFO scan_sources: tailwindcss_oxide::scanner: Discovering "/home/eldho/Documents/Betrora for coach/betrora-coach/src/app/room/[sessionId]/components"
2026-02-01T19:52:45.708443Z  INFO scan_sources: tailwindcss_oxide::scanner: Discovering "/home/eldho/Documents/Betrora for coach/betrora-coach/src/app/room/[sessionId]/components/ChatPanel.tsx"
2026-02-01T19:52:45.708473Z  INFO scan_sources: tailwindcss_oxide::scanner: Discovering "/home/eldho/Documents/Betrora for coach/betrora-coach/src/app/room/[sessionId]/components/Sidebar.tsx"
2026-02-01T19:52:45.708502Z  INFO scan_sources: tailwindcss_oxide::scanner: Discovering "/home/eldho/Documents/Betrora for coach/betrora-coach/src/app/room/[sessionId]/components/TasksPanel.tsx"
2026-02-01T19:52:45.708531Z  INFO scan_sources: tailwindcss_oxide::scanner: Discovering "/home/eldho/Documents/Betrora for coach/betrora-coach/src/app/room/[sessionId]/components/RoomLayout.tsx"
2026-02-01T19:52:45.708558Z  INFO scan_sources: tailwindcss_oxide::scanner: Discovering "/home/eldho/Documents/Betrora for coach/betrora-coach/src/app/room/[sessionId]/components/VideoArea.tsx"
2026-02-01T19:52:45.708615Z  INFO scan_sources: tailwindcss_oxide::scanner: Discovering "/home/eldho/Documents/Betrora for coach/betrora-coach/src/app/api"
2026-02-01T19:52:45.708680Z  INFO scan_sources: tailwindcss_oxide::scanner: Discovering "/home/eldho/Documents/Betrora for coach/betrora-coach/src/app/api/ice-servers"
2026-02-01T19:52:45.708738Z  INFO scan_sources: tailwindcss_oxide::scanner: Discovering "/home/eldho/Documents/Betrora for coach/betrora-coach/src/app/api/ice-servers/route.ts"
2026-02-01T19:52:45.708780Z  INFO scan_sources: tailwindcss_oxide::scanner: Discovering "/home/eldho/Documents/Betrora for coach/betrora-coach/src/app/api/coach-sessions"
2026-02-01T19:52:45.708835Z  INFO scan_sources: tailwindcss_oxide::scanner: Discovering "/home/eldho/Documents/Betrora for coach/betrora-coach/src/app/api/coach-sessions/route.ts"
2026-02-01T19:52:45.708877Z  INFO scan_sources: tailwindcss_oxide::scanner: Discovering "/home/eldho/Documents/Betrora for coach/betrora-coach/src/app/api/coach-availability"
2026-02-01T19:52:45.708931Z  INFO scan_sources: tailwindcss_oxide::scanner: Discovering "/home/eldho/Documents/Betrora for coach/betrora-coach/src/app/api/coach-availability/route.ts"
2026-02-01T19:52:45.708972Z  INFO scan_sources: tailwindcss_oxide::scanner: Discovering "/home/eldho/Documents/Betrora for coach/betrora-coach/src/app/api/coach-notes"
2026-02-01T19:52:45.709026Z  INFO scan_sources: tailwindcss_oxide::scanner: Discovering "/home/eldho/Documents/Betrora for coach/betrora-coach/src/app/api/coach-notes/route.ts"
2026-02-01T19:52:45.709359Z  INFO scan_sources: tailwindcss_oxide::scanner: Discovering "/home/eldho/Documents/Betrora for coach/betrora-coach/src/app/api/send-feedback-message"
2026-02-01T19:52:45.709635Z  INFO scan_sources: tailwindcss_oxide::scanner: Discovering "/home/eldho/Documents/Betrora for coach/betrora-coach/src/app/api/send-feedback-message/route.ts"
2026-02-01T19:52:45.710010Z  INFO scan_sources: tailwindcss_oxide::scanner: Discovering "/home/eldho/Documents/Betrora for coach/betrora-coach/src/components"
2026-02-01T19:52:45.710218Z  INFO scan_sources: tailwindcss_oxide::scanner: Discovering "/home/eldho/Documents/Betrora for coach/betrora-coach/src/components/Toast.tsx"
2026-02-01T19:52:45.710268Z  INFO scan_sources: tailwindcss_oxide::scanner: Discovering "/home/eldho/Documents/Betrora for coach/betrora-coach/src/components/MessageDetail.tsx"
2026-02-01T19:52:45.710305Z  INFO scan_sources: tailwindcss_oxide::scanner: Discovering "/home/eldho/Documents/Betrora for coach/betrora-coach/src/components/CinematicShell.tsx"
2026-02-01T19:52:45.710332Z  INFO scan_sources: tailwindcss_oxide::scanner: Discovering "/home/eldho/Documents/Betrora for coach/betrora-coach/src/components/PendingSessionApprovalNotification.tsx"
2026-02-01T19:52:45.710374Z  INFO scan_sources: tailwindcss_oxide::scanner: Discovering "/home/eldho/Documents/Betrora for coach/betrora-coach/src/components/GuidanceTasksSection.tsx"
2026-02-01T19:52:45.710401Z  INFO scan_sources: tailwindcss_oxide::scanner: Discovering "/home/eldho/Documents/Betrora for coach/betrora-coach/src/components/CoachProfileForm.tsx"
2026-02-01T19:52:45.710430Z  INFO scan_sources: tailwindcss_oxide::scanner: Discovering "/home/eldho/Documents/Betrora for coach/betrora-coach/src/components/GuidanceTaskCreate.tsx"
2026-02-01T19:52:45.710456Z  INFO scan_sources: tailwindcss_oxide::scanner: Discovering "/home/eldho/Documents/Betrora for coach/betrora-coach/src/components/GuidanceTaskEdit.tsx"
2026-02-01T19:52:45.710482Z  INFO scan_sources: tailwindcss_oxide::scanner: Discovering "/home/eldho/Documents/Betrora for coach/betrora-coach/src/components/ActiveClientsModal.tsx"
2026-02-01T19:52:45.710507Z  INFO scan_sources: tailwindcss_oxide::scanner: Discovering "/home/eldho/Documents/Betrora for coach/betrora-coach/src/components/CoachNotesPanel.tsx"
2026-02-01T19:52:45.710532Z  INFO scan_sources: tailwindcss_oxide::scanner: Discovering "/home/eldho/Documents/Betrora for coach/betrora-coach/src/components/MoodHeatmap.tsx"
2026-02-01T19:52:45.710560Z  INFO scan_sources: tailwindcss_oxide::scanner: Discovering "/home/eldho/Documents/Betrora for coach/betrora-coach/src/components/StatCard.tsx"
2026-02-01T19:52:45.710593Z  INFO scan_sources: tailwindcss_oxide::scanner: Discovering "/home/eldho/Documents/Betrora for coach/betrora-coach/src/components/MessageList.tsx"
2026-02-01T19:52:45.710622Z  INFO scan_sources: tailwindcss_oxide::scanner: Discovering "/home/eldho/Documents/Betrora for coach/betrora-coach/src/components/PendingFeedbackNotification.tsx"
2026-02-01T19:52:45.710647Z  INFO scan_sources: tailwindcss_oxide::scanner: Discovering "/home/eldho/Documents/Betrora for coach/betrora-coach/src/components/Timeline.tsx"
2026-02-01T19:52:45.710672Z  INFO scan_sources: tailwindcss_oxide::scanner: Discovering "/home/eldho/Documents/Betrora for coach/betrora-coach/src/components/ImpersonationBanner.tsx"
2026-02-01T19:52:45.710738Z  INFO scan_sources: tailwindcss_oxide::scanner: Discovering "/home/eldho/Documents/Betrora for coach/betrora-coach/postcss.config.mjs"
2026-02-01T19:52:45.710779Z  INFO scan_sources: tailwindcss_oxide::scanner: Discovering "/home/eldho/Documents/Betrora for coach/betrora-coach/tsconfig.json"
2026-02-01T19:52:45.710860Z  INFO scan_sources: tailwindcss_oxide::scanner: Discovering "/home/eldho/Documents/Betrora for coach/betrora-coach/WEBRTC_README.md"
2026-02-01T19:52:45.710889Z  INFO scan_sources: tailwindcss_oxide::scanner: Discovering "/home/eldho/Documents/Betrora for coach/betrora-coach/package.json"
2026-02-01T19:52:45.710918Z  INFO scan_sources: tailwindcss_oxide::scanner: Discovering "/home/eldho/Documents/Betrora for coach/betrora-coach/eslint.config.mjs"
2026-02-01T19:52:45.711005Z  INFO scan_sources: tailwindcss_oxide::scanner: Discovering "/home/eldho/Documents/Betrora for coach/betrora-coach/README.md"
2026-02-01T19:52:45.711050Z  INFO scan_sources: tailwindcss_oxide::scanner: Discovering "/home/eldho/Documents/Betrora for coach/betrora-coach/public"
2026-02-01T19:52:45.711132Z  INFO scan_sources: tailwindcss_oxide::scanner: Discovering "/home/eldho/Documents/Betrora for coach/betrora-coach/public/window.svg"
2026-02-01T19:52:45.711166Z  INFO scan_sources: tailwindcss_oxide::scanner: Discovering "/home/eldho/Documents/Betrora for coach/betrora-coach/public/next.svg"
2026-02-01T19:52:45.711194Z  INFO scan_sources: tailwindcss_oxide::scanner: Discovering "/home/eldho/Documents/Betrora for coach/betrora-coach/public/file.svg"
2026-02-01T19:52:45.711223Z  INFO scan_sources: tailwindcss_oxide::scanner: Discovering "/home/eldho/Documents/Betrora for coach/betrora-coach/public/vercel.svg"
2026-02-01T19:52:45.711247Z  INFO scan_sources: tailwindcss_oxide::scanner: Discovering "/home/eldho/Documents/Betrora for coach/betrora-coach/public/globe.svg"
2026-02-01T19:52:45.711445Z  INFO scan_sources: tailwindcss_oxide::scanner: exit
2026-02-01T19:52:45.711467Z  INFO extract_candidates: tailwindcss_oxide::scanner: enter
2026-02-01T19:52:45.711491Z  INFO extract_candidates:read_all_files: tailwindcss_oxide::scanner: enter
2026-02-01T19:52:45.711501Z  INFO extract_candidates:read_all_files: tailwindcss_oxide::scanner: Reading 64 file(s)
2026-02-01T19:52:45.711986Z  INFO tailwindcss_oxide::scanner: Reading "/home/eldho/Documents/Betrora for coach/betrora-coach/next.config.ts"
2026-02-01T19:52:45.712041Z  INFO tailwindcss_oxide::scanner: Reading "/home/eldho/Documents/Betrora for coach/betrora-coach/src/app/api/ice-servers/route.ts"
2026-02-01T19:52:45.712073Z  INFO tailwindcss_oxide::scanner: Reading "/home/eldho/Documents/Betrora for coach/betrora-coach/src/middleware.ts"
2026-02-01T19:52:45.712100Z  INFO tailwindcss_oxide::scanner: Reading "/home/eldho/Documents/Betrora for coach/betrora-coach/src/app/api/coach-sessions/route.ts"
2026-02-01T19:52:45.712113Z  INFO tailwindcss_oxide::scanner: Reading "/home/eldho/Documents/Betrora for coach/betrora-coach/src/lib/types.ts"
2026-02-01T19:52:45.712152Z  INFO tailwindcss_oxide::scanner: Reading "/home/eldho/Documents/Betrora for coach/betrora-coach/src/lib/fetchPendingFeedback.ts"
2026-02-01T19:52:45.712179Z  INFO tailwindcss_oxide::scanner: Reading "/home/eldho/Documents/Betrora for coach/betrora-coach/src/lib/debugLogger.ts"
2026-02-01T19:52:45.712179Z  INFO tailwindcss_oxide::scanner: Reading "/home/eldho/Documents/Betrora for coach/betrora-coach/src/app/page.tsx"
2026-02-01T19:52:45.712211Z  INFO tailwindcss_oxide::scanner: Reading "/home/eldho/Documents/Betrora for coach/betrora-coach/src/lib/fetchGuidanceTasks.ts"
2026-02-01T19:52:45.712222Z  INFO tailwindcss_oxide::scanner: Reading "/home/eldho/Documents/Betrora for coach/betrora-coach/src/app/layout.tsx"
2026-02-01T19:52:45.712247Z  INFO tailwindcss_oxide::scanner: Reading "/home/eldho/Documents/Betrora for coach/betrora-coach/src/lib/supabaseClient.ts"
2026-02-01T19:52:45.712252Z  INFO tailwindcss_oxide::scanner: Reading "/home/eldho/Documents/Betrora for coach/betrora-coach/src/app/inbox/page.tsx"
2026-02-01T19:52:45.712268Z  INFO tailwindcss_oxide::scanner: Reading "/home/eldho/Documents/Betrora for coach/betrora-coach/src/app/clients/[userId]/page.tsx"
2026-02-01T19:52:45.712281Z  INFO tailwindcss_oxide::scanner: Reading "/home/eldho/Documents/Betrora for coach/betrora-coach/src/hooks/usePendingMessages.ts"
2026-02-01T19:52:45.712304Z  INFO tailwindcss_oxide::scanner: Reading "/home/eldho/Documents/Betrora for coach/betrora-coach/src/app/room/[sessionId]/page.tsx"
2026-02-01T19:52:45.712315Z  INFO tailwindcss_oxide::scanner: Reading "/home/eldho/Documents/Betrora for coach/betrora-coach/src/hooks/useImpersonation.ts"
2026-02-01T19:52:45.712327Z  INFO tailwindcss_oxide::scanner: Reading "/home/eldho/Documents/Betrora for coach/betrora-coach/src/app/clients/page.tsx"
2026-02-01T19:52:45.712342Z  INFO tailwindcss_oxide::scanner: Reading "/home/eldho/Documents/Betrora for coach/betrora-coach/src/hooks/useSupabaseAuth.ts"
2026-02-01T19:52:45.712372Z  INFO tailwindcss_oxide::scanner: Reading "/home/eldho/Documents/Betrora for coach/betrora-coach/src/app/availability/page.tsx"
2026-02-01T19:52:45.712373Z  INFO tailwindcss_oxide::scanner: Reading "/home/eldho/Documents/Betrora for coach/betrora-coach/src/app/room/[sessionId]/hooks/useWebRTC.ts"
2026-02-01T19:52:45.712379Z  INFO tailwindcss_oxide::scanner: Reading "/home/eldho/Documents/Betrora for coach/betrora-coach/src/app/reset-password/page.tsx"
2026-02-01T19:52:45.712408Z  INFO tailwindcss_oxide::scanner: Reading "/home/eldho/Documents/Betrora for coach/betrora-coach/src/app/availability/components/AvailabilityEditor.tsx"
2026-02-01T19:52:45.712421Z  INFO tailwindcss_oxide::scanner: Reading "/home/eldho/Documents/Betrora for coach/betrora-coach/src/app/profile/page.tsx"
2026-02-01T19:52:45.712446Z  INFO tailwindcss_oxide::scanner: Reading "/home/eldho/Documents/Betrora for coach/betrora-coach/src/app/sessions/page.tsx"
2026-02-01T19:52:45.712470Z  INFO tailwindcss_oxide::scanner: Reading "/home/eldho/Documents/Betrora for coach/betrora-coach/src/app/api/coach-availability/route.ts"
2026-02-01T19:52:45.712498Z  INFO tailwindcss_oxide::scanner: Reading "/home/eldho/Documents/Betrora for coach/betrora-coach/src/app/sessions/components/MeetingLinkForm.tsx"
2026-02-01T19:52:45.712507Z  INFO tailwindcss_oxide::scanner: Reading "/home/eldho/Documents/Betrora for coach/betrora-coach/src/app/api/coach-notes/route.ts"
2026-02-01T19:52:45.712532Z  INFO tailwindcss_oxide::scanner: Reading "/home/eldho/Documents/Betrora for coach/betrora-coach/src/app/sessions/components/SessionList.tsx"
2026-02-01T19:52:45.712541Z  INFO tailwindcss_oxide::scanner: Reading "/home/eldho/Documents/Betrora for coach/betrora-coach/src/app/api/send-feedback-message/route.ts"
2026-02-01T19:52:45.712566Z  INFO tailwindcss_oxide::scanner: Reading "/home/eldho/Documents/Betrora for coach/betrora-coach/src/components/Toast.tsx"
2026-02-01T19:52:45.712566Z  INFO tailwindcss_oxide::scanner: Reading "/home/eldho/Documents/Betrora for coach/betrora-coach/src/app/sessions/live/page.tsx"
2026-02-01T19:52:45.712601Z  INFO tailwindcss_oxide::scanner: Reading "/home/eldho/Documents/Betrora for coach/betrora-coach/src/components/MessageDetail.tsx"
2026-02-01T19:52:45.712619Z  INFO tailwindcss_oxide::scanner: Reading "/home/eldho/Documents/Betrora for coach/betrora-coach/src/app/login/page.tsx"
2026-02-01T19:52:45.712635Z  INFO tailwindcss_oxide::scanner: Reading "/home/eldho/Documents/Betrora for coach/betrora-coach/src/components/CinematicShell.tsx"
2026-02-01T19:52:45.712663Z  INFO tailwindcss_oxide::scanner: Reading "/home/eldho/Documents/Betrora for coach/betrora-coach/src/app/room/[sessionId]/components/Sidebar.tsx"
2026-02-01T19:52:45.712688Z  INFO tailwindcss_oxide::scanner: Reading "/home/eldho/Documents/Betrora for coach/betrora-coach/src/components/PendingSessionApprovalNotification.tsx"
2026-02-01T19:52:45.712691Z  INFO tailwindcss_oxide::scanner: Reading "/home/eldho/Documents/Betrora for coach/betrora-coach/src/app/room/[sessionId]/components/TasksPanel.tsx"
2026-02-01T19:52:45.712729Z  INFO tailwindcss_oxide::scanner: Reading "/home/eldho/Documents/Betrora for coach/betrora-coach/src/app/room/[sessionId]/components/RoomLayout.tsx"
2026-02-01T19:52:45.712732Z  INFO tailwindcss_oxide::scanner: Reading "/home/eldho/Documents/Betrora for coach/betrora-coach/src/components/GuidanceTasksSection.tsx"
2026-02-01T19:52:45.712785Z  INFO tailwindcss_oxide::scanner: Reading "/home/eldho/Documents/Betrora for coach/betrora-coach/src/components/CoachProfileForm.tsx"
2026-02-01T19:52:45.712449Z  INFO tailwindcss_oxide::scanner: Reading "/home/eldho/Documents/Betrora for coach/betrora-coach/src/app/room/[sessionId]/components/ChatPanel.tsx"
2026-02-01T19:52:45.712832Z  INFO tailwindcss_oxide::scanner: Reading "/home/eldho/Documents/Betrora for coach/betrora-coach/src/components/StatCard.tsx"
2026-02-01T19:52:45.712861Z  INFO tailwindcss_oxide::scanner: Reading "/home/eldho/Documents/Betrora for coach/betrora-coach/src/components/MessageList.tsx"
2026-02-01T19:52:45.712887Z  INFO tailwindcss_oxide::scanner: Reading "/home/eldho/Documents/Betrora for coach/betrora-coach/src/components/PendingFeedbackNotification.tsx"
2026-02-01T19:52:45.712911Z  INFO tailwindcss_oxide::scanner: Reading "/home/eldho/Documents/Betrora for coach/betrora-coach/src/components/Timeline.tsx"
2026-02-01T19:52:45.712936Z  INFO tailwindcss_oxide::scanner: Reading "/home/eldho/Documents/Betrora for coach/betrora-coach/src/components/ImpersonationBanner.tsx"
2026-02-01T19:52:45.712962Z  INFO tailwindcss_oxide::scanner: Reading "/home/eldho/Documents/Betrora for coach/betrora-coach/postcss.config.mjs"
2026-02-01T19:52:45.712984Z  INFO tailwindcss_oxide::scanner: Reading "/home/eldho/Documents/Betrora for coach/betrora-coach/tsconfig.json"
2026-02-01T19:52:45.713084Z  INFO tailwindcss_oxide::scanner: Reading "/home/eldho/Documents/Betrora for coach/betrora-coach/src/components/GuidanceTaskCreate.tsx"
2026-02-01T19:52:45.713142Z  INFO tailwindcss_oxide::scanner: Reading "/home/eldho/Documents/Betrora for coach/betrora-coach/src/components/GuidanceTaskEdit.tsx"
2026-02-01T19:52:45.713169Z  INFO tailwindcss_oxide::scanner: Reading "/home/eldho/Documents/Betrora for coach/betrora-coach/WEBRTC_README.md"
2026-02-01T19:52:45.713235Z  INFO tailwindcss_oxide::scanner: Reading "/home/eldho/Documents/Betrora for coach/betrora-coach/package.json"
2026-02-01T19:52:45.713291Z  INFO tailwindcss_oxide::scanner: Reading "/home/eldho/Documents/Betrora for coach/betrora-coach/src/components/ActiveClientsModal.tsx"
2026-02-01T19:52:45.713320Z  INFO tailwindcss_oxide::scanner: Reading "/home/eldho/Documents/Betrora for coach/betrora-coach/src/components/CoachNotesPanel.tsx"
2026-02-01T19:52:45.713374Z  INFO tailwindcss_oxide::scanner: Reading "/home/eldho/Documents/Betrora for coach/betrora-coach/src/components/MoodHeatmap.tsx"
2026-02-01T19:52:45.713562Z  INFO tailwindcss_oxide::scanner: Reading "/home/eldho/Documents/Betrora for coach/betrora-coach/eslint.config.mjs"
2026-02-01T19:52:45.712787Z  INFO tailwindcss_oxide::scanner: Reading "/home/eldho/Documents/Betrora for coach/betrora-coach/src/app/room/[sessionId]/components/VideoArea.tsx"
2026-02-01T19:52:45.714324Z  INFO tailwindcss_oxide::scanner: Reading "/home/eldho/Documents/Betrora for coach/betrora-coach/public/vercel.svg"
2026-02-01T19:52:45.714361Z  INFO tailwindcss_oxide::scanner: Reading "/home/eldho/Documents/Betrora for coach/betrora-coach/public/next.svg"
2026-02-01T19:52:45.714420Z  INFO tailwindcss_oxide::scanner: Reading "/home/eldho/Documents/Betrora for coach/betrora-coach/README.md"
2026-02-01T19:52:45.712451Z  INFO tailwindcss_oxide::scanner: Reading "/home/eldho/Documents/Betrora for coach/betrora-coach/src/app/dashboard/page.tsx"
2026-02-01T19:52:45.714506Z  INFO tailwindcss_oxide::scanner: Reading "/home/eldho/Documents/Betrora for coach/betrora-coach/public/globe.svg"
2026-02-01T19:52:45.714562Z  INFO tailwindcss_oxide::scanner: Reading "/home/eldho/Documents/Betrora for coach/betrora-coach/public/window.svg"
2026-02-01T19:52:45.714695Z  INFO tailwindcss_oxide::scanner: Reading "/home/eldho/Documents/Betrora for coach/betrora-coach/public/file.svg"
2026-02-01T19:52:45.714994Z  INFO extract_candidates:read_all_files: tailwindcss_oxide::scanner: exit
2026-02-01T19:52:45.715026Z  INFO extract_candidates:parse_all_blobs: tailwindcss_oxide::scanner: enter
2026-02-01T19:52:45.715039Z  INFO extract_candidates:parse_all_blobs:extract: tailwindcss_oxide::scanner: enter
2026-02-01T19:52:45.724990Z  INFO extract_candidates:parse_all_blobs:extract: tailwindcss_oxide::scanner: exit
2026-02-01T19:52:45.725492Z  INFO extract_candidates:parse_all_blobs: tailwindcss_oxide::scanner: exit
2026-02-01T19:52:45.725671Z  INFO extract_candidates:read_all_files: tailwindcss_oxide::scanner: enter
2026-02-01T19:52:45.725739Z  INFO extract_candidates:read_all_files: tailwindcss_oxide::scanner: Reading 1 file(s)
2026-02-01T19:52:45.725942Z  INFO extract_candidates:read_all_files: tailwindcss_oxide::scanner: Reading "/home/eldho/Documents/Betrora for coach/betrora-coach/src/app/globals.css"
2026-02-01T19:52:45.726098Z  INFO extract_candidates:read_all_files: tailwindcss_oxide::scanner: exit
2026-02-01T19:52:45.726194Z  INFO extract_candidates:extract_css_variables: tailwindcss_oxide::scanner: enter
2026-02-01T19:52:45.726247Z  INFO extract_candidates:extract_css_variables:extract: tailwindcss_oxide::scanner: enter
2026-02-01T19:52:45.726755Z  INFO extract_candidates:extract_css_variables:extract: tailwindcss_oxide::scanner: exit
2026-02-01T19:52:45.726856Z  INFO extract_candidates:extract_css_variables: tailwindcss_oxide::scanner: exit
2026-02-01T19:52:45.729553Z  INFO extract_candidates: tailwindcss_oxide::scanner: exit
2026-02-01T19:52:45.732866Z  INFO get_files: tailwindcss_oxide::scanner: enter
2026-02-01T19:52:45.732915Z  INFO get_files:scan_sources: tailwindcss_oxide::scanner: enter
2026-02-01T19:52:45.734611Z  INFO get_files:scan_sources: tailwindcss_oxide::scanner: Discovering "/home/eldho/Documents/Betrora for coach/betrora-coach/src"
2026-02-01T19:52:45.734725Z  INFO get_files:scan_sources: tailwindcss_oxide::scanner: Discovering "/home/eldho/Documents/Betrora for coach/betrora-coach/src/lib"
2026-02-01T19:52:45.734844Z  INFO get_files:scan_sources: tailwindcss_oxide::scanner: Discovering "/home/eldho/Documents/Betrora for coach/betrora-coach/src/hooks"
2026-02-01T19:52:45.734933Z  INFO get_files:scan_sources: tailwindcss_oxide::scanner: Discovering "/home/eldho/Documents/Betrora for coach/betrora-coach/src/app"
2026-02-01T19:52:45.734988Z  INFO get_files:scan_sources: tailwindcss_oxide::scanner: Discovering "/home/eldho/Documents/Betrora for coach/betrora-coach/src/app/availability"
2026-02-01T19:52:45.735062Z  INFO get_files:scan_sources: tailwindcss_oxide::scanner: Discovering "/home/eldho/Documents/Betrora for coach/betrora-coach/src/app/availability/components"
2026-02-01T19:52:45.736314Z  INFO get_files:scan_sources: tailwindcss_oxide::scanner: Discovering "/home/eldho/Documents/Betrora for coach/betrora-coach/src/app/sessions"
2026-02-01T19:52:45.736394Z  INFO get_files:scan_sources: tailwindcss_oxide::scanner: Discovering "/home/eldho/Documents/Betrora for coach/betrora-coach/src/app/sessions/components"
2026-02-01T19:52:45.736488Z  INFO get_files:scan_sources: tailwindcss_oxide::scanner: Discovering "/home/eldho/Documents/Betrora for coach/betrora-coach/src/app/sessions/live"
2026-02-01T19:52:45.736613Z  INFO get_files:scan_sources: tailwindcss_oxide::scanner: Discovering "/home/eldho/Documents/Betrora for coach/betrora-coach/src/app/clients"
2026-02-01T19:52:45.736679Z  INFO get_files:scan_sources: tailwindcss_oxide::scanner: Discovering "/home/eldho/Documents/Betrora for coach/betrora-coach/src/app/clients/[userId]"
2026-02-01T19:52:45.736784Z  INFO get_files:scan_sources: tailwindcss_oxide::scanner: Discovering "/home/eldho/Documents/Betrora for coach/betrora-coach/src/app/reset-password"
2026-02-01T19:52:45.736865Z  INFO get_files:scan_sources: tailwindcss_oxide::scanner: Discovering "/home/eldho/Documents/Betrora for coach/betrora-coach/src/app/profile"
2026-02-01T19:52:45.736944Z  INFO get_files:scan_sources: tailwindcss_oxide::scanner: Discovering "/home/eldho/Documents/Betrora for coach/betrora-coach/src/app/dashboard"
2026-02-01T19:52:45.737025Z  INFO get_files:scan_sources: tailwindcss_oxide::scanner: Discovering "/home/eldho/Documents/Betrora for coach/betrora-coach/src/app/login"
2026-02-01T19:52:45.737135Z  INFO get_files:scan_sources: tailwindcss_oxide::scanner: Discovering "/home/eldho/Documents/Betrora for coach/betrora-coach/src/app/inbox"
2026-02-01T19:52:45.737442Z  INFO get_files:scan_sources: tailwindcss_oxide::scanner: Discovering "/home/eldho/Documents/Betrora for coach/betrora-coach/src/app/room"
2026-02-01T19:52:45.737538Z  INFO get_files:scan_sources: tailwindcss_oxide::scanner: Discovering "/home/eldho/Documents/Betrora for coach/betrora-coach/src/app/room/[sessionId]"
2026-02-01T19:52:45.738264Z  INFO get_files:scan_sources: tailwindcss_oxide::scanner: Discovering "/home/eldho/Documents/Betrora for coach/betrora-coach/src/app/room/[sessionId]/hooks"
2026-02-01T19:52:45.738801Z  INFO get_files:scan_sources: tailwindcss_oxide::scanner: Discovering "/home/eldho/Documents/Betrora for coach/betrora-coach/src/app/room/[sessionId]/components"
2026-02-01T19:52:45.739075Z  INFO get_files:scan_sources: tailwindcss_oxide::scanner: Discovering "/home/eldho/Documents/Betrora for coach/betrora-coach/src/app/api"
2026-02-01T19:52:45.739136Z  INFO get_files:scan_sources: tailwindcss_oxide::scanner: Discovering "/home/eldho/Documents/Betrora for coach/betrora-coach/src/app/api/ice-servers"
2026-02-01T19:52:45.739195Z  INFO get_files:scan_sources: tailwindcss_oxide::scanner: Discovering "/home/eldho/Documents/Betrora for coach/betrora-coach/src/app/api/coach-sessions"
2026-02-01T19:52:45.739252Z  INFO get_files:scan_sources: tailwindcss_oxide::scanner: Discovering "/home/eldho/Documents/Betrora for coach/betrora-coach/src/app/api/coach-availability"
2026-02-01T19:52:45.739320Z  INFO get_files:scan_sources: tailwindcss_oxide::scanner: Discovering "/home/eldho/Documents/Betrora for coach/betrora-coach/src/app/api/coach-notes"
2026-02-01T19:52:45.739375Z  INFO get_files:scan_sources: tailwindcss_oxide::scanner: Discovering "/home/eldho/Documents/Betrora for coach/betrora-coach/src/app/api/send-feedback-message"
2026-02-01T19:52:45.739447Z  INFO get_files:scan_sources: tailwindcss_oxide::scanner: Discovering "/home/eldho/Documents/Betrora for coach/betrora-coach/src/components"
2026-02-01T19:52:45.739757Z  INFO get_files:scan_sources: tailwindcss_oxide::scanner: Discovering "/home/eldho/Documents/Betrora for coach/betrora-coach/public"
2026-02-01T19:52:45.739957Z  INFO get_files:scan_sources: tailwindcss_oxide::scanner: exit
2026-02-01T19:52:45.740195Z  INFO get_files: tailwindcss_oxide::scanner: exit
2026-02-01T19:52:45.740787Z  INFO get_globs: tailwindcss_oxide::scanner: enter
2026-02-01T19:52:45.740818Z  INFO get_globs:scan_sources: tailwindcss_oxide::scanner: enter
2026-02-01T19:52:45.741812Z  INFO get_globs:scan_sources: tailwindcss_oxide::scanner: Discovering "/home/eldho/Documents/Betrora for coach/betrora-coach/src"
2026-02-01T19:52:45.741944Z  INFO get_globs:scan_sources: tailwindcss_oxide::scanner: Discovering "/home/eldho/Documents/Betrora for coach/betrora-coach/src/lib"
2026-02-01T19:52:45.742105Z  INFO get_globs:scan_sources: tailwindcss_oxide::scanner: Discovering "/home/eldho/Documents/Betrora for coach/betrora-coach/src/hooks"
2026-02-01T19:52:45.742217Z  INFO get_globs:scan_sources: tailwindcss_oxide::scanner: Discovering "/home/eldho/Documents/Betrora for coach/betrora-coach/src/app"
2026-02-01T19:52:45.742286Z  INFO get_globs:scan_sources: tailwindcss_oxide::scanner: Discovering "/home/eldho/Documents/Betrora for coach/betrora-coach/src/app/availability"
2026-02-01T19:52:45.742372Z  INFO get_globs:scan_sources: tailwindcss_oxide::scanner: Discovering "/home/eldho/Documents/Betrora for coach/betrora-coach/src/app/availability/components"
2026-02-01T19:52:45.742463Z  INFO get_globs:scan_sources: tailwindcss_oxide::scanner: Discovering "/home/eldho/Documents/Betrora for coach/betrora-coach/src/app/sessions"
2026-02-01T19:52:45.742540Z  INFO get_globs:scan_sources: tailwindcss_oxide::scanner: Discovering "/home/eldho/Documents/Betrora for coach/betrora-coach/src/app/sessions/components"
2026-02-01T19:52:45.742634Z  INFO get_globs:scan_sources: tailwindcss_oxide::scanner: Discovering "/home/eldho/Documents/Betrora for coach/betrora-coach/src/app/sessions/live"
2026-02-01T19:52:45.742760Z  INFO get_globs:scan_sources: tailwindcss_oxide::scanner: Discovering "/home/eldho/Documents/Betrora for coach/betrora-coach/src/app/clients"
2026-02-01T19:52:45.742828Z  INFO get_globs:scan_sources: tailwindcss_oxide::scanner: Discovering "/home/eldho/Documents/Betrora for coach/betrora-coach/src/app/clients/[userId]"
2026-02-01T19:52:45.742937Z  INFO get_globs:scan_sources: tailwindcss_oxide::scanner: Discovering "/home/eldho/Documents/Betrora for coach/betrora-coach/src/app/reset-password"
2026-02-01T19:52:45.743026Z  INFO get_globs:scan_sources: tailwindcss_oxide::scanner: Discovering "/home/eldho/Documents/Betrora for coach/betrora-coach/src/app/profile"
2026-02-01T19:52:45.743135Z  INFO get_globs:scan_sources: tailwindcss_oxide::scanner: Discovering "/home/eldho/Documents/Betrora for coach/betrora-coach/src/app/dashboard"
2026-02-01T19:52:45.743215Z  INFO get_globs:scan_sources: tailwindcss_oxide::scanner: Discovering "/home/eldho/Documents/Betrora for coach/betrora-coach/src/app/login"
2026-02-01T19:52:45.743311Z  INFO get_globs:scan_sources: tailwindcss_oxide::scanner: Discovering "/home/eldho/Documents/Betrora for coach/betrora-coach/src/app/inbox"
2026-02-01T19:52:45.743389Z  INFO get_globs:scan_sources: tailwindcss_oxide::scanner: Discovering "/home/eldho/Documents/Betrora for coach/betrora-coach/src/app/room"
2026-02-01T19:52:45.743450Z  INFO get_globs:scan_sources: tailwindcss_oxide::scanner: Discovering "/home/eldho/Documents/Betrora for coach/betrora-coach/src/app/room/[sessionId]"
2026-02-01T19:52:45.743534Z  INFO get_globs:scan_sources: tailwindcss_oxide::scanner: Discovering "/home/eldho/Documents/Betrora for coach/betrora-coach/src/app/room/[sessionId]/hooks"
2026-02-01T19:52:45.743615Z  INFO get_globs:scan_sources: tailwindcss_oxide::scanner: Discovering "/home/eldho/Documents/Betrora for coach/betrora-coach/src/app/room/[sessionId]/components"
2026-02-01T19:52:45.743753Z  INFO get_globs:scan_sources: tailwindcss_oxide::scanner: Discovering "/home/eldho/Documents/Betrora for coach/betrora-coach/src/app/api"
2026-02-01T19:52:45.743820Z  INFO get_globs:scan_sources: tailwindcss_oxide::scanner: Discovering "/home/eldho/Documents/Betrora for coach/betrora-coach/src/app/api/ice-servers"
2026-02-01T19:52:45.743899Z  INFO get_globs:scan_sources: tailwindcss_oxide::scanner: Discovering "/home/eldho/Documents/Betrora for coach/betrora-coach/src/app/api/coach-sessions"
2026-02-01T19:52:45.743978Z  INFO get_globs:scan_sources: tailwindcss_oxide::scanner: Discovering "/home/eldho/Documents/Betrora for coach/betrora-coach/src/app/api/coach-availability"
2026-02-01T19:52:45.744089Z  INFO get_globs:scan_sources: tailwindcss_oxide::scanner: Discovering "/home/eldho/Documents/Betrora for coach/betrora-coach/src/app/api/coach-notes"
2026-02-01T19:52:45.744187Z  INFO get_globs:scan_sources: tailwindcss_oxide::scanner: Discovering "/home/eldho/Documents/Betrora for coach/betrora-coach/src/app/api/send-feedback-message"
2026-02-01T19:52:45.744295Z  INFO get_globs:scan_sources: tailwindcss_oxide::scanner: Discovering "/home/eldho/Documents/Betrora for coach/betrora-coach/src/components"
2026-02-01T19:52:45.744816Z  INFO get_globs:scan_sources: tailwindcss_oxide::scanner: Discovering "/home/eldho/Documents/Betrora for coach/betrora-coach/public"
2026-02-01T19:52:45.745130Z  INFO get_globs:scan_sources: tailwindcss_oxide::scanner: exit
2026-02-01T19:52:45.749669Z  INFO get_globs: tailwindcss_oxide::scanner: exit
