2026-02-01T19:48:50.285869Z  INFO tailwindcss_oxide::scanner: Provided sources:
2026-02-01T19:48:50.285917Z  INFO tailwindcss_oxide::scanner: Source: PublicSourceEntry { base: "/home/eldho/Documents/Betrora for coach/betrora-coach", pattern: "**/*", negated: false }
2026-02-01T19:48:50.286179Z  INFO tailwindcss_oxide::scanner: Optimized sources:
2026-02-01T19:48:50.286208Z  INFO tailwindcss_oxide::scanner: Source: Auto { base: "/home/eldho/Documents/Betrora for coach/betrora-coach" }
2026-02-01T19:48:50.288810Z  INFO scan_sources: tailwindcss_oxide::scanner: enter
2026-02-01T19:48:50.289828Z  INFO scan_sources: tailwindcss_oxide::scanner: Discovering "/home/eldho/Documents/Betrora for coach/betrora-coach/next.config.ts"
2026-02-01T19:48:50.290107Z  INFO scan_sources: tailwindcss_oxide::scanner: Discovering "/home/eldho/Documents/Betrora for coach/betrora-coach/src"
2026-02-01T19:48:50.290202Z  INFO scan_sources: tailwindcss_oxide::scanner: Discovering "/home/eldho/Documents/Betrora for coach/betrora-coach/src/middleware.ts"
2026-02-01T19:48:50.290252Z  INFO scan_sources: tailwindcss_oxide::scanner: Discovering "/home/eldho/Documents/Betrora for coach/betrora-coach/src/lib"
2026-02-01T19:48:50.290322Z  INFO scan_sources: tailwindcss_oxide::scanner: Discovering "/home/eldho/Documents/Betrora for coach/betrora-coach/src/lib/types.ts"
2026-02-01T19:48:50.290357Z  INFO scan_sources: tailwindcss_oxide::scanner: Discovering "/home/eldho/Documents/Betrora for coach/betrora-coach/src/lib/fetchPendingFeedback.ts"
2026-02-01T19:48:50.290397Z  INFO scan_sources: tailwindcss_oxide::scanner: Discovering "/home/eldho/Documents/Betrora for coach/betrora-coach/src/lib/debugLogger.ts"
2026-02-01T19:48:50.290430Z  INFO scan_sources: tailwindcss_oxide::scanner: Discovering "/home/eldho/Documents/Betrora for coach/betrora-coach/src/lib/fetchGuidanceTasks.ts"
2026-02-01T19:48:50.290458Z  INFO scan_sources: tailwindcss_oxide::scanner: Discovering "/home/eldho/Documents/Betrora for coach/betrora-coach/src/lib/supabaseClient.ts"
2026-02-01T19:48:50.290508Z  INFO scan_sources: tailwindcss_oxide::scanner: Discovering "/home/eldho/Documents/Betrora for coach/betrora-coach/src/hooks"
2026-02-01T19:48:50.290605Z  INFO scan_sources: tailwindcss_oxide::scanner: Discovering "/home/eldho/Documents/Betrora for coach/betrora-coach/src/hooks/usePendingMessages.ts"
2026-02-01T19:48:50.290679Z  INFO scan_sources: tailwindcss_oxide::scanner: Discovering "/home/eldho/Documents/Betrora for coach/betrora-coach/src/hooks/useImpersonation.ts"
2026-02-01T19:48:50.290747Z  INFO scan_sources: tailwindcss_oxide::scanner: Discovering "/home/eldho/Documents/Betrora for coach/betrora-coach/src/hooks/useSupabaseAuth.ts"
2026-02-01T19:48:50.290871Z  INFO scan_sources: tailwindcss_oxide::scanner: Discovering "/home/eldho/Documents/Betrora for coach/betrora-coach/src/app"
2026-02-01T19:48:50.291043Z  INFO scan_sources: tailwindcss_oxide::scanner: Discovering "/home/eldho/Documents/Betrora for coach/betrora-coach/src/app/availability"
2026-02-01T19:48:50.291435Z  INFO scan_sources: tailwindcss_oxide::scanner: Discovering "/home/eldho/Documents/Betrora for coach/betrora-coach/src/app/availability/page.tsx"
2026-02-01T19:48:50.291640Z  INFO scan_sources: tailwindcss_oxide::scanner: Discovering "/home/eldho/Documents/Betrora for coach/betrora-coach/src/app/availability/components"
2026-02-01T19:48:50.291765Z  INFO scan_sources: tailwindcss_oxide::scanner: Discovering "/home/eldho/Documents/Betrora for coach/betrora-coach/src/app/availability/components/AvailabilityEditor.tsx"
2026-02-01T19:48:50.291951Z  INFO scan_sources: tailwindcss_oxide::scanner: Discovering "/home/eldho/Documents/Betrora for coach/betrora-coach/src/app/sessions"
2026-02-01T19:48:50.292055Z  INFO scan_sources: tailwindcss_oxide::scanner: Discovering "/home/eldho/Documents/Betrora for coach/betrora-coach/src/app/sessions/page.tsx"
2026-02-01T19:48:50.292107Z  INFO scan_sources: tailwindcss_oxide::scanner: Discovering "/home/eldho/Documents/Betrora for coach/betrora-coach/src/app/sessions/components"
2026-02-01T19:48:50.292362Z  INFO scan_sources: tailwindcss_oxide::scanner: Discovering "/home/eldho/Documents/Betrora for coach/betrora-coach/src/app/sessions/components/MeetingLinkForm.tsx"
2026-02-01T19:48:50.292481Z  INFO scan_sources: tailwindcss_oxide::scanner: Discovering "/home/eldho/Documents/Betrora for coach/betrora-coach/src/app/sessions/components/SessionList.tsx"
2026-02-01T19:48:50.292542Z  INFO scan_sources: tailwindcss_oxide::scanner: Discovering "/home/eldho/Documents/Betrora for coach/betrora-coach/src/app/sessions/live"
2026-02-01T19:48:50.292610Z  INFO scan_sources: tailwindcss_oxide::scanner: Discovering "/home/eldho/Documents/Betrora for coach/betrora-coach/src/app/sessions/live/page.tsx"
2026-02-01T19:48:50.292659Z  INFO scan_sources: tailwindcss_oxide::scanner: Discovering "/home/eldho/Documents/Betrora for coach/betrora-coach/src/app/page.tsx"
2026-02-01T19:48:50.292709Z  INFO scan_sources: tailwindcss_oxide::scanner: Discovering "/home/eldho/Documents/Betrora for coach/betrora-coach/src/app/layout.tsx"
2026-02-01T19:48:50.292765Z  INFO scan_sources: tailwindcss_oxide::scanner: Discovering "/home/eldho/Documents/Betrora for coach/betrora-coach/src/app/clients"
2026-02-01T19:48:50.292843Z  INFO scan_sources: tailwindcss_oxide::scanner: Discovering "/home/eldho/Documents/Betrora for coach/betrora-coach/src/app/clients/[userId]"
2026-02-01T19:48:50.292907Z  INFO scan_sources: tailwindcss_oxide::scanner: Discovering "/home/eldho/Documents/Betrora for coach/betrora-coach/src/app/clients/[userId]/page.tsx"
2026-02-01T19:48:50.292944Z  INFO scan_sources: tailwindcss_oxide::scanner: Discovering "/home/eldho/Documents/Betrora for coach/betrora-coach/src/app/clients/page.tsx"
2026-02-01T19:48:50.292995Z  INFO scan_sources: tailwindcss_oxide::scanner: Discovering "/home/eldho/Documents/Betrora for coach/betrora-coach/src/app/reset-password"
2026-02-01T19:48:50.293052Z  INFO scan_sources: tailwindcss_oxide::scanner: Discovering "/home/eldho/Documents/Betrora for coach/betrora-coach/src/app/reset-password/page.tsx"
2026-02-01T19:48:50.293111Z  INFO scan_sources: tailwindcss_oxide::scanner: Discovering "/home/eldho/Documents/Betrora for coach/betrora-coach/src/app/profile"
2026-02-01T19:48:50.293166Z  INFO scan_sources: tailwindcss_oxide::scanner: Discovering "/home/eldho/Documents/Betrora for coach/betrora-coach/src/app/profile/page.tsx"
2026-02-01T19:48:50.293212Z  INFO scan_sources: tailwindcss_oxide::scanner: Discovering "/home/eldho/Documents/Betrora for coach/betrora-coach/src/app/dashboard"
2026-02-01T19:48:50.293272Z  INFO scan_sources: tailwindcss_oxide::scanner: Discovering "/home/eldho/Documents/Betrora for coach/betrora-coach/src/app/dashboard/page.tsx"
2026-02-01T19:48:50.293317Z  INFO scan_sources: tailwindcss_oxide::scanner: Discovering "/home/eldho/Documents/Betrora for coach/betrora-coach/src/app/login"
2026-02-01T19:48:50.293385Z  INFO scan_sources: tailwindcss_oxide::scanner: Discovering "/home/eldho/Documents/Betrora for coach/betrora-coach/src/app/login/page.tsx"
2026-02-01T19:48:50.293430Z  INFO scan_sources: tailwindcss_oxide::scanner: Discovering "/home/eldho/Documents/Betrora for coach/betrora-coach/src/app/globals.css"
2026-02-01T19:48:50.293468Z  INFO scan_sources: tailwindcss_oxide::scanner: Discovering "/home/eldho/Documents/Betrora for coach/betrora-coach/src/app/inbox"
2026-02-01T19:48:50.293525Z  INFO scan_sources: tailwindcss_oxide::scanner: Discovering "/home/eldho/Documents/Betrora for coach/betrora-coach/src/app/inbox/page.tsx"
2026-02-01T19:48:50.293570Z  INFO scan_sources: tailwindcss_oxide::scanner: Discovering "/home/eldho/Documents/Betrora for coach/betrora-coach/src/app/room"
2026-02-01T19:48:50.293633Z  INFO scan_sources: tailwindcss_oxide::scanner: Discovering "/home/eldho/Documents/Betrora for coach/betrora-coach/src/app/room/[sessionId]"
2026-02-01T19:48:50.293688Z  INFO scan_sources: tailwindcss_oxide::scanner: Discovering "/home/eldho/Documents/Betrora for coach/betrora-coach/src/app/room/[sessionId]/page.tsx"
2026-02-01T19:48:50.293728Z  INFO scan_sources: tailwindcss_oxide::scanner: Discovering "/home/eldho/Documents/Betrora for coach/betrora-coach/src/app/room/[sessionId]/hooks"
2026-02-01T19:48:50.293796Z  INFO scan_sources: tailwindcss_oxide::scanner: Discovering "/home/eldho/Documents/Betrora for coach/betrora-coach/src/app/room/[sessionId]/hooks/useWebRTC.ts"
2026-02-01T19:48:50.293847Z  INFO scan_sources: tailwindcss_oxide::scanner: Discovering "/home/eldho/Documents/Betrora for coach/betrora-coach/src/app/room/[sessionId]/components"
2026-02-01T19:48:50.294005Z  INFO scan_sources: tailwindcss_oxide::scanner: Discovering "/home/eldho/Documents/Betrora for coach/betrora-coach/src/app/room/[sessionId]/components/ChatPanel.tsx"
2026-02-01T19:48:50.294672Z  INFO scan_sources: tailwindcss_oxide::scanner: Discovering "/home/eldho/Documents/Betrora for coach/betrora-coach/src/app/room/[sessionId]/components/Sidebar.tsx"
2026-02-01T19:48:50.294907Z  INFO scan_sources: tailwindcss_oxide::scanner: Discovering "/home/eldho/Documents/Betrora for coach/betrora-coach/src/app/room/[sessionId]/components/TasksPanel.tsx"
2026-02-01T19:48:50.295131Z  INFO scan_sources: tailwindcss_oxide::scanner: Discovering "/home/eldho/Documents/Betrora for coach/betrora-coach/src/app/room/[sessionId]/components/RoomLayout.tsx"
2026-02-01T19:48:50.295376Z  INFO scan_sources: tailwindcss_oxide::scanner: Discovering "/home/eldho/Documents/Betrora for coach/betrora-coach/src/app/room/[sessionId]/components/VideoArea.tsx"
2026-02-01T19:48:50.295737Z  INFO scan_sources: tailwindcss_oxide::scanner: Discovering "/home/eldho/Documents/Betrora for coach/betrora-coach/src/app/api"
2026-02-01T19:48:50.295943Z  INFO scan_sources: tailwindcss_oxide::scanner: Discovering "/home/eldho/Documents/Betrora for coach/betrora-coach/src/app/api/ice-servers"
2026-02-01T19:48:50.296014Z  INFO scan_sources: tailwindcss_oxide::scanner: Discovering "/home/eldho/Documents/Betrora for coach/betrora-coach/src/app/api/ice-servers/route.ts"
2026-02-01T19:48:50.296073Z  INFO scan_sources: tailwindcss_oxide::scanner: Discovering "/home/eldho/Documents/Betrora for coach/betrora-coach/src/app/api/coach-sessions"
2026-02-01T19:48:50.296132Z  INFO scan_sources: tailwindcss_oxide::scanner: Discovering "/home/eldho/Documents/Betrora for coach/betrora-coach/src/app/api/coach-sessions/route.ts"
2026-02-01T19:48:50.296176Z  INFO scan_sources: tailwindcss_oxide::scanner: Discovering "/home/eldho/Documents/Betrora for coach/betrora-coach/src/app/api/coach-availability"
2026-02-01T19:48:50.296234Z  INFO scan_sources: tailwindcss_oxide::scanner: Discovering "/home/eldho/Documents/Betrora for coach/betrora-coach/src/app/api/coach-availability/route.ts"
2026-02-01T19:48:50.296330Z  INFO scan_sources: tailwindcss_oxide::scanner: Discovering "/home/eldho/Documents/Betrora for coach/betrora-coach/src/app/api/coach-notes"
2026-02-01T19:48:50.296410Z  INFO scan_sources: tailwindcss_oxide::scanner: Discovering "/home/eldho/Documents/Betrora for coach/betrora-coach/src/app/api/coach-notes/route.ts"
2026-02-01T19:48:50.296467Z  INFO scan_sources: tailwindcss_oxide::scanner: Discovering "/home/eldho/Documents/Betrora for coach/betrora-coach/src/app/api/send-feedback-message"
2026-02-01T19:48:50.296523Z  INFO scan_sources: tailwindcss_oxide::scanner: Discovering "/home/eldho/Documents/Betrora for coach/betrora-coach/src/app/api/send-feedback-message/route.ts"
2026-02-01T19:48:50.296594Z  INFO scan_sources: tailwindcss_oxide::scanner: Discovering "/home/eldho/Documents/Betrora for coach/betrora-coach/src/components"
2026-02-01T19:48:50.296681Z  INFO scan_sources: tailwindcss_oxide::scanner: Discovering "/home/eldho/Documents/Betrora for coach/betrora-coach/src/components/Toast.tsx"
2026-02-01T19:48:50.296739Z  INFO scan_sources: tailwindcss_oxide::scanner: Discovering "/home/eldho/Documents/Betrora for coach/betrora-coach/src/components/MessageDetail.tsx"
2026-02-01T19:48:50.296788Z  INFO scan_sources: tailwindcss_oxide::scanner: Discovering "/home/eldho/Documents/Betrora for coach/betrora-coach/src/components/CinematicShell.tsx"
2026-02-01T19:48:50.296822Z  INFO scan_sources: tailwindcss_oxide::scanner: Discovering "/home/eldho/Documents/Betrora for coach/betrora-coach/src/components/PendingSessionApprovalNotification.tsx"
2026-02-01T19:48:50.296868Z  INFO scan_sources: tailwindcss_oxide::scanner: Discovering "/home/eldho/Documents/Betrora for coach/betrora-coach/src/components/GuidanceTasksSection.tsx"
2026-02-01T19:48:50.296896Z  INFO scan_sources: tailwindcss_oxide::scanner: Discovering "/home/eldho/Documents/Betrora for coach/betrora-coach/src/components/CoachProfileForm.tsx"
2026-02-01T19:48:50.296923Z  INFO scan_sources: tailwindcss_oxide::scanner: Discovering "/home/eldho/Documents/Betrora for coach/betrora-coach/src/components/GuidanceTaskCreate.tsx"
2026-02-01T19:48:50.296948Z  INFO scan_sources: tailwindcss_oxide::scanner: Discovering "/home/eldho/Documents/Betrora for coach/betrora-coach/src/components/GuidanceTaskEdit.tsx"
2026-02-01T19:48:50.296973Z  INFO scan_sources: tailwindcss_oxide::scanner: Discovering "/home/eldho/Documents/Betrora for coach/betrora-coach/src/components/ActiveClientsModal.tsx"
2026-02-01T19:48:50.296999Z  INFO scan_sources: tailwindcss_oxide::scanner: Discovering "/home/eldho/Documents/Betrora for coach/betrora-coach/src/components/CoachNotesPanel.tsx"
2026-02-01T19:48:50.297027Z  INFO scan_sources: tailwindcss_oxide::scanner: Discovering "/home/eldho/Documents/Betrora for coach/betrora-coach/src/components/MoodHeatmap.tsx"
2026-02-01T19:48:50.297051Z  INFO scan_sources: tailwindcss_oxide::scanner: Discovering "/home/eldho/Documents/Betrora for coach/betrora-coach/src/components/StatCard.tsx"
2026-02-01T19:48:50.297085Z  INFO scan_sources: tailwindcss_oxide::scanner: Discovering "/home/eldho/Documents/Betrora for coach/betrora-coach/src/components/MessageList.tsx"
2026-02-01T19:48:50.297111Z  INFO scan_sources: tailwindcss_oxide::scanner: Discovering "/home/eldho/Documents/Betrora for coach/betrora-coach/src/components/PendingFeedbackNotification.tsx"
2026-02-01T19:48:50.297141Z  INFO scan_sources: tailwindcss_oxide::scanner: Discovering "/home/eldho/Documents/Betrora for coach/betrora-coach/src/components/Timeline.tsx"
2026-02-01T19:48:50.297168Z  INFO scan_sources: tailwindcss_oxide::scanner: Discovering "/home/eldho/Documents/Betrora for coach/betrora-coach/src/components/ImpersonationBanner.tsx"
2026-02-01T19:48:50.297229Z  INFO scan_sources: tailwindcss_oxide::scanner: Discovering "/home/eldho/Documents/Betrora for coach/betrora-coach/postcss.config.mjs"
2026-02-01T19:48:50.297264Z  INFO scan_sources: tailwindcss_oxide::scanner: Discovering "/home/eldho/Documents/Betrora for coach/betrora-coach/tsconfig.json"
2026-02-01T19:48:50.297360Z  INFO scan_sources: tailwindcss_oxide::scanner: Discovering "/home/eldho/Documents/Betrora for coach/betrora-coach/WEBRTC_README.md"
2026-02-01T19:48:50.297395Z  INFO scan_sources: tailwindcss_oxide::scanner: Discovering "/home/eldho/Documents/Betrora for coach/betrora-coach/package.json"
2026-02-01T19:48:50.297473Z  INFO scan_sources: tailwindcss_oxide::scanner: Discovering "/home/eldho/Documents/Betrora for coach/betrora-coach/eslint.config.mjs"
2026-02-01T19:48:50.297640Z  INFO scan_sources: tailwindcss_oxide::scanner: Discovering "/home/eldho/Documents/Betrora for coach/betrora-coach/README.md"
2026-02-01T19:48:50.297797Z  INFO scan_sources: tailwindcss_oxide::scanner: Discovering "/home/eldho/Documents/Betrora for coach/betrora-coach/public"
2026-02-01T19:48:50.297969Z  INFO scan_sources: tailwindcss_oxide::scanner: Discovering "/home/eldho/Documents/Betrora for coach/betrora-coach/public/window.svg"
2026-02-01T19:48:50.298088Z  INFO scan_sources: tailwindcss_oxide::scanner: Discovering "/home/eldho/Documents/Betrora for coach/betrora-coach/public/next.svg"
2026-02-01T19:48:50.298169Z  INFO scan_sources: tailwindcss_oxide::scanner: Discovering "/home/eldho/Documents/Betrora for coach/betrora-coach/public/file.svg"
2026-02-01T19:48:50.298260Z  INFO scan_sources: tailwindcss_oxide::scanner: Discovering "/home/eldho/Documents/Betrora for coach/betrora-coach/public/vercel.svg"
2026-02-01T19:48:50.298333Z  INFO scan_sources: tailwindcss_oxide::scanner: Discovering "/home/eldho/Documents/Betrora for coach/betrora-coach/public/globe.svg"
2026-02-01T19:48:50.299144Z  INFO scan_sources: tailwindcss_oxide::scanner: exit
2026-02-01T19:48:50.299189Z  INFO extract_candidates: tailwindcss_oxide::scanner: enter
2026-02-01T19:48:50.299220Z  INFO extract_candidates:read_all_files: tailwindcss_oxide::scanner: enter
2026-02-01T19:48:50.299233Z  INFO extract_candidates:read_all_files: tailwindcss_oxide::scanner: Reading 64 file(s)
2026-02-01T19:48:50.299911Z  INFO tailwindcss_oxide::scanner: Reading "/home/eldho/Documents/Betrora for coach/betrora-coach/src/hooks/useImpersonation.ts"
2026-02-01T19:48:50.299935Z  INFO tailwindcss_oxide::scanner: Reading "/home/eldho/Documents/Betrora for coach/betrora-coach/src/app/page.tsx"
2026-02-01T19:48:50.300038Z  INFO tailwindcss_oxide::scanner: Reading "/home/eldho/Documents/Betrora for coach/betrora-coach/src/hooks/useSupabaseAuth.ts"
2026-02-01T19:48:50.300107Z  INFO tailwindcss_oxide::scanner: Reading "/home/eldho/Documents/Betrora for coach/betrora-coach/src/app/layout.tsx"
2026-02-01T19:48:50.300144Z  INFO tailwindcss_oxide::scanner: Reading "/home/eldho/Documents/Betrora for coach/betrora-coach/src/app/clients/[userId]/page.tsx"
2026-02-01T19:48:50.300236Z  INFO tailwindcss_oxide::scanner: Reading "/home/eldho/Documents/Betrora for coach/betrora-coach/src/app/api/ice-servers/route.ts"
2026-02-01T19:48:50.299920Z  INFO tailwindcss_oxide::scanner: Reading "/home/eldho/Documents/Betrora for coach/betrora-coach/next.config.ts"
2026-02-01T19:48:50.300435Z  INFO tailwindcss_oxide::scanner: Reading "/home/eldho/Documents/Betrora for coach/betrora-coach/src/app/clients/page.tsx"
2026-02-01T19:48:50.300519Z  INFO tailwindcss_oxide::scanner: Reading "/home/eldho/Documents/Betrora for coach/betrora-coach/src/app/availability/page.tsx"
2026-02-01T19:48:50.300557Z  INFO tailwindcss_oxide::scanner: Reading "/home/eldho/Documents/Betrora for coach/betrora-coach/src/app/availability/components/AvailabilityEditor.tsx"
2026-02-01T19:48:50.300580Z  INFO tailwindcss_oxide::scanner: Reading "/home/eldho/Documents/Betrora for coach/betrora-coach/src/middleware.ts"
2026-02-01T19:48:50.300633Z  INFO tailwindcss_oxide::scanner: Reading "/home/eldho/Documents/Betrora for coach/betrora-coach/src/app/reset-password/page.tsx"
2026-02-01T19:48:50.300691Z  INFO tailwindcss_oxide::scanner: Reading "/home/eldho/Documents/Betrora for coach/betrora-coach/src/app/api/coach-sessions/route.ts"
2026-02-01T19:48:50.300759Z  INFO tailwindcss_oxide::scanner: Reading "/home/eldho/Documents/Betrora for coach/betrora-coach/src/lib/types.ts"
2026-02-01T19:48:50.300760Z  INFO tailwindcss_oxide::scanner: Reading "/home/eldho/Documents/Betrora for coach/betrora-coach/src/app/profile/page.tsx"
2026-02-01T19:48:50.300810Z  INFO tailwindcss_oxide::scanner: Reading "/home/eldho/Documents/Betrora for coach/betrora-coach/src/lib/fetchPendingFeedback.ts"
2026-02-01T19:48:50.300823Z  INFO tailwindcss_oxide::scanner: Reading "/home/eldho/Documents/Betrora for coach/betrora-coach/src/app/sessions/page.tsx"
2026-02-01T19:48:50.300836Z  INFO tailwindcss_oxide::scanner: Reading "/home/eldho/Documents/Betrora for coach/betrora-coach/src/lib/debugLogger.ts"
2026-02-01T19:48:50.300860Z  INFO tailwindcss_oxide::scanner: Reading "/home/eldho/Documents/Betrora for coach/betrora-coach/src/app/sessions/components/MeetingLinkForm.tsx"
2026-02-01T19:48:50.300861Z  INFO tailwindcss_oxide::scanner: Reading "/home/eldho/Documents/Betrora for coach/betrora-coach/src/lib/fetchGuidanceTasks.ts"
2026-02-01T19:48:50.300902Z  INFO tailwindcss_oxide::scanner: Reading "/home/eldho/Documents/Betrora for coach/betrora-coach/src/app/sessions/components/SessionList.tsx"
2026-02-01T19:48:50.300982Z  INFO tailwindcss_oxide::scanner: Reading "/home/eldho/Documents/Betrora for coach/betrora-coach/src/app/dashboard/page.tsx"
2026-02-01T19:48:50.301099Z  INFO tailwindcss_oxide::scanner: Reading "/home/eldho/Documents/Betrora for coach/betrora-coach/src/app/api/coach-availability/route.ts"
2026-02-01T19:48:50.301246Z  INFO tailwindcss_oxide::scanner: Reading "/home/eldho/Documents/Betrora for coach/betrora-coach/src/app/login/page.tsx"
2026-02-01T19:48:50.301346Z  INFO tailwindcss_oxide::scanner: Reading "/home/eldho/Documents/Betrora for coach/betrora-coach/src/app/sessions/live/page.tsx"
2026-02-01T19:48:50.301385Z  INFO tailwindcss_oxide::scanner: Reading "/home/eldho/Documents/Betrora for coach/betrora-coach/src/app/room/[sessionId]/components/Sidebar.tsx"
2026-02-01T19:48:50.301430Z  INFO tailwindcss_oxide::scanner: Reading "/home/eldho/Documents/Betrora for coach/betrora-coach/src/app/room/[sessionId]/components/TasksPanel.tsx"
2026-02-01T19:48:50.301455Z  INFO tailwindcss_oxide::scanner: Reading "/home/eldho/Documents/Betrora for coach/betrora-coach/src/lib/supabaseClient.ts"
2026-02-01T19:48:50.301479Z  INFO tailwindcss_oxide::scanner: Reading "/home/eldho/Documents/Betrora for coach/betrora-coach/src/app/room/[sessionId]/components/RoomLayout.tsx"
2026-02-01T19:48:50.301479Z  INFO tailwindcss_oxide::scanner: Reading "/home/eldho/Documents/Betrora for coach/betrora-coach/src/app/api/coach-notes/route.ts"
2026-02-01T19:48:50.301497Z  INFO tailwindcss_oxide::scanner: Reading "/home/eldho/Documents/Betrora for coach/betrora-coach/src/hooks/usePendingMessages.ts"
2026-02-01T19:48:50.301525Z  INFO tailwindcss_oxide::scanner: Reading "/home/eldho/Documents/Betrora for coach/betrora-coach/src/app/room/[sessionId]/components/VideoArea.tsx"
2026-02-01T19:48:50.301556Z  INFO tailwindcss_oxide::scanner: Reading "/home/eldho/Documents/Betrora for coach/betrora-coach/src/app/room/[sessionId]/components/ChatPanel.tsx"
2026-02-01T19:48:50.301565Z  INFO tailwindcss_oxide::scanner: Reading "/home/eldho/Documents/Betrora for coach/betrora-coach/src/app/room/[sessionId]/hooks/useWebRTC.ts"
2026-02-01T19:48:50.301610Z  INFO tailwindcss_oxide::scanner: Reading "/home/eldho/Documents/Betrora for coach/betrora-coach/src/app/inbox/page.tsx"
2026-02-01T19:48:50.301628Z  INFO tailwindcss_oxide::scanner: Reading "/home/eldho/Documents/Betrora for coach/betrora-coach/src/components/StatCard.tsx"
2026-02-01T19:48:50.301655Z  INFO tailwindcss_oxide::scanner: Reading "/home/eldho/Documents/Betrora for coach/betrora-coach/src/components/MessageList.tsx"
2026-02-01T19:48:50.301667Z  INFO tailwindcss_oxide::scanner: Reading "/home/eldho/Documents/Betrora for coach/betrora-coach/src/components/PendingSessionApprovalNotification.tsx"
2026-02-01T19:48:50.301684Z  INFO tailwindcss_oxide::scanner: Reading "/home/eldho/Documents/Betrora for coach/betrora-coach/src/components/PendingFeedbackNotification.tsx"
2026-02-01T19:48:50.301710Z  INFO tailwindcss_oxide::scanner: Reading "/home/eldho/Documents/Betrora for coach/betrora-coach/src/components/Timeline.tsx"
2026-02-01T19:48:50.301718Z  INFO tailwindcss_oxide::scanner: Reading "/home/eldho/Documents/Betrora for coach/betrora-coach/src/components/GuidanceTasksSection.tsx"
2026-02-01T19:48:50.301775Z  INFO tailwindcss_oxide::scanner: Reading "/home/eldho/Documents/Betrora for coach/betrora-coach/src/components/CoachProfileForm.tsx"
2026-02-01T19:48:50.301803Z  INFO tailwindcss_oxide::scanner: Reading "/home/eldho/Documents/Betrora for coach/betrora-coach/src/components/GuidanceTaskCreate.tsx"
2026-02-01T19:48:50.301840Z  INFO tailwindcss_oxide::scanner: Reading "/home/eldho/Documents/Betrora for coach/betrora-coach/src/components/GuidanceTaskEdit.tsx"
2026-02-01T19:48:50.301870Z  INFO tailwindcss_oxide::scanner: Reading "/home/eldho/Documents/Betrora for coach/betrora-coach/src/components/ActiveClientsModal.tsx"
2026-02-01T19:48:50.301900Z  INFO tailwindcss_oxide::scanner: Reading "/home/eldho/Documents/Betrora for coach/betrora-coach/src/components/CoachNotesPanel.tsx"
2026-02-01T19:48:50.301943Z  INFO tailwindcss_oxide::scanner: Reading "/home/eldho/Documents/Betrora for coach/betrora-coach/src/components/MoodHeatmap.tsx"
2026-02-01T19:48:50.301974Z  INFO tailwindcss_oxide::scanner: Reading "/home/eldho/Documents/Betrora for coach/betrora-coach/src/components/MessageDetail.tsx"
2026-02-01T19:48:50.302078Z  INFO tailwindcss_oxide::scanner: Reading "/home/eldho/Documents/Betrora for coach/betrora-coach/src/components/CinematicShell.tsx"
2026-02-01T19:48:50.302133Z  INFO tailwindcss_oxide::scanner: Reading "/home/eldho/Documents/Betrora for coach/betrora-coach/package.json"
2026-02-01T19:48:50.302169Z  INFO tailwindcss_oxide::scanner: Reading "/home/eldho/Documents/Betrora for coach/betrora-coach/eslint.config.mjs"
2026-02-01T19:48:50.302198Z  INFO tailwindcss_oxide::scanner: Reading "/home/eldho/Documents/Betrora for coach/betrora-coach/README.md"
2026-02-01T19:48:50.302444Z  INFO tailwindcss_oxide::scanner: Reading "/home/eldho/Documents/Betrora for coach/betrora-coach/src/app/api/send-feedback-message/route.ts"
2026-02-01T19:48:50.302687Z  INFO tailwindcss_oxide::scanner: Reading "/home/eldho/Documents/Betrora for coach/betrora-coach/src/components/ImpersonationBanner.tsx"
2026-02-01T19:48:50.302698Z  INFO tailwindcss_oxide::scanner: Reading "/home/eldho/Documents/Betrora for coach/betrora-coach/src/components/Toast.tsx"
2026-02-01T19:48:50.302901Z  INFO tailwindcss_oxide::scanner: Reading "/home/eldho/Documents/Betrora for coach/betrora-coach/public/window.svg"
2026-02-01T19:48:50.302941Z  INFO tailwindcss_oxide::scanner: Reading "/home/eldho/Documents/Betrora for coach/betrora-coach/tsconfig.json"
2026-02-01T19:48:50.302881Z  INFO tailwindcss_oxide::scanner: Reading "/home/eldho/Documents/Betrora for coach/betrora-coach/src/app/room/[sessionId]/page.tsx"
2026-02-01T19:48:50.302980Z  INFO tailwindcss_oxide::scanner: Reading "/home/eldho/Documents/Betrora for coach/betrora-coach/WEBRTC_README.md"
2026-02-01T19:48:50.303062Z  INFO tailwindcss_oxide::scanner: Reading "/home/eldho/Documents/Betrora for coach/betrora-coach/public/next.svg"
2026-02-01T19:48:50.303108Z  INFO tailwindcss_oxide::scanner: Reading "/home/eldho/Documents/Betrora for coach/betrora-coach/public/vercel.svg"
2026-02-01T19:48:50.303117Z  INFO tailwindcss_oxide::scanner: Reading "/home/eldho/Documents/Betrora for coach/betrora-coach/postcss.config.mjs"
2026-02-01T19:48:50.303233Z  INFO tailwindcss_oxide::scanner: Reading "/home/eldho/Documents/Betrora for coach/betrora-coach/public/file.svg"
2026-02-01T19:48:50.303302Z  INFO tailwindcss_oxide::scanner: Reading "/home/eldho/Documents/Betrora for coach/betrora-coach/public/globe.svg"
2026-02-01T19:48:50.303508Z  INFO extract_candidates:read_all_files: tailwindcss_oxide::scanner: exit
2026-02-01T19:48:50.303530Z  INFO extract_candidates:parse_all_blobs: tailwindcss_oxide::scanner: enter
2026-02-01T19:48:50.303544Z  INFO extract_candidates:parse_all_blobs:extract: tailwindcss_oxide::scanner: enter
2026-02-01T19:48:50.310837Z  INFO extract_candidates:parse_all_blobs:extract: tailwindcss_oxide::scanner: exit
2026-02-01T19:48:50.311137Z  INFO extract_candidates:parse_all_blobs: tailwindcss_oxide::scanner: exit
2026-02-01T19:48:50.311167Z  INFO extract_candidates:read_all_files: tailwindcss_oxide::scanner: enter
2026-02-01T19:48:50.311192Z  INFO extract_candidates:read_all_files: tailwindcss_oxide::scanner: Reading 1 file(s)
2026-02-01T19:48:50.311281Z  INFO extract_candidates:read_all_files: tailwindcss_oxide::scanner: Reading "/home/eldho/Documents/Betrora for coach/betrora-coach/src/app/globals.css"
2026-02-01T19:48:50.311299Z  INFO extract_candidates:read_all_files: tailwindcss_oxide::scanner: exit
2026-02-01T19:48:50.311308Z  INFO extract_candidates:extract_css_variables: tailwindcss_oxide::scanner: enter
2026-02-01T19:48:50.311316Z  INFO extract_candidates:extract_css_variables:extract: tailwindcss_oxide::scanner: enter
2026-02-01T19:48:50.311602Z  INFO extract_candidates:extract_css_variables:extract: tailwindcss_oxide::scanner: exit
2026-02-01T19:48:50.311677Z  INFO extract_candidates:extract_css_variables: tailwindcss_oxide::scanner: exit
2026-02-01T19:48:50.312939Z  INFO extract_candidates: tailwindcss_oxide::scanner: exit
2026-02-01T19:48:50.315693Z  INFO get_files: tailwindcss_oxide::scanner: enter
2026-02-01T19:48:50.315778Z  INFO get_files:scan_sources: tailwindcss_oxide::scanner: enter
2026-02-01T19:48:50.316748Z  INFO get_files:scan_sources: tailwindcss_oxide::scanner: Discovering "/home/eldho/Documents/Betrora for coach/betrora-coach/src"
2026-02-01T19:48:50.316868Z  INFO get_files:scan_sources: tailwindcss_oxide::scanner: Discovering "/home/eldho/Documents/Betrora for coach/betrora-coach/src/lib"
2026-02-01T19:48:50.317043Z  INFO get_files:scan_sources: tailwindcss_oxide::scanner: Discovering "/home/eldho/Documents/Betrora for coach/betrora-coach/src/hooks"
2026-02-01T19:48:50.317179Z  INFO get_files:scan_sources: tailwindcss_oxide::scanner: Discovering "/home/eldho/Documents/Betrora for coach/betrora-coach/src/app"
2026-02-01T19:48:50.317270Z  INFO get_files:scan_sources: tailwindcss_oxide::scanner: Discovering "/home/eldho/Documents/Betrora for coach/betrora-coach/src/app/availability"
2026-02-01T19:48:50.317380Z  INFO get_files:scan_sources: tailwindcss_oxide::scanner: Discovering "/home/eldho/Documents/Betrora for coach/betrora-coach/src/app/availability/components"
2026-02-01T19:48:50.317496Z  INFO get_files:scan_sources: tailwindcss_oxide::scanner: Discovering "/home/eldho/Documents/Betrora for coach/betrora-coach/src/app/sessions"
2026-02-01T19:48:50.317624Z  INFO get_files:scan_sources: tailwindcss_oxide::scanner: Discovering "/home/eldho/Documents/Betrora for coach/betrora-coach/src/app/sessions/components"
2026-02-01T19:48:50.317729Z  INFO get_files:scan_sources: tailwindcss_oxide::scanner: Discovering "/home/eldho/Documents/Betrora for coach/betrora-coach/src/app/sessions/live"
2026-02-01T19:48:50.317841Z  INFO get_files:scan_sources: tailwindcss_oxide::scanner: Discovering "/home/eldho/Documents/Betrora for coach/betrora-coach/src/app/clients"
2026-02-01T19:48:50.317904Z  INFO get_files:scan_sources: tailwindcss_oxide::scanner: Discovering "/home/eldho/Documents/Betrora for coach/betrora-coach/src/app/clients/[userId]"
2026-02-01T19:48:50.317991Z  INFO get_files:scan_sources: tailwindcss_oxide::scanner: Discovering "/home/eldho/Documents/Betrora for coach/betrora-coach/src/app/reset-password"
2026-02-01T19:48:50.318085Z  INFO get_files:scan_sources: tailwindcss_oxide::scanner: Discovering "/home/eldho/Documents/Betrora for coach/betrora-coach/src/app/profile"
2026-02-01T19:48:50.318181Z  INFO get_files:scan_sources: tailwindcss_oxide::scanner: Discovering "/home/eldho/Documents/Betrora for coach/betrora-coach/src/app/dashboard"
2026-02-01T19:48:50.318277Z  INFO get_files:scan_sources: tailwindcss_oxide::scanner: Discovering "/home/eldho/Documents/Betrora for coach/betrora-coach/src/app/login"
2026-02-01T19:48:50.318393Z  INFO get_files:scan_sources: tailwindcss_oxide::scanner: Discovering "/home/eldho/Documents/Betrora for coach/betrora-coach/src/app/inbox"
2026-02-01T19:48:50.318494Z  INFO get_files:scan_sources: tailwindcss_oxide::scanner: Discovering "/home/eldho/Documents/Betrora for coach/betrora-coach/src/app/room"
2026-02-01T19:48:50.318570Z  INFO get_files:scan_sources: tailwindcss_oxide::scanner: Discovering "/home/eldho/Documents/Betrora for coach/betrora-coach/src/app/room/[sessionId]"
2026-02-01T19:48:50.318653Z  INFO get_files:scan_sources: tailwindcss_oxide::scanner: Discovering "/home/eldho/Documents/Betrora for coach/betrora-coach/src/app/room/[sessionId]/hooks"
2026-02-01T19:48:50.318744Z  INFO get_files:scan_sources: tailwindcss_oxide::scanner: Discovering "/home/eldho/Documents/Betrora for coach/betrora-coach/src/app/room/[sessionId]/components"
2026-02-01T19:48:50.318892Z  INFO get_files:scan_sources: tailwindcss_oxide::scanner: Discovering "/home/eldho/Documents/Betrora for coach/betrora-coach/src/app/api"
2026-02-01T19:48:50.318980Z  INFO get_files:scan_sources: tailwindcss_oxide::scanner: Discovering "/home/eldho/Documents/Betrora for coach/betrora-coach/src/app/api/ice-servers"
2026-02-01T19:48:50.319060Z  INFO get_files:scan_sources: tailwindcss_oxide::scanner: Discovering "/home/eldho/Documents/Betrora for coach/betrora-coach/src/app/api/coach-sessions"
2026-02-01T19:48:50.319162Z  INFO get_files:scan_sources: tailwindcss_oxide::scanner: Discovering "/home/eldho/Documents/Betrora for coach/betrora-coach/src/app/api/coach-availability"
2026-02-01T19:48:50.319256Z  INFO get_files:scan_sources: tailwindcss_oxide::scanner: Discovering "/home/eldho/Documents/Betrora for coach/betrora-coach/src/app/api/coach-notes"
2026-02-01T19:48:50.319340Z  INFO get_files:scan_sources: tailwindcss_oxide::scanner: Discovering "/home/eldho/Documents/Betrora for coach/betrora-coach/src/app/api/send-feedback-message"
2026-02-01T19:48:50.319436Z  INFO get_files:scan_sources: tailwindcss_oxide::scanner: Discovering "/home/eldho/Documents/Betrora for coach/betrora-coach/src/components"
2026-02-01T19:48:50.319865Z  INFO get_files:scan_sources: tailwindcss_oxide::scanner: Discovering "/home/eldho/Documents/Betrora for coach/betrora-coach/public"
2026-02-01T19:48:50.320182Z  INFO get_files:scan_sources: tailwindcss_oxide::scanner: exit
2026-02-01T19:48:50.320379Z  INFO get_files: tailwindcss_oxide::scanner: exit
2026-02-01T19:48:50.320867Z  INFO get_globs: tailwindcss_oxide::scanner: enter
2026-02-01T19:48:50.320885Z  INFO get_globs:scan_sources: tailwindcss_oxide::scanner: enter
2026-02-01T19:48:50.321608Z  INFO get_globs:scan_sources: tailwindcss_oxide::scanner: Discovering "/home/eldho/Documents/Betrora for coach/betrora-coach/src"
2026-02-01T19:48:50.321713Z  INFO get_globs:scan_sources: tailwindcss_oxide::scanner: Discovering "/home/eldho/Documents/Betrora for coach/betrora-coach/src/lib"
2026-02-01T19:48:50.321863Z  INFO get_globs:scan_sources: tailwindcss_oxide::scanner: Discovering "/home/eldho/Documents/Betrora for coach/betrora-coach/src/hooks"
2026-02-01T19:48:50.321977Z  INFO get_globs:scan_sources: tailwindcss_oxide::scanner: Discovering "/home/eldho/Documents/Betrora for coach/betrora-coach/src/app"
2026-02-01T19:48:50.322055Z  INFO get_globs:scan_sources: tailwindcss_oxide::scanner: Discovering "/home/eldho/Documents/Betrora for coach/betrora-coach/src/app/availability"
2026-02-01T19:48:50.322159Z  INFO get_globs:scan_sources: tailwindcss_oxide::scanner: Discovering "/home/eldho/Documents/Betrora for coach/betrora-coach/src/app/availability/components"
2026-02-01T19:48:50.322255Z  INFO get_globs:scan_sources: tailwindcss_oxide::scanner: Discovering "/home/eldho/Documents/Betrora for coach/betrora-coach/src/app/sessions"
2026-02-01T19:48:50.322336Z  INFO get_globs:scan_sources: tailwindcss_oxide::scanner: Discovering "/home/eldho/Documents/Betrora for coach/betrora-coach/src/app/sessions/components"
2026-02-01T19:48:50.322433Z  INFO get_globs:scan_sources: tailwindcss_oxide::scanner: Discovering "/home/eldho/Documents/Betrora for coach/betrora-coach/src/app/sessions/live"
2026-02-01T19:48:50.322554Z  INFO get_globs:scan_sources: tailwindcss_oxide::scanner: Discovering "/home/eldho/Documents/Betrora for coach/betrora-coach/src/app/clients"
2026-02-01T19:48:50.322622Z  INFO get_globs:scan_sources: tailwindcss_oxide::scanner: Discovering "/home/eldho/Documents/Betrora for coach/betrora-coach/src/app/clients/[userId]"
2026-02-01T19:48:50.322722Z  INFO get_globs:scan_sources: tailwindcss_oxide::scanner: Discovering "/home/eldho/Documents/Betrora for coach/betrora-coach/src/app/reset-password"
2026-02-01T19:48:50.322804Z  INFO get_globs:scan_sources: tailwindcss_oxide::scanner: Discovering "/home/eldho/Documents/Betrora for coach/betrora-coach/src/app/profile"
2026-02-01T19:48:50.322887Z  INFO get_globs:scan_sources: tailwindcss_oxide::scanner: Discovering "/home/eldho/Documents/Betrora for coach/betrora-coach/src/app/dashboard"
2026-02-01T19:48:50.322968Z  INFO get_globs:scan_sources: tailwindcss_oxide::scanner: Discovering "/home/eldho/Documents/Betrora for coach/betrora-coach/src/app/login"
2026-02-01T19:48:50.323187Z  INFO get_globs:scan_sources: tailwindcss_oxide::scanner: Discovering "/home/eldho/Documents/Betrora for coach/betrora-coach/src/app/inbox"
2026-02-01T19:48:50.323286Z  INFO get_globs:scan_sources: tailwindcss_oxide::scanner: Discovering "/home/eldho/Documents/Betrora for coach/betrora-coach/src/app/room"
2026-02-01T19:48:50.323349Z  INFO get_globs:scan_sources: tailwindcss_oxide::scanner: Discovering "/home/eldho/Documents/Betrora for coach/betrora-coach/src/app/room/[sessionId]"
2026-02-01T19:48:50.323466Z  INFO get_globs:scan_sources: tailwindcss_oxide::scanner: Discovering "/home/eldho/Documents/Betrora for coach/betrora-coach/src/app/room/[sessionId]/hooks"
2026-02-01T19:48:50.323554Z  INFO get_globs:scan_sources: tailwindcss_oxide::scanner: Discovering "/home/eldho/Documents/Betrora for coach/betrora-coach/src/app/room/[sessionId]/components"
2026-02-01T19:48:50.323704Z  INFO get_globs:scan_sources: tailwindcss_oxide::scanner: Discovering "/home/eldho/Documents/Betrora for coach/betrora-coach/src/app/api"
2026-02-01T19:48:50.323775Z  INFO get_globs:scan_sources: tailwindcss_oxide::scanner: Discovering "/home/eldho/Documents/Betrora for coach/betrora-coach/src/app/api/ice-servers"
2026-02-01T19:48:50.323859Z  INFO get_globs:scan_sources: tailwindcss_oxide::scanner: Discovering "/home/eldho/Documents/Betrora for coach/betrora-coach/src/app/api/coach-sessions"
2026-02-01T19:48:50.323948Z  INFO get_globs:scan_sources: tailwindcss_oxide::scanner: Discovering "/home/eldho/Documents/Betrora for coach/betrora-coach/src/app/api/coach-availability"
2026-02-01T19:48:50.324056Z  INFO get_globs:scan_sources: tailwindcss_oxide::scanner: Discovering "/home/eldho/Documents/Betrora for coach/betrora-coach/src/app/api/coach-notes"
2026-02-01T19:48:50.324223Z  INFO get_globs:scan_sources: tailwindcss_oxide::scanner: Discovering "/home/eldho/Documents/Betrora for coach/betrora-coach/src/app/api/send-feedback-message"
2026-02-01T19:48:50.324431Z  INFO get_globs:scan_sources: tailwindcss_oxide::scanner: Discovering "/home/eldho/Documents/Betrora for coach/betrora-coach/src/components"
2026-02-01T19:48:50.325024Z  INFO get_globs:scan_sources: tailwindcss_oxide::scanner: Discovering "/home/eldho/Documents/Betrora for coach/betrora-coach/public"
2026-02-01T19:48:50.325364Z  INFO get_globs:scan_sources: tailwindcss_oxide::scanner: exit
2026-02-01T19:48:50.329495Z  INFO get_globs: tailwindcss_oxide::scanner: exit
