2026-02-01T19:41:48.199845Z  INFO tailwindcss_oxide::scanner: Provided sources:
2026-02-01T19:41:48.200099Z  INFO tailwindcss_oxide::scanner: Source: PublicSourceEntry { base: "/home/eldho/Documents/Betrora for coach/betrora-coach", pattern: "**/*", negated: false }
2026-02-01T19:41:48.201424Z  INFO tailwindcss_oxide::scanner: Optimized sources:
2026-02-01T19:41:48.201458Z  INFO tailwindcss_oxide::scanner: Source: Auto { base: "/home/eldho/Documents/Betrora for coach/betrora-coach" }
2026-02-01T19:41:48.204767Z  INFO scan_sources: tailwindcss_oxide::scanner: enter
2026-02-01T19:41:48.206043Z  INFO scan_sources: tailwindcss_oxide::scanner: Discovering "/home/eldho/Documents/Betrora for coach/betrora-coach/next.config.ts"
2026-02-01T19:41:48.206482Z  INFO scan_sources: tailwindcss_oxide::scanner: Discovering "/home/eldho/Documents/Betrora for coach/betrora-coach/src"
2026-02-01T19:41:48.206580Z  INFO scan_sources: tailwindcss_oxide::scanner: Discovering "/home/eldho/Documents/Betrora for coach/betrora-coach/src/middleware.ts"
2026-02-01T19:41:48.206635Z  INFO scan_sources: tailwindcss_oxide::scanner: Discovering "/home/eldho/Documents/Betrora for coach/betrora-coach/src/lib"
2026-02-01T19:41:48.206714Z  INFO scan_sources: tailwindcss_oxide::scanner: Discovering "/home/eldho/Documents/Betrora for coach/betrora-coach/src/lib/types.ts"
2026-02-01T19:41:48.206756Z  INFO scan_sources: tailwindcss_oxide::scanner: Discovering "/home/eldho/Documents/Betrora for coach/betrora-coach/src/lib/fetchPendingFeedback.ts"
2026-02-01T19:41:48.206792Z  INFO scan_sources: tailwindcss_oxide::scanner: Discovering "/home/eldho/Documents/Betrora for coach/betrora-coach/src/lib/debugLogger.ts"
2026-02-01T19:41:48.206823Z  INFO scan_sources: tailwindcss_oxide::scanner: Discovering "/home/eldho/Documents/Betrora for coach/betrora-coach/src/lib/fetchGuidanceTasks.ts"
2026-02-01T19:41:48.206861Z  INFO scan_sources: tailwindcss_oxide::scanner: Discovering "/home/eldho/Documents/Betrora for coach/betrora-coach/src/lib/supabaseClient.ts"
2026-02-01T19:41:48.206922Z  INFO scan_sources: tailwindcss_oxide::scanner: Discovering "/home/eldho/Documents/Betrora for coach/betrora-coach/src/hooks"
2026-02-01T19:41:48.206999Z  INFO scan_sources: tailwindcss_oxide::scanner: Discovering "/home/eldho/Documents/Betrora for coach/betrora-coach/src/hooks/usePendingMessages.ts"
2026-02-01T19:41:48.207037Z  INFO scan_sources: tailwindcss_oxide::scanner: Discovering "/home/eldho/Documents/Betrora for coach/betrora-coach/src/hooks/useImpersonation.ts"
2026-02-01T19:41:48.207076Z  INFO scan_sources: tailwindcss_oxide::scanner: Discovering "/home/eldho/Documents/Betrora for coach/betrora-coach/src/hooks/useSupabaseAuth.ts"
2026-02-01T19:41:48.207126Z  INFO scan_sources: tailwindcss_oxide::scanner: Discovering "/home/eldho/Documents/Betrora for coach/betrora-coach/src/app"
2026-02-01T19:41:48.207200Z  INFO scan_sources: tailwindcss_oxide::scanner: Discovering "/home/eldho/Documents/Betrora for coach/betrora-coach/src/app/availability"
2026-02-01T19:41:48.207265Z  INFO scan_sources: tailwindcss_oxide::scanner: Discovering "/home/eldho/Documents/Betrora for coach/betrora-coach/src/app/availability/page.tsx"
2026-02-01T19:41:48.207318Z  INFO scan_sources: tailwindcss_oxide::scanner: Discovering "/home/eldho/Documents/Betrora for coach/betrora-coach/src/app/availability/components"
2026-02-01T19:41:48.207386Z  INFO scan_sources: tailwindcss_oxide::scanner: Discovering "/home/eldho/Documents/Betrora for coach/betrora-coach/src/app/availability/components/AvailabilityEditor.tsx"
2026-02-01T19:41:48.207453Z  INFO scan_sources: tailwindcss_oxide::scanner: Discovering "/home/eldho/Documents/Betrora for coach/betrora-coach/src/app/sessions"
2026-02-01T19:41:48.207516Z  INFO scan_sources: tailwindcss_oxide::scanner: Discovering "/home/eldho/Documents/Betrora for coach/betrora-coach/src/app/sessions/page.tsx"
2026-02-01T19:41:48.207561Z  INFO scan_sources: tailwindcss_oxide::scanner: Discovering "/home/eldho/Documents/Betrora for coach/betrora-coach/src/app/sessions/components"
2026-02-01T19:41:48.207632Z  INFO scan_sources: tailwindcss_oxide::scanner: Discovering "/home/eldho/Documents/Betrora for coach/betrora-coach/src/app/sessions/components/MeetingLinkForm.tsx"
2026-02-01T19:41:48.207686Z  INFO scan_sources: tailwindcss_oxide::scanner: Discovering "/home/eldho/Documents/Betrora for coach/betrora-coach/src/app/sessions/components/SessionList.tsx"
2026-02-01T19:41:48.207734Z  INFO scan_sources: tailwindcss_oxide::scanner: Discovering "/home/eldho/Documents/Betrora for coach/betrora-coach/src/app/sessions/live"
2026-02-01T19:41:48.207799Z  INFO scan_sources: tailwindcss_oxide::scanner: Discovering "/home/eldho/Documents/Betrora for coach/betrora-coach/src/app/sessions/live/page.tsx"
2026-02-01T19:41:48.207845Z  INFO scan_sources: tailwindcss_oxide::scanner: Discovering "/home/eldho/Documents/Betrora for coach/betrora-coach/src/app/page.tsx"
2026-02-01T19:41:48.207888Z  INFO scan_sources: tailwindcss_oxide::scanner: Discovering "/home/eldho/Documents/Betrora for coach/betrora-coach/src/app/layout.tsx"
2026-02-01T19:41:48.207946Z  INFO scan_sources: tailwindcss_oxide::scanner: Discovering "/home/eldho/Documents/Betrora for coach/betrora-coach/src/app/clients"
2026-02-01T19:41:48.208017Z  INFO scan_sources: tailwindcss_oxide::scanner: Discovering "/home/eldho/Documents/Betrora for coach/betrora-coach/src/app/clients/[userId]"
2026-02-01T19:41:48.208090Z  INFO scan_sources: tailwindcss_oxide::scanner: Discovering "/home/eldho/Documents/Betrora for coach/betrora-coach/src/app/clients/[userId]/page.tsx"
2026-02-01T19:41:48.208138Z  INFO scan_sources: tailwindcss_oxide::scanner: Discovering "/home/eldho/Documents/Betrora for coach/betrora-coach/src/app/clients/page.tsx"
2026-02-01T19:41:48.208196Z  INFO scan_sources: tailwindcss_oxide::scanner: Discovering "/home/eldho/Documents/Betrora for coach/betrora-coach/src/app/reset-password"
2026-02-01T19:41:48.208260Z  INFO scan_sources: tailwindcss_oxide::scanner: Discovering "/home/eldho/Documents/Betrora for coach/betrora-coach/src/app/reset-password/page.tsx"
2026-02-01T19:41:48.208311Z  INFO scan_sources: tailwindcss_oxide::scanner: Discovering "/home/eldho/Documents/Betrora for coach/betrora-coach/src/app/profile"
2026-02-01T19:41:48.208371Z  INFO scan_sources: tailwindcss_oxide::scanner: Discovering "/home/eldho/Documents/Betrora for coach/betrora-coach/src/app/profile/page.tsx"
2026-02-01T19:41:48.208417Z  INFO scan_sources: tailwindcss_oxide::scanner: Discovering "/home/eldho/Documents/Betrora for coach/betrora-coach/src/app/dashboard"
2026-02-01T19:41:48.208475Z  INFO scan_sources: tailwindcss_oxide::scanner: Discovering "/home/eldho/Documents/Betrora for coach/betrora-coach/src/app/dashboard/page.tsx"
2026-02-01T19:41:48.208518Z  INFO scan_sources: tailwindcss_oxide::scanner: Discovering "/home/eldho/Documents/Betrora for coach/betrora-coach/src/app/login"
2026-02-01T19:41:48.208578Z  INFO scan_sources: tailwindcss_oxide::scanner: Discovering "/home/eldho/Documents/Betrora for coach/betrora-coach/src/app/login/page.tsx"
2026-02-01T19:41:48.208623Z  INFO scan_sources: tailwindcss_oxide::scanner: Discovering "/home/eldho/Documents/Betrora for coach/betrora-coach/src/app/globals.css"
2026-02-01T19:41:48.208664Z  INFO scan_sources: tailwindcss_oxide::scanner: Discovering "/home/eldho/Documents/Betrora for coach/betrora-coach/src/app/inbox"
2026-02-01T19:41:48.208726Z  INFO scan_sources: tailwindcss_oxide::scanner: Discovering "/home/eldho/Documents/Betrora for coach/betrora-coach/src/app/inbox/page.tsx"
2026-02-01T19:41:48.208772Z  INFO scan_sources: tailwindcss_oxide::scanner: Discovering "/home/eldho/Documents/Betrora for coach/betrora-coach/src/app/room"
2026-02-01T19:41:48.208844Z  INFO scan_sources: tailwindcss_oxide::scanner: Discovering "/home/eldho/Documents/Betrora for coach/betrora-coach/src/app/room/[sessionId]"
2026-02-01T19:41:48.208905Z  INFO scan_sources: tailwindcss_oxide::scanner: Discovering "/home/eldho/Documents/Betrora for coach/betrora-coach/src/app/room/[sessionId]/page.tsx"
2026-02-01T19:41:48.208944Z  INFO scan_sources: tailwindcss_oxide::scanner: Discovering "/home/eldho/Documents/Betrora for coach/betrora-coach/src/app/room/[sessionId]/hooks"
2026-02-01T19:41:48.209016Z  INFO scan_sources: tailwindcss_oxide::scanner: Discovering "/home/eldho/Documents/Betrora for coach/betrora-coach/src/app/room/[sessionId]/hooks/useWebRTC.ts"
2026-02-01T19:41:48.209268Z  INFO scan_sources: tailwindcss_oxide::scanner: Discovering "/home/eldho/Documents/Betrora for coach/betrora-coach/src/app/room/[sessionId]/components"
2026-02-01T19:41:48.209634Z  INFO scan_sources: tailwindcss_oxide::scanner: Discovering "/home/eldho/Documents/Betrora for coach/betrora-coach/src/app/room/[sessionId]/components/ChatPanel.tsx"
2026-02-01T19:41:48.209932Z  INFO scan_sources: tailwindcss_oxide::scanner: Discovering "/home/eldho/Documents/Betrora for coach/betrora-coach/src/app/room/[sessionId]/components/Sidebar.tsx"
2026-02-01T19:41:48.210203Z  INFO scan_sources: tailwindcss_oxide::scanner: Discovering "/home/eldho/Documents/Betrora for coach/betrora-coach/src/app/room/[sessionId]/components/TasksPanel.tsx"
2026-02-01T19:41:48.210251Z  INFO scan_sources: tailwindcss_oxide::scanner: Discovering "/home/eldho/Documents/Betrora for coach/betrora-coach/src/app/room/[sessionId]/components/RoomLayout.tsx"
2026-02-01T19:41:48.210278Z  INFO scan_sources: tailwindcss_oxide::scanner: Discovering "/home/eldho/Documents/Betrora for coach/betrora-coach/src/app/room/[sessionId]/components/VideoArea.tsx"
2026-02-01T19:41:48.210350Z  INFO scan_sources: tailwindcss_oxide::scanner: Discovering "/home/eldho/Documents/Betrora for coach/betrora-coach/src/app/api"
2026-02-01T19:41:48.210428Z  INFO scan_sources: tailwindcss_oxide::scanner: Discovering "/home/eldho/Documents/Betrora for coach/betrora-coach/src/app/api/ice-servers"
2026-02-01T19:41:48.210494Z  INFO scan_sources: tailwindcss_oxide::scanner: Discovering "/home/eldho/Documents/Betrora for coach/betrora-coach/src/app/api/ice-servers/route.ts"
2026-02-01T19:41:48.210554Z  INFO scan_sources: tailwindcss_oxide::scanner: Discovering "/home/eldho/Documents/Betrora for coach/betrora-coach/src/app/api/coach-sessions"
2026-02-01T19:41:48.210621Z  INFO scan_sources: tailwindcss_oxide::scanner: Discovering "/home/eldho/Documents/Betrora for coach/betrora-coach/src/app/api/coach-sessions/route.ts"
2026-02-01T19:41:48.210667Z  INFO scan_sources: tailwindcss_oxide::scanner: Discovering "/home/eldho/Documents/Betrora for coach/betrora-coach/src/app/api/coach-availability"
2026-02-01T19:41:48.210731Z  INFO scan_sources: tailwindcss_oxide::scanner: Discovering "/home/eldho/Documents/Betrora for coach/betrora-coach/src/app/api/coach-availability/route.ts"
2026-02-01T19:41:48.210778Z  INFO scan_sources: tailwindcss_oxide::scanner: Discovering "/home/eldho/Documents/Betrora for coach/betrora-coach/src/app/api/coach-notes"
2026-02-01T19:41:48.210840Z  INFO scan_sources: tailwindcss_oxide::scanner: Discovering "/home/eldho/Documents/Betrora for coach/betrora-coach/src/app/api/coach-notes/route.ts"
2026-02-01T19:41:48.210892Z  INFO scan_sources: tailwindcss_oxide::scanner: Discovering "/home/eldho/Documents/Betrora for coach/betrora-coach/src/app/api/send-feedback-message"
2026-02-01T19:41:48.210955Z  INFO scan_sources: tailwindcss_oxide::scanner: Discovering "/home/eldho/Documents/Betrora for coach/betrora-coach/src/app/api/send-feedback-message/route.ts"
2026-02-01T19:41:48.211019Z  INFO scan_sources: tailwindcss_oxide::scanner: Discovering "/home/eldho/Documents/Betrora for coach/betrora-coach/src/components"
2026-02-01T19:41:48.211098Z  INFO scan_sources: tailwindcss_oxide::scanner: Discovering "/home/eldho/Documents/Betrora for coach/betrora-coach/src/components/Toast.tsx"
2026-02-01T19:41:48.211136Z  INFO scan_sources: tailwindcss_oxide::scanner: Discovering "/home/eldho/Documents/Betrora for coach/betrora-coach/src/components/MessageDetail.tsx"
2026-02-01T19:41:48.211174Z  INFO scan_sources: tailwindcss_oxide::scanner: Discovering "/home/eldho/Documents/Betrora for coach/betrora-coach/src/components/CinematicShell.tsx"
2026-02-01T19:41:48.211211Z  INFO scan_sources: tailwindcss_oxide::scanner: Discovering "/home/eldho/Documents/Betrora for coach/betrora-coach/src/components/PendingSessionApprovalNotification.tsx"
2026-02-01T19:41:48.211253Z  INFO scan_sources: tailwindcss_oxide::scanner: Discovering "/home/eldho/Documents/Betrora for coach/betrora-coach/src/components/GuidanceTasksSection.tsx"
2026-02-01T19:41:48.211288Z  INFO scan_sources: tailwindcss_oxide::scanner: Discovering "/home/eldho/Documents/Betrora for coach/betrora-coach/src/components/CoachProfileForm.tsx"
2026-02-01T19:41:48.211321Z  INFO scan_sources: tailwindcss_oxide::scanner: Discovering "/home/eldho/Documents/Betrora for coach/betrora-coach/src/components/GuidanceTaskCreate.tsx"
2026-02-01T19:41:48.211355Z  INFO scan_sources: tailwindcss_oxide::scanner: Discovering "/home/eldho/Documents/Betrora for coach/betrora-coach/src/components/GuidanceTaskEdit.tsx"
2026-02-01T19:41:48.211390Z  INFO scan_sources: tailwindcss_oxide::scanner: Discovering "/home/eldho/Documents/Betrora for coach/betrora-coach/src/components/ActiveClientsModal.tsx"
2026-02-01T19:41:48.211427Z  INFO scan_sources: tailwindcss_oxide::scanner: Discovering "/home/eldho/Documents/Betrora for coach/betrora-coach/src/components/CoachNotesPanel.tsx"
2026-02-01T19:41:48.211461Z  INFO scan_sources: tailwindcss_oxide::scanner: Discovering "/home/eldho/Documents/Betrora for coach/betrora-coach/src/components/MoodHeatmap.tsx"
2026-02-01T19:41:48.211492Z  INFO scan_sources: tailwindcss_oxide::scanner: Discovering "/home/eldho/Documents/Betrora for coach/betrora-coach/src/components/StatCard.tsx"
2026-02-01T19:41:48.211522Z  INFO scan_sources: tailwindcss_oxide::scanner: Discovering "/home/eldho/Documents/Betrora for coach/betrora-coach/src/components/MessageList.tsx"
2026-02-01T19:41:48.211556Z  INFO scan_sources: tailwindcss_oxide::scanner: Discovering "/home/eldho/Documents/Betrora for coach/betrora-coach/src/components/PendingFeedbackNotification.tsx"
2026-02-01T19:41:48.211588Z  INFO scan_sources: tailwindcss_oxide::scanner: Discovering "/home/eldho/Documents/Betrora for coach/betrora-coach/src/components/Timeline.tsx"
2026-02-01T19:41:48.211617Z  INFO scan_sources: tailwindcss_oxide::scanner: Discovering "/home/eldho/Documents/Betrora for coach/betrora-coach/src/components/ImpersonationBanner.tsx"
2026-02-01T19:41:48.211682Z  INFO scan_sources: tailwindcss_oxide::scanner: Discovering "/home/eldho/Documents/Betrora for coach/betrora-coach/postcss.config.mjs"
2026-02-01T19:41:48.211719Z  INFO scan_sources: tailwindcss_oxide::scanner: Discovering "/home/eldho/Documents/Betrora for coach/betrora-coach/tsconfig.json"
2026-02-01T19:41:48.211818Z  INFO scan_sources: tailwindcss_oxide::scanner: Discovering "/home/eldho/Documents/Betrora for coach/betrora-coach/WEBRTC_README.md"
2026-02-01T19:41:48.211856Z  INFO scan_sources: tailwindcss_oxide::scanner: Discovering "/home/eldho/Documents/Betrora for coach/betrora-coach/package.json"
2026-02-01T19:41:48.211891Z  INFO scan_sources: tailwindcss_oxide::scanner: Discovering "/home/eldho/Documents/Betrora for coach/betrora-coach/eslint.config.mjs"
2026-02-01T19:41:48.212003Z  INFO scan_sources: tailwindcss_oxide::scanner: Discovering "/home/eldho/Documents/Betrora for coach/betrora-coach/README.md"
2026-02-01T19:41:48.212061Z  INFO scan_sources: tailwindcss_oxide::scanner: Discovering "/home/eldho/Documents/Betrora for coach/betrora-coach/public"
2026-02-01T19:41:48.212140Z  INFO scan_sources: tailwindcss_oxide::scanner: Discovering "/home/eldho/Documents/Betrora for coach/betrora-coach/public/window.svg"
2026-02-01T19:41:48.212182Z  INFO scan_sources: tailwindcss_oxide::scanner: Discovering "/home/eldho/Documents/Betrora for coach/betrora-coach/public/next.svg"
2026-02-01T19:41:48.212212Z  INFO scan_sources: tailwindcss_oxide::scanner: Discovering "/home/eldho/Documents/Betrora for coach/betrora-coach/public/file.svg"
2026-02-01T19:41:48.212250Z  INFO scan_sources: tailwindcss_oxide::scanner: Discovering "/home/eldho/Documents/Betrora for coach/betrora-coach/public/vercel.svg"
2026-02-01T19:41:48.212279Z  INFO scan_sources: tailwindcss_oxide::scanner: Discovering "/home/eldho/Documents/Betrora for coach/betrora-coach/public/globe.svg"
2026-02-01T19:41:48.212505Z  INFO scan_sources: tailwindcss_oxide::scanner: exit
2026-02-01T19:41:48.212527Z  INFO extract_candidates: tailwindcss_oxide::scanner: enter
2026-02-01T19:41:48.212550Z  INFO extract_candidates:read_all_files: tailwindcss_oxide::scanner: enter
2026-02-01T19:41:48.212560Z  INFO extract_candidates:read_all_files: tailwindcss_oxide::scanner: Reading 64 file(s)
2026-02-01T19:41:48.213354Z  INFO tailwindcss_oxide::scanner: Reading "/home/eldho/Documents/Betrora for coach/betrora-coach/src/components/StatCard.tsx"
2026-02-01T19:41:48.213406Z  INFO tailwindcss_oxide::scanner: Reading "/home/eldho/Documents/Betrora for coach/betrora-coach/package.json"
2026-02-01T19:41:48.213415Z  INFO tailwindcss_oxide::scanner: Reading "/home/eldho/Documents/Betrora for coach/betrora-coach/src/components/MessageList.tsx"
2026-02-01T19:41:48.213477Z  INFO tailwindcss_oxide::scanner: Reading "/home/eldho/Documents/Betrora for coach/betrora-coach/src/components/PendingFeedbackNotification.tsx"
2026-02-01T19:41:48.213518Z  INFO tailwindcss_oxide::scanner: Reading "/home/eldho/Documents/Betrora for coach/betrora-coach/src/components/Timeline.tsx"
2026-02-01T19:41:48.213550Z  INFO tailwindcss_oxide::scanner: Reading "/home/eldho/Documents/Betrora for coach/betrora-coach/src/components/ImpersonationBanner.tsx"
2026-02-01T19:41:48.213577Z  INFO tailwindcss_oxide::scanner: Reading "/home/eldho/Documents/Betrora for coach/betrora-coach/postcss.config.mjs"
2026-02-01T19:41:48.213705Z  INFO tailwindcss_oxide::scanner: Reading "/home/eldho/Documents/Betrora for coach/betrora-coach/tsconfig.json"
2026-02-01T19:41:48.213874Z  INFO tailwindcss_oxide::scanner: Reading "/home/eldho/Documents/Betrora for coach/betrora-coach/WEBRTC_README.md"
2026-02-01T19:41:48.213870Z  INFO tailwindcss_oxide::scanner: Reading "/home/eldho/Documents/Betrora for coach/betrora-coach/src/app/api/ice-servers/route.ts"
2026-02-01T19:41:48.213902Z  INFO tailwindcss_oxide::scanner: Reading "/home/eldho/Documents/Betrora for coach/betrora-coach/eslint.config.mjs"
2026-02-01T19:41:48.213963Z  INFO tailwindcss_oxide::scanner: Reading "/home/eldho/Documents/Betrora for coach/betrora-coach/next.config.ts"
2026-02-01T19:41:48.214010Z  INFO tailwindcss_oxide::scanner: Reading "/home/eldho/Documents/Betrora for coach/betrora-coach/src/middleware.ts"
2026-02-01T19:41:48.214076Z  INFO tailwindcss_oxide::scanner: Reading "/home/eldho/Documents/Betrora for coach/betrora-coach/src/app/api/coach-sessions/route.ts"
2026-02-01T19:41:48.214085Z  INFO tailwindcss_oxide::scanner: Reading "/home/eldho/Documents/Betrora for coach/betrora-coach/README.md"
2026-02-01T19:41:48.214175Z  INFO tailwindcss_oxide::scanner: Reading "/home/eldho/Documents/Betrora for coach/betrora-coach/public/next.svg"
2026-02-01T19:41:48.214255Z  INFO tailwindcss_oxide::scanner: Reading "/home/eldho/Documents/Betrora for coach/betrora-coach/src/app/api/coach-availability/route.ts"
2026-02-01T19:41:48.214418Z  INFO tailwindcss_oxide::scanner: Reading "/home/eldho/Documents/Betrora for coach/betrora-coach/public/window.svg"
2026-02-01T19:41:48.214482Z  INFO tailwindcss_oxide::scanner: Reading "/home/eldho/Documents/Betrora for coach/betrora-coach/src/components/PendingSessionApprovalNotification.tsx"
2026-02-01T19:41:48.214596Z  INFO tailwindcss_oxide::scanner: Reading "/home/eldho/Documents/Betrora for coach/betrora-coach/src/components/GuidanceTasksSection.tsx"
2026-02-01T19:41:48.214647Z  INFO tailwindcss_oxide::scanner: Reading "/home/eldho/Documents/Betrora for coach/betrora-coach/src/components/CoachProfileForm.tsx"
2026-02-01T19:41:48.214706Z  INFO tailwindcss_oxide::scanner: Reading "/home/eldho/Documents/Betrora for coach/betrora-coach/src/components/GuidanceTaskCreate.tsx"
2026-02-01T19:41:48.214736Z  INFO tailwindcss_oxide::scanner: Reading "/home/eldho/Documents/Betrora for coach/betrora-coach/src/components/GuidanceTaskEdit.tsx"
2026-02-01T19:41:48.214770Z  INFO tailwindcss_oxide::scanner: Reading "/home/eldho/Documents/Betrora for coach/betrora-coach/src/components/ActiveClientsModal.tsx"
2026-02-01T19:41:48.214812Z  INFO tailwindcss_oxide::scanner: Reading "/home/eldho/Documents/Betrora for coach/betrora-coach/src/components/CoachNotesPanel.tsx"
2026-02-01T19:41:48.214507Z  INFO tailwindcss_oxide::scanner: Reading "/home/eldho/Documents/Betrora for coach/betrora-coach/public/file.svg"
2026-02-01T19:41:48.214847Z  INFO tailwindcss_oxide::scanner: Reading "/home/eldho/Documents/Betrora for coach/betrora-coach/src/components/MoodHeatmap.tsx"
2026-02-01T19:41:48.214878Z  INFO tailwindcss_oxide::scanner: Reading "/home/eldho/Documents/Betrora for coach/betrora-coach/src/app/api/send-feedback-message/route.ts"
2026-02-01T19:41:48.214875Z  INFO tailwindcss_oxide::scanner: Reading "/home/eldho/Documents/Betrora for coach/betrora-coach/src/app/api/coach-notes/route.ts"
2026-02-01T19:41:48.214920Z  INFO tailwindcss_oxide::scanner: Reading "/home/eldho/Documents/Betrora for coach/betrora-coach/src/components/Toast.tsx"
2026-02-01T19:41:48.214952Z  INFO tailwindcss_oxide::scanner: Reading "/home/eldho/Documents/Betrora for coach/betrora-coach/src/components/MessageDetail.tsx"
2026-02-01T19:41:48.214959Z  INFO tailwindcss_oxide::scanner: Reading "/home/eldho/Documents/Betrora for coach/betrora-coach/public/vercel.svg"
2026-02-01T19:41:48.214988Z  INFO tailwindcss_oxide::scanner: Reading "/home/eldho/Documents/Betrora for coach/betrora-coach/src/components/CinematicShell.tsx"
2026-02-01T19:41:48.215029Z  INFO tailwindcss_oxide::scanner: Reading "/home/eldho/Documents/Betrora for coach/betrora-coach/src/app/page.tsx"
2026-02-01T19:41:48.215049Z  INFO tailwindcss_oxide::scanner: Reading "/home/eldho/Documents/Betrora for coach/betrora-coach/src/app/inbox/page.tsx"
2026-02-01T19:41:48.215059Z  INFO tailwindcss_oxide::scanner: Reading "/home/eldho/Documents/Betrora for coach/betrora-coach/src/app/layout.tsx"
2026-02-01T19:41:48.215112Z  INFO tailwindcss_oxide::scanner: Reading "/home/eldho/Documents/Betrora for coach/betrora-coach/src/app/clients/[userId]/page.tsx"
2026-02-01T19:41:48.215140Z  INFO tailwindcss_oxide::scanner: Reading "/home/eldho/Documents/Betrora for coach/betrora-coach/src/lib/types.ts"
2026-02-01T19:41:48.215166Z  INFO tailwindcss_oxide::scanner: Reading "/home/eldho/Documents/Betrora for coach/betrora-coach/src/app/clients/page.tsx"
2026-02-01T19:41:48.215176Z  INFO tailwindcss_oxide::scanner: Reading "/home/eldho/Documents/Betrora for coach/betrora-coach/src/lib/fetchPendingFeedback.ts"
2026-02-01T19:41:48.215207Z  INFO tailwindcss_oxide::scanner: Reading "/home/eldho/Documents/Betrora for coach/betrora-coach/src/lib/debugLogger.ts"
2026-02-01T19:41:48.215239Z  INFO tailwindcss_oxide::scanner: Reading "/home/eldho/Documents/Betrora for coach/betrora-coach/public/globe.svg"
2026-02-01T19:41:48.215246Z  INFO tailwindcss_oxide::scanner: Reading "/home/eldho/Documents/Betrora for coach/betrora-coach/src/lib/fetchGuidanceTasks.ts"
2026-02-01T19:41:48.215270Z  INFO tailwindcss_oxide::scanner: Reading "/home/eldho/Documents/Betrora for coach/betrora-coach/src/app/room/[sessionId]/components/Sidebar.tsx"
2026-02-01T19:41:48.215274Z  INFO tailwindcss_oxide::scanner: Reading "/home/eldho/Documents/Betrora for coach/betrora-coach/src/lib/supabaseClient.ts"
2026-02-01T19:41:48.215305Z  INFO tailwindcss_oxide::scanner: Reading "/home/eldho/Documents/Betrora for coach/betrora-coach/src/app/room/[sessionId]/components/TasksPanel.tsx"
2026-02-01T19:41:48.215357Z  INFO tailwindcss_oxide::scanner: Reading "/home/eldho/Documents/Betrora for coach/betrora-coach/src/app/room/[sessionId]/components/RoomLayout.tsx"
2026-02-01T19:41:48.215395Z  INFO tailwindcss_oxide::scanner: Reading "/home/eldho/Documents/Betrora for coach/betrora-coach/src/app/room/[sessionId]/components/VideoArea.tsx"
2026-02-01T19:41:48.215422Z  INFO tailwindcss_oxide::scanner: Reading "/home/eldho/Documents/Betrora for coach/betrora-coach/src/app/dashboard/page.tsx"
2026-02-01T19:41:48.215463Z  INFO tailwindcss_oxide::scanner: Reading "/home/eldho/Documents/Betrora for coach/betrora-coach/src/app/login/page.tsx"
2026-02-01T19:41:48.215552Z  INFO tailwindcss_oxide::scanner: Reading "/home/eldho/Documents/Betrora for coach/betrora-coach/src/app/reset-password/page.tsx"
2026-02-01T19:41:48.215588Z  INFO tailwindcss_oxide::scanner: Reading "/home/eldho/Documents/Betrora for coach/betrora-coach/src/hooks/useImpersonation.ts"
2026-02-01T19:41:48.215641Z  INFO tailwindcss_oxide::scanner: Reading "/home/eldho/Documents/Betrora for coach/betrora-coach/src/hooks/useSupabaseAuth.ts"
2026-02-01T19:41:48.215682Z  INFO tailwindcss_oxide::scanner: Reading "/home/eldho/Documents/Betrora for coach/betrora-coach/src/app/profile/page.tsx"
2026-02-01T19:41:48.215748Z  INFO tailwindcss_oxide::scanner: Reading "/home/eldho/Documents/Betrora for coach/betrora-coach/src/app/room/[sessionId]/hooks/useWebRTC.ts"
2026-02-01T19:41:48.215790Z  INFO tailwindcss_oxide::scanner: Reading "/home/eldho/Documents/Betrora for coach/betrora-coach/src/app/room/[sessionId]/page.tsx"
2026-02-01T19:41:48.215779Z  INFO tailwindcss_oxide::scanner: Reading "/home/eldho/Documents/Betrora for coach/betrora-coach/src/app/availability/page.tsx"
2026-02-01T19:41:48.215307Z  INFO tailwindcss_oxide::scanner: Reading "/home/eldho/Documents/Betrora for coach/betrora-coach/src/hooks/usePendingMessages.ts"
2026-02-01T19:41:48.215872Z  INFO tailwindcss_oxide::scanner: Reading "/home/eldho/Documents/Betrora for coach/betrora-coach/src/app/availability/components/AvailabilityEditor.tsx"
2026-02-01T19:41:48.215900Z  INFO tailwindcss_oxide::scanner: Reading "/home/eldho/Documents/Betrora for coach/betrora-coach/src/app/room/[sessionId]/components/ChatPanel.tsx"
2026-02-01T19:41:48.215923Z  INFO tailwindcss_oxide::scanner: Reading "/home/eldho/Documents/Betrora for coach/betrora-coach/src/app/sessions/components/SessionList.tsx"
2026-02-01T19:41:48.215988Z  INFO tailwindcss_oxide::scanner: Reading "/home/eldho/Documents/Betrora for coach/betrora-coach/src/app/sessions/components/MeetingLinkForm.tsx"
2026-02-01T19:41:48.216074Z  INFO tailwindcss_oxide::scanner: Reading "/home/eldho/Documents/Betrora for coach/betrora-coach/src/app/sessions/page.tsx"
2026-02-01T19:41:48.216095Z  INFO tailwindcss_oxide::scanner: Reading "/home/eldho/Documents/Betrora for coach/betrora-coach/src/app/sessions/live/page.tsx"
2026-02-01T19:41:48.216218Z  INFO extract_candidates:read_all_files: tailwindcss_oxide::scanner: exit
2026-02-01T19:41:48.216236Z  INFO extract_candidates:parse_all_blobs: tailwindcss_oxide::scanner: enter
2026-02-01T19:41:48.216247Z  INFO extract_candidates:parse_all_blobs:extract: tailwindcss_oxide::scanner: enter
2026-02-01T19:41:48.231878Z  INFO extract_candidates:parse_all_blobs:extract: tailwindcss_oxide::scanner: exit
2026-02-01T19:41:48.231944Z  INFO extract_candidates:parse_all_blobs: tailwindcss_oxide::scanner: exit
2026-02-01T19:41:48.231961Z  INFO extract_candidates:read_all_files: tailwindcss_oxide::scanner: enter
2026-02-01T19:41:48.231972Z  INFO extract_candidates:read_all_files: tailwindcss_oxide::scanner: Reading 1 file(s)
2026-02-01T19:41:48.232017Z  INFO extract_candidates:read_all_files: tailwindcss_oxide::scanner: Reading "/home/eldho/Documents/Betrora for coach/betrora-coach/src/app/globals.css"
2026-02-01T19:41:48.232033Z  INFO extract_candidates:read_all_files: tailwindcss_oxide::scanner: exit
2026-02-01T19:41:48.232045Z  INFO extract_candidates:extract_css_variables: tailwindcss_oxide::scanner: enter
2026-02-01T19:41:48.232058Z  INFO extract_candidates:extract_css_variables:extract: tailwindcss_oxide::scanner: enter
2026-02-01T19:41:48.232311Z  INFO extract_candidates:extract_css_variables:extract: tailwindcss_oxide::scanner: exit
2026-02-01T19:41:48.232336Z  INFO extract_candidates:extract_css_variables: tailwindcss_oxide::scanner: exit
2026-02-01T19:41:48.233770Z  INFO extract_candidates: tailwindcss_oxide::scanner: exit
2026-02-01T19:41:48.237800Z  INFO get_files: tailwindcss_oxide::scanner: enter
2026-02-01T19:41:48.237868Z  INFO get_files:scan_sources: tailwindcss_oxide::scanner: enter
2026-02-01T19:41:48.239129Z  INFO get_files:scan_sources: tailwindcss_oxide::scanner: Discovering "/home/eldho/Documents/Betrora for coach/betrora-coach/src"
2026-02-01T19:41:48.239271Z  INFO get_files:scan_sources: tailwindcss_oxide::scanner: Discovering "/home/eldho/Documents/Betrora for coach/betrora-coach/src/lib"
2026-02-01T19:41:48.239448Z  INFO get_files:scan_sources: tailwindcss_oxide::scanner: Discovering "/home/eldho/Documents/Betrora for coach/betrora-coach/src/hooks"
2026-02-01T19:41:48.239706Z  INFO get_files:scan_sources: tailwindcss_oxide::scanner: Discovering "/home/eldho/Documents/Betrora for coach/betrora-coach/src/app"
2026-02-01T19:41:48.241222Z  INFO get_files:scan_sources: tailwindcss_oxide::scanner: Discovering "/home/eldho/Documents/Betrora for coach/betrora-coach/src/app/availability"
2026-02-01T19:41:48.241757Z  INFO get_files:scan_sources: tailwindcss_oxide::scanner: Discovering "/home/eldho/Documents/Betrora for coach/betrora-coach/src/app/availability/components"
2026-02-01T19:41:48.241968Z  INFO get_files:scan_sources: tailwindcss_oxide::scanner: Discovering "/home/eldho/Documents/Betrora for coach/betrora-coach/src/app/sessions"
2026-02-01T19:41:48.242091Z  INFO get_files:scan_sources: tailwindcss_oxide::scanner: Discovering "/home/eldho/Documents/Betrora for coach/betrora-coach/src/app/sessions/components"
2026-02-01T19:41:48.242205Z  INFO get_files:scan_sources: tailwindcss_oxide::scanner: Discovering "/home/eldho/Documents/Betrora for coach/betrora-coach/src/app/sessions/live"
2026-02-01T19:41:48.242342Z  INFO get_files:scan_sources: tailwindcss_oxide::scanner: Discovering "/home/eldho/Documents/Betrora for coach/betrora-coach/src/app/clients"
2026-02-01T19:41:48.242419Z  INFO get_files:scan_sources: tailwindcss_oxide::scanner: Discovering "/home/eldho/Documents/Betrora for coach/betrora-coach/src/app/clients/[userId]"
2026-02-01T19:41:48.242536Z  INFO get_files:scan_sources: tailwindcss_oxide::scanner: Discovering "/home/eldho/Documents/Betrora for coach/betrora-coach/src/app/reset-password"
2026-02-01T19:41:48.242631Z  INFO get_files:scan_sources: tailwindcss_oxide::scanner: Discovering "/home/eldho/Documents/Betrora for coach/betrora-coach/src/app/profile"
2026-02-01T19:41:48.242720Z  INFO get_files:scan_sources: tailwindcss_oxide::scanner: Discovering "/home/eldho/Documents/Betrora for coach/betrora-coach/src/app/dashboard"
2026-02-01T19:41:48.242809Z  INFO get_files:scan_sources: tailwindcss_oxide::scanner: Discovering "/home/eldho/Documents/Betrora for coach/betrora-coach/src/app/login"
2026-02-01T19:41:48.242916Z  INFO get_files:scan_sources: tailwindcss_oxide::scanner: Discovering "/home/eldho/Documents/Betrora for coach/betrora-coach/src/app/inbox"
2026-02-01T19:41:48.243003Z  INFO get_files:scan_sources: tailwindcss_oxide::scanner: Discovering "/home/eldho/Documents/Betrora for coach/betrora-coach/src/app/room"
2026-02-01T19:41:48.243081Z  INFO get_files:scan_sources: tailwindcss_oxide::scanner: Discovering "/home/eldho/Documents/Betrora for coach/betrora-coach/src/app/room/[sessionId]"
2026-02-01T19:41:48.243176Z  INFO get_files:scan_sources: tailwindcss_oxide::scanner: Discovering "/home/eldho/Documents/Betrora for coach/betrora-coach/src/app/room/[sessionId]/hooks"
2026-02-01T19:41:48.243267Z  INFO get_files:scan_sources: tailwindcss_oxide::scanner: Discovering "/home/eldho/Documents/Betrora for coach/betrora-coach/src/app/room/[sessionId]/components"
2026-02-01T19:41:48.243430Z  INFO get_files:scan_sources: tailwindcss_oxide::scanner: Discovering "/home/eldho/Documents/Betrora for coach/betrora-coach/src/app/api"
2026-02-01T19:41:48.243502Z  INFO get_files:scan_sources: tailwindcss_oxide::scanner: Discovering "/home/eldho/Documents/Betrora for coach/betrora-coach/src/app/api/ice-servers"
2026-02-01T19:41:48.243593Z  INFO get_files:scan_sources: tailwindcss_oxide::scanner: Discovering "/home/eldho/Documents/Betrora for coach/betrora-coach/src/app/api/coach-sessions"
2026-02-01T19:41:48.243685Z  INFO get_files:scan_sources: tailwindcss_oxide::scanner: Discovering "/home/eldho/Documents/Betrora for coach/betrora-coach/src/app/api/coach-availability"
2026-02-01T19:41:48.243791Z  INFO get_files:scan_sources: tailwindcss_oxide::scanner: Discovering "/home/eldho/Documents/Betrora for coach/betrora-coach/src/app/api/coach-notes"
2026-02-01T19:41:48.243879Z  INFO get_files:scan_sources: tailwindcss_oxide::scanner: Discovering "/home/eldho/Documents/Betrora for coach/betrora-coach/src/app/api/send-feedback-message"
2026-02-01T19:41:48.243982Z  INFO get_files:scan_sources: tailwindcss_oxide::scanner: Discovering "/home/eldho/Documents/Betrora for coach/betrora-coach/src/components"
2026-02-01T19:41:48.244512Z  INFO get_files:scan_sources: tailwindcss_oxide::scanner: Discovering "/home/eldho/Documents/Betrora for coach/betrora-coach/public"
2026-02-01T19:41:48.244859Z  INFO get_files:scan_sources: tailwindcss_oxide::scanner: exit
2026-02-01T19:41:48.245436Z  INFO get_files: tailwindcss_oxide::scanner: exit
2026-02-01T19:41:48.246103Z  INFO get_globs: tailwindcss_oxide::scanner: enter
2026-02-01T19:41:48.246140Z  INFO get_globs:scan_sources: tailwindcss_oxide::scanner: enter
2026-02-01T19:41:48.247234Z  INFO get_globs:scan_sources: tailwindcss_oxide::scanner: Discovering "/home/eldho/Documents/Betrora for coach/betrora-coach/src"
2026-02-01T19:41:48.247365Z  INFO get_globs:scan_sources: tailwindcss_oxide::scanner: Discovering "/home/eldho/Documents/Betrora for coach/betrora-coach/src/lib"
2026-02-01T19:41:48.247520Z  INFO get_globs:scan_sources: tailwindcss_oxide::scanner: Discovering "/home/eldho/Documents/Betrora for coach/betrora-coach/src/hooks"
2026-02-01T19:41:48.247656Z  INFO get_globs:scan_sources: tailwindcss_oxide::scanner: Discovering "/home/eldho/Documents/Betrora for coach/betrora-coach/src/app"
2026-02-01T19:41:48.247733Z  INFO get_globs:scan_sources: tailwindcss_oxide::scanner: Discovering "/home/eldho/Documents/Betrora for coach/betrora-coach/src/app/availability"
2026-02-01T19:41:48.247832Z  INFO get_globs:scan_sources: tailwindcss_oxide::scanner: Discovering "/home/eldho/Documents/Betrora for coach/betrora-coach/src/app/availability/components"
2026-02-01T19:41:48.247939Z  INFO get_globs:scan_sources: tailwindcss_oxide::scanner: Discovering "/home/eldho/Documents/Betrora for coach/betrora-coach/src/app/sessions"
2026-02-01T19:41:48.248025Z  INFO get_globs:scan_sources: tailwindcss_oxide::scanner: Discovering "/home/eldho/Documents/Betrora for coach/betrora-coach/src/app/sessions/components"
2026-02-01T19:41:48.248140Z  INFO get_globs:scan_sources: tailwindcss_oxide::scanner: Discovering "/home/eldho/Documents/Betrora for coach/betrora-coach/src/app/sessions/live"
2026-02-01T19:41:48.248271Z  INFO get_globs:scan_sources: tailwindcss_oxide::scanner: Discovering "/home/eldho/Documents/Betrora for coach/betrora-coach/src/app/clients"
2026-02-01T19:41:48.248342Z  INFO get_globs:scan_sources: tailwindcss_oxide::scanner: Discovering "/home/eldho/Documents/Betrora for coach/betrora-coach/src/app/clients/[userId]"
2026-02-01T19:41:48.248456Z  INFO get_globs:scan_sources: tailwindcss_oxide::scanner: Discovering "/home/eldho/Documents/Betrora for coach/betrora-coach/src/app/reset-password"
2026-02-01T19:41:48.248552Z  INFO get_globs:scan_sources: tailwindcss_oxide::scanner: Discovering "/home/eldho/Documents/Betrora for coach/betrora-coach/src/app/profile"
2026-02-01T19:41:48.248640Z  INFO get_globs:scan_sources: tailwindcss_oxide::scanner: Discovering "/home/eldho/Documents/Betrora for coach/betrora-coach/src/app/dashboard"
2026-02-01T19:41:48.248728Z  INFO get_globs:scan_sources: tailwindcss_oxide::scanner: Discovering "/home/eldho/Documents/Betrora for coach/betrora-coach/src/app/login"
2026-02-01T19:41:48.248836Z  INFO get_globs:scan_sources: tailwindcss_oxide::scanner: Discovering "/home/eldho/Documents/Betrora for coach/betrora-coach/src/app/inbox"
2026-02-01T19:41:48.248922Z  INFO get_globs:scan_sources: tailwindcss_oxide::scanner: Discovering "/home/eldho/Documents/Betrora for coach/betrora-coach/src/app/room"
2026-02-01T19:41:48.248990Z  INFO get_globs:scan_sources: tailwindcss_oxide::scanner: Discovering "/home/eldho/Documents/Betrora for coach/betrora-coach/src/app/room/[sessionId]"
2026-02-01T19:41:48.249092Z  INFO get_globs:scan_sources: tailwindcss_oxide::scanner: Discovering "/home/eldho/Documents/Betrora for coach/betrora-coach/src/app/room/[sessionId]/hooks"
2026-02-01T19:41:48.249182Z  INFO get_globs:scan_sources: tailwindcss_oxide::scanner: Discovering "/home/eldho/Documents/Betrora for coach/betrora-coach/src/app/room/[sessionId]/components"
2026-02-01T19:41:48.249342Z  INFO get_globs:scan_sources: tailwindcss_oxide::scanner: Discovering "/home/eldho/Documents/Betrora for coach/betrora-coach/src/app/api"
2026-02-01T19:41:48.249417Z  INFO get_globs:scan_sources: tailwindcss_oxide::scanner: Discovering "/home/eldho/Documents/Betrora for coach/betrora-coach/src/app/api/ice-servers"
2026-02-01T19:41:48.249506Z  INFO get_globs:scan_sources: tailwindcss_oxide::scanner: Discovering "/home/eldho/Documents/Betrora for coach/betrora-coach/src/app/api/coach-sessions"
2026-02-01T19:41:48.249596Z  INFO get_globs:scan_sources: tailwindcss_oxide::scanner: Discovering "/home/eldho/Documents/Betrora for coach/betrora-coach/src/app/api/coach-availability"
2026-02-01T19:41:48.249686Z  INFO get_globs:scan_sources: tailwindcss_oxide::scanner: Discovering "/home/eldho/Documents/Betrora for coach/betrora-coach/src/app/api/coach-notes"
2026-02-01T19:41:48.249773Z  INFO get_globs:scan_sources: tailwindcss_oxide::scanner: Discovering "/home/eldho/Documents/Betrora for coach/betrora-coach/src/app/api/send-feedback-message"
2026-02-01T19:41:48.249878Z  INFO get_globs:scan_sources: tailwindcss_oxide::scanner: Discovering "/home/eldho/Documents/Betrora for coach/betrora-coach/src/components"
2026-02-01T19:41:48.250404Z  INFO get_globs:scan_sources: tailwindcss_oxide::scanner: Discovering "/home/eldho/Documents/Betrora for coach/betrora-coach/public"
2026-02-01T19:41:48.250717Z  INFO get_globs:scan_sources: tailwindcss_oxide::scanner: exit
2026-02-01T19:41:48.254406Z  INFO get_globs: tailwindcss_oxide::scanner: exit
